Loading cineca-ai/4.3.0
  Loading requirement: cuda/12.1 nccl/2.19.1-1--gcc--12.2.0-cuda-12.1
    cudnn/8.9.7.29-12--gcc--12.2.0-cuda-12.1 gcc/12.2.0-binut2.41
    openmpi/4.1.6--gcc--12.2.0 bzip2/1.0.8-gp5wcz5 libmd/1.0.4-wja3f5q
    libbsd/0.11.7-cgxjopl expat/2.5.0-bptl3xw ncurses/6.4-asx3jea
    readline/8.2-nyw6mp6 gdbm/1.23-fs6otck libiconv/1.17-d7yvx2s
    xz/5.4.1-hubmwr5 zlib-ng/2.1.4-6htiapk libxml2/2.10.3-5eeeokp
    pigz/2.7-bopr5vp zstd/1.5.5-gawytfl tar/1.34-amqus5s gettext/0.22.3-2g7elif
    libffi/3.4.4-6r7brdq libxcrypt/4.4.35-ss2rzin sqlite/3.43.2
    util-linux-uuid/2.38.1-jkdi7kv python/3.11.6--gcc--8.5.0 cmake/3.27.7
    openjdk/11.0.20.1_1
launch with mpirun
[env] distributed vars: {'OMPI_COMM_WORLD_RANK': '0', 'OMPI_COMM_WORLD_LOCAL_RANK': '0', 'OMPI_COMM_WORLD_SIZE': '16', 'SLURM_PROCID': '0', 'SLURM_LOCALID': '0', 'SLURM_NPROCS': '16', 'SLURM_NTASKS_PER_NODE': '4'}
90205 files loaded.
[/leonardo_scratch/fast/IscrC_SAME-D/Medicanes_Data/from_gcloud/2023] Intervallo immagini: 2023-01-01 00:00:00 -> 2023-12-31 23:20:00
Intervalli Manos (clippati all'intervallo immagini):
  1) 2023-02-27 19:00:00 -> 2023-03-02 13:00:00 | immagini: 791 | tile: 9492
  2) 2023-09-05 04:00:00 -> 2023-09-10 02:00:00 | immagini: 1417 | tile: 17004
Totale immagini folder: 90205 | coperte da Manos (clippato): 2208
Totale tile (righe master_df): 1082460 | coperte da Manos (clippato): 26496
Intervalli contigui totali trovati: 27
1)  -> 2023-01-01 00:00:00 -> 2023-01-17 09:15:00
Sbilanciato, ma comunque tengo traccia dei positivi e negativi
Con cicloni: 0 	 ids: [0]
Senza cicloni: 4692

Creazione delle folder per i 4692 video...	
Salvati 0 file - Erano già presenti 75072 file - File totali 75072
4692 video per il periodo (effettivo) da 2023-01-01 00:45:00 a 2023-01-17 09:00:00

2)  -> 2023-01-20 08:30:00 -> 2023-02-06 09:05:00
Sbilanciato, ma comunque tengo traccia dei positivi e negativi
Con cicloni: 0 	 ids: [0]
Senza cicloni: 4872

Creazione delle folder per i 4872 video...	
Salvati 0 file - Erano già presenti 77952 file - File totali 77952
4872 video per il periodo (effettivo) da 2023-01-20 08:45:00 a 2023-02-06 09:00:00

3)  -> 2023-02-20 08:05:00 -> 2023-03-13 15:15:00
Sbilanciato, ma comunque tengo traccia dei positivi e negativi
Con cicloni: 69 	 ids: [0]
Senza cicloni: 6051

Creazione delle folder per i 6120 video...	
Salvati 0 file - Erano già presenti 97920 file - File totali 97920
6120 video per il periodo (effettivo) da 2023-02-20 08:45:00 a 2023-03-13 15:00:00

4)  -> 2023-03-28 07:35:00 -> 2023-04-22 23:55:00
Sbilanciato, ma comunque tengo traccia dei positivi e negativi
Con cicloni: 0 	 ids: [0]
Senza cicloni: 7368

Creazione delle folder per i 7368 video...	
Salvati 0 file - Erano già presenti 117888 file - File totali 117888
7368 video per il periodo (effettivo) da 2023-03-28 07:45:00 a 2023-04-22 23:00:00

5)  -> 2023-04-23 01:00:00 -> 2023-04-25 09:15:00
Sbilanciato, ma comunque tengo traccia dei positivi e negativi
Con cicloni: 0 	 ids: [0]
Senza cicloni: 660

Creazione delle folder per i 660 video...	
Salvati 0 file - Erano già presenti 10560 file - File totali 10560
660 video per il periodo (effettivo) da 2023-04-23 01:45:00 a 2023-04-25 09:00:00

6)  -> 2023-04-27 08:35:00 -> 2023-05-06 18:55:00
Sbilanciato, ma comunque tengo traccia dei positivi e negativi
Con cicloni: 0 	 ids: [0]
Senza cicloni: 2676

Creazione delle folder per i 2676 video...	
Salvati 0 file - Erano già presenti 42816 file - File totali 42816
2676 video per il periodo (effettivo) da 2023-04-27 08:45:00 a 2023-05-06 18:00:00

7)  -> 2023-05-06 20:45:00 -> 2023-05-06 23:55:00
Sbilanciato, ma comunque tengo traccia dei positivi e negativi
Con cicloni: 0 	 ids: [0]
Senza cicloni: 24

Creazione delle folder per i 24 video...	
Salvati 0 file - Erano già presenti 384 file - File totali 384
24 video per il periodo (effettivo) da 2023-05-06 20:45:00 a 2023-05-06 23:00:00

8)  -> 2023-05-07 01:00:00 -> 2023-05-20 23:55:00
Sbilanciato, ma comunque tengo traccia dei positivi e negativi
Con cicloni: 0 	 ids: [0]
Senza cicloni: 3948

Creazione delle folder per i 3948 video...	
Salvati 0 file - Erano già presenti 63168 file - File totali 63168
3948 video per il periodo (effettivo) da 2023-05-07 01:45:00 a 2023-05-20 23:00:00

9)  -> 2023-05-21 01:00:00 -> 2023-05-23 09:15:00
Sbilanciato, ma comunque tengo traccia dei positivi e negativi
Con cicloni: 0 	 ids: [0]
Senza cicloni: 636

Creazione delle folder per i 636 video...	
Salvati 0 file - Erano già presenti 10176 file - File totali 10176
636 video per il periodo (effettivo) da 2023-05-21 01:45:00 a 2023-05-23 09:00:00

10)  -> 2023-05-25 08:35:00 -> 2023-06-03 23:55:00
Sbilanciato, ma comunque tengo traccia dei positivi e negativi
Con cicloni: 0 	 ids: [0]
Senza cicloni: 2496

Creazione delle folder per i 2496 video...	
Salvati 0 file - Erano già presenti 39936 file - File totali 39936
2496 video per il periodo (effettivo) da 2023-05-25 08:45:00 a 2023-06-03 23:00:00

11)  -> 2023-06-04 01:00:00 -> 2023-06-17 23:55:00
Sbilanciato, ma comunque tengo traccia dei positivi e negativi
Con cicloni: 0 	 ids: [0]
Senza cicloni: 3876

Creazione delle folder per i 3876 video...	
Salvati 0 file - Erano già presenti 62016 file - File totali 62016
3876 video per il periodo (effettivo) da 2023-06-04 01:45:00 a 2023-06-17 23:00:00

12)  -> 2023-06-18 01:00:00 -> 2023-06-20 09:15:00
Sbilanciato, ma comunque tengo traccia dei positivi e negativi
Con cicloni: 0 	 ids: [0]
Senza cicloni: 612

Creazione delle folder per i 612 video...	
Salvati 0 file - Erano già presenti 9792 file - File totali 9792
612 video per il periodo (effettivo) da 2023-06-18 01:45:00 a 2023-06-20 09:00:00

13)  -> 2023-06-22 08:30:00 -> 2023-07-01 23:55:00
Sbilanciato, ma comunque tengo traccia dei positivi e negativi
Con cicloni: 0 	 ids: [0]
Senza cicloni: 2724

Creazione delle folder per i 2724 video...	
Salvati 0 file - Erano già presenti 43584 file - File totali 43584
2724 video per il periodo (effettivo) da 2023-06-22 08:45:00 a 2023-07-01 23:00:00

14)  -> 2023-07-02 01:00:00 -> 2023-07-15 23:55:00
Sbilanciato, ma comunque tengo traccia dei positivi e negativi
Con cicloni: 0 	 ids: [0]
Senza cicloni: 3864

Creazione delle folder per i 3864 video...	
Salvati 0 file - Erano già presenti 61824 file - File totali 61824
3864 video per il periodo (effettivo) da 2023-07-02 01:45:00 a 2023-07-15 23:00:00

15)  -> 2023-07-16 01:00:00 -> 2023-07-18 08:45:00
Sbilanciato, ma comunque tengo traccia dei positivi e negativi
Con cicloni: 0 	 ids: [0]
Senza cicloni: 648

Creazione delle folder per i 648 video...	
Salvati 0 file - Erano già presenti 10368 file - File totali 10368
648 video per il periodo (effettivo) da 2023-07-16 01:45:00 a 2023-07-18 08:00:00

16)  -> 2023-07-20 08:20:00 -> 2023-07-29 23:55:00
Sbilanciato, ma comunque tengo traccia dei positivi e negativi
Con cicloni: 0 	 ids: [0]
Senza cicloni: 2688

Creazione delle folder per i 2688 video...	
Salvati 0 file - Erano già presenti 43008 file - File totali 43008
2688 video per il periodo (effettivo) da 2023-07-20 09:35:00 a 2023-07-29 23:00:00

17)  -> 2023-07-30 01:05:00 -> 2023-08-12 23:55:00
Sbilanciato, ma comunque tengo traccia dei positivi e negativi
Con cicloni: 0 	 ids: [0]
Senza cicloni: 3900

Creazione delle folder per i 3900 video...	
Salvati 0 file - Erano già presenti 62400 file - File totali 62400
3900 video per il periodo (effettivo) da 2023-07-30 01:45:00 a 2023-08-12 23:00:00

18)  -> 2023-08-13 01:00:00 -> 2023-08-15 09:10:00
Sbilanciato, ma comunque tengo traccia dei positivi e negativi
Con cicloni: 0 	 ids: [0]
Senza cicloni: 660

Creazione delle folder per i 660 video...	
Salvati 0 file - Erano già presenti 10560 file - File totali 10560
660 video per il periodo (effettivo) da 2023-08-13 01:45:00 a 2023-08-15 09:00:00

19)  -> 2023-08-17 08:25:00 -> 2023-08-26 23:55:00
Sbilanciato, ma comunque tengo traccia dei positivi e negativi
Con cicloni: 0 	 ids: [0]
Senza cicloni: 2760

Creazione delle folder per i 2760 video...	
Salvati 0 file - Erano già presenti 44160 file - File totali 44160
2760 video per il periodo (effettivo) da 2023-08-17 08:45:00 a 2023-08-26 23:00:00

20)  -> 2023-08-27 01:00:00 -> 2023-09-12 09:15:00
Sbilanciato, ma comunque tengo traccia dei positivi e negativi
Con cicloni: 122 	 ids: [0]
Senza cicloni: 4570

Creazione delle folder per i 4692 video...	
Salvati 0 file - Erano già presenti 75072 file - File totali 75072
4692 video per il periodo (effettivo) da 2023-08-27 01:45:00 a 2023-09-12 09:00:00

21)  -> 2023-09-14 08:05:00 -> 2023-09-23 23:55:00
Sbilanciato, ma comunque tengo traccia dei positivi e negativi
Con cicloni: 0 	 ids: [0]
Senza cicloni: 2760

Creazione delle folder per i 2760 video...	
Salvati 0 file - Erano già presenti 44160 file - File totali 44160
2760 video per il periodo (effettivo) da 2023-09-14 08:45:00 a 2023-09-23 23:00:00

22)  -> 2023-09-24 01:00:00 -> 2023-10-07 23:55:00
Sbilanciato, ma comunque tengo traccia dei positivi e negativi
Con cicloni: 0 	 ids: [0]
Senza cicloni: 3984

Creazione delle folder per i 3984 video...	
Salvati 0 file - Erano già presenti 63744 file - File totali 63744
3984 video per il periodo (effettivo) da 2023-09-24 01:45:00 a 2023-10-07 23:00:00

23)  -> 2023-10-08 01:00:00 -> 2023-10-10 09:10:00
Sbilanciato, ma comunque tengo traccia dei positivi e negativi
Con cicloni: 0 	 ids: [0]
Senza cicloni: 660

Creazione delle folder per i 660 video...	
Salvati 0 file - Erano già presenti 10560 file - File totali 10560
660 video per il periodo (effettivo) da 2023-10-08 01:45:00 a 2023-10-10 09:00:00

24)  -> 2023-10-12 08:50:00 -> 2023-10-21 23:55:00
Sbilanciato, ma comunque tengo traccia dei positivi e negativi
Con cicloni: 0 	 ids: [0]
Senza cicloni: 2748

Creazione delle folder per i 2748 video...	
Salvati 0 file - Erano già presenti 43968 file - File totali 43968
2748 video per il periodo (effettivo) da 2023-10-12 09:45:00 a 2023-10-21 23:00:00

25)  -> 2023-10-22 01:00:00 -> 2023-11-07 09:15:00
Sbilanciato, ma comunque tengo traccia dei positivi e negativi
Con cicloni: 0 	 ids: [0]
Senza cicloni: 4692

Creazione delle folder per i 4692 video...	
Salvati 0 file - Erano già presenti 75072 file - File totali 75072
4692 video per il periodo (effettivo) da 2023-10-22 01:45:00 a 2023-11-07 09:00:00

26)  -> 2023-11-09 08:20:00 -> 2023-12-05 09:15:00
Sbilanciato, ma comunque tengo traccia dei positivi e negativi
Con cicloni: 0 	 ids: [0]
Senza cicloni: 7488

Creazione delle folder per i 7488 video...	
Salvati 0 file - Erano già presenti 119808 file - File totali 119808
7488 video per il periodo (effettivo) da 2023-11-09 08:45:00 a 2023-12-05 09:00:00

27)  -> 2023-12-07 08:40:00 -> 2023-12-31 23:20:00
Sbilanciato, ma comunque tengo traccia dei positivi e negativi
Con cicloni: 0 	 ids: [0]
Senza cicloni: 7068

Creazione delle folder per i 7068 video...	
Salvati 0 file - Erano già presenti 113088 file - File totali 113088
7068 video per il periodo (effettivo) da 2023-12-07 08:45:00 a 2023-12-31 23:00:00

Totale video tile creati: 89316
CSV dataset salvato in output/general_inference_set.csv (89316 righe)
Caricamento del checkpoint da: /leonardo_scratch/fast/IscrC_SAME-D/checkpoint-best-lr-again2.pth
Caricato state_dict con chiave: model
Checkpoint caricato con successo!
Getting dataset...
DATASET length: 89316
Creo il DistributedSampler con world_size 16 e rank 0
Sampler_train = <torch.utils.data.distributed.DistributedSampler object at 0x14abc7837350>
Batch_size local: 2
Val:  [   0/2792]  eta: 2:05:13  loss: 0.1631 (0.1631)  acc: 1.0000 (1.0000)  bal_acc: 0.5000 (0.5000)  pod: 0.0000 (0.0000)  far: 0.0000 (0.0000)  time: 2.6910 (2.6910 -- 2.6910)  data: 1.5116 (1.5116 -- 1.5116)  max mem: 11075
Val:  [  10/2792]  eta: 0:19:16  loss: 0.1572 (0.2264)  acc: 1.0000 (0.9545)  bal_acc: 0.5000 (0.4773)  pod: 0.0000 (0.0000)  far: 0.0000 (0.0909)  time: 0.4157 (0.1874 -- 2.6910)  data: 0.1375 (0.0001 -- 1.5116)  max mem: 11075
Val:  [  20/2792]  eta: 0:14:11  loss: 0.1567 (0.2375)  acc: 1.0000 (0.9524)  bal_acc: 0.5000 (0.4762)  pod: 0.0000 (0.0000)  far: 0.0000 (0.0952)  time: 0.1878 (0.1873 -- 0.1928)  data: 0.0001 (0.0001 -- 0.0002)  max mem: 11075
Val:  [  30/2792]  eta: 0:12:21  loss: 0.1567 (0.2116)  acc: 1.0000 (0.9677)  bal_acc: 0.5000 (0.4839)  pod: 0.0000 (0.0000)  far: 0.0000 (0.0645)  time: 0.1873 (0.1871 -- 0.1878)  data: 0.0001 (0.0001 -- 0.0001)  max mem: 11075
Val:  [  40/2792]  eta: 0:11:23  loss: 0.1567 (0.2211)  acc: 1.0000 (0.9634)  bal_acc: 0.5000 (0.4817)  pod: 0.0000 (0.0000)  far: 0.0000 (0.0732)  time: 0.1870 (0.1865 -- 0.1874)  data: 0.0001 (0.0001 -- 0.0002)  max mem: 11075
Val:  [  50/2792]  eta: 0:10:48  loss: 0.1567 (0.2084)  acc: 1.0000 (0.9706)  bal_acc: 0.5000 (0.4853)  pod: 0.0000 (0.0000)  far: 0.0000 (0.0588)  time: 0.1867 (0.1865 -- 0.1869)  data: 0.0001 (0.0001 -- 0.0002)  max mem: 11075
Val:  [  60/2792]  eta: 0:10:23  loss: 0.1567 (0.2279)  acc: 1.0000 (0.9590)  bal_acc: 0.5000 (0.4795)  pod: 0.0000 (0.0000)  far: 0.0000 (0.0820)  time: 0.1867 (0.1865 -- 0.1870)  data: 0.0001 (0.0001 -- 0.0002)  max mem: 11075
Val:  [  70/2792]  eta: 0:10:05  loss: 0.1572 (0.2184)  acc: 1.0000 (0.9648)  bal_acc: 0.5000 (0.4824)  pod: 0.0000 (0.0000)  far: 0.0000 (0.0704)  time: 0.1867 (0.1865 -- 0.1870)  data: 0.0001 (0.0001 -- 0.0002)  max mem: 11075
Val:  [  80/2792]  eta: 0:09:51  loss: 0.1558 (0.2266)  acc: 1.0000 (0.9568)  bal_acc: 0.5000 (0.4784)  pod: 0.0000 (0.0000)  far: 0.0000 (0.0741)  time: 0.1868 (0.1865 -- 0.1870)  data: 0.0001 (0.0001 -- 0.0001)  max mem: 11075
Val:  [  90/2792]  eta: 0:09:39  loss: 0.1572 (0.2468)  acc: 1.0000 (0.9451)  bal_acc: 0.5000 (0.4725)  pod: 0.0000 (0.0000)  far: 0.0000 (0.0989)  time: 0.1867 (0.1865 -- 0.1869)  data: 0.0001 (0.0001 -- 0.0002)  max mem: 11075
Val:  [ 100/2792]  eta: 0:09:30  loss: 0.1577 (0.2634)  acc: 1.0000 (0.9356)  bal_acc: 0.5000 (0.4678)  pod: 0.0000 (0.0000)  far: 0.0000 (0.1188)  time: 0.1867 (0.1866 -- 0.1868)  data: 0.0001 (0.0001 -- 0.0002)  max mem: 11075
Val:  [ 110/2792]  eta: 0:09:21  loss: 0.1572 (0.2656)  acc: 1.0000 (0.9324)  bal_acc: 0.5000 (0.4662)  pod: 0.0000 (0.0000)  far: 0.0000 (0.1261)  time: 0.1867 (0.1866 -- 0.1868)  data: 0.0001 (0.0001 -- 0.0001)  max mem: 11075
Val:  [ 120/2792]  eta: 0:09:14  loss: 0.1592 (0.2932)  acc: 1.0000 (0.9174)  bal_acc: 0.5000 (0.4587)  pod: 0.0000 (0.0000)  far: 0.0000 (0.1405)  time: 0.1866 (0.1865 -- 0.1868)  data: 0.0001 (0.0001 -- 0.0001)  max mem: 11075
Val:  [ 130/2792]  eta: 0:09:08  loss: 0.1597 (0.3098)  acc: 1.0000 (0.9084)  bal_acc: 0.5000 (0.4542)  pod: 0.0000 (0.0000)  far: 0.0000 (0.1527)  time: 0.1867 (0.1865 -- 0.1873)  data: 0.0001 (0.0001 -- 0.0001)  max mem: 11075
Val:  [ 140/2792]  eta: 0:09:02  loss: 0.1597 (0.3001)  acc: 1.0000 (0.9149)  bal_acc: 0.5000 (0.4574)  pod: 0.0000 (0.0000)  far: 0.0000 (0.1418)  time: 0.1867 (0.1865 -- 0.1873)  data: 0.0001 (0.0001 -- 0.0002)  max mem: 11075
Val:  [ 150/2792]  eta: 0:08:57  loss: 0.1597 (0.3261)  acc: 1.0000 (0.9007)  bal_acc: 0.5000 (0.4503)  pod: 0.0000 (0.0000)  far: 0.0000 (0.1589)  time: 0.1867 (0.1864 -- 0.1868)  data: 0.0001 (0.0001 -- 0.0002)  max mem: 11075
Val:  [ 160/2792]  eta: 0:08:52  loss: 0.1587 (0.3189)  acc: 1.0000 (0.9037)  bal_acc: 0.5000 (0.4519)  pod: 0.0000 (0.0000)  far: 0.0000 (0.1553)  time: 0.1868 (0.1864 -- 0.1871)  data: 0.0001 (0.0001 -- 0.0001)  max mem: 11075
Val:  [ 170/2792]  eta: 0:08:48  loss: 0.1587 (0.3224)  acc: 1.0000 (0.9006)  bal_acc: 0.5000 (0.4503)  pod: 0.0000 (0.0000)  far: 0.0000 (0.1637)  time: 0.1869 (0.1866 -- 0.1872)  data: 0.0001 (0.0001 -- 0.0002)  max mem: 11075
Val:  [ 180/2792]  eta: 0:08:44  loss: 0.1650 (0.3393)  acc: 1.0000 (0.8895)  bal_acc: 0.5000 (0.4448)  pod: 0.0000 (0.0000)  far: 0.0000 (0.1768)  time: 0.1868 (0.1866 -- 0.1872)  data: 0.0001 (0.0001 -- 0.0002)  max mem: 11075
Val:  [ 190/2792]  eta: 0:08:40  loss: 0.1738 (0.3503)  acc: 1.0000 (0.8796)  bal_acc: 0.5000 (0.4398)  pod: 0.0000 (0.0000)  far: 0.0000 (0.1937)  time: 0.1867 (0.1865 -- 0.1869)  data: 0.0001 (0.0001 -- 0.0001)  max mem: 11075
Val:  [ 200/2792]  eta: 0:08:36  loss: 0.1777 (0.3794)  acc: 0.5000 (0.8632)  bal_acc: 0.2500 (0.4316)  pod: 0.0000 (0.0000)  far: 0.0000 (0.2090)  time: 0.1866 (0.1865 -- 0.1868)  data: 0.0001 (0.0001 -- 0.0002)  max mem: 11075
Val:  [ 210/2792]  eta: 0:08:33  loss: 0.1777 (0.3902)  acc: 0.5000 (0.8555)  bal_acc: 0.2500 (0.4277)  pod: 0.0000 (0.0000)  far: 0.0000 (0.2227)  time: 0.1866 (0.1865 -- 0.1867)  data: 0.0001 (0.0001 -- 0.0002)  max mem: 11075
Val:  [ 220/2792]  eta: 0:08:29  loss: 0.1812 (0.3928)  acc: 1.0000 (0.8529)  bal_acc: 0.5000 (0.4265)  pod: 0.0000 (0.0000)  far: 0.0000 (0.2262)  time: 0.1866 (0.1864 -- 0.1867)  data: 0.0001 (0.0001 -- 0.0002)  max mem: 11075
Val:  [ 230/2792]  eta: 0:08:26  loss: 0.5396 (0.4254)  acc: 0.5000 (0.8333)  bal_acc: 0.2500 (0.4167)  pod: 0.0000 (0.0000)  far: 1.0000 (0.2511)  time: 0.1866 (0.1864 -- 0.1869)  data: 0.0001 (0.0001 -- 0.0001)  max mem: 11075
Val:  [ 240/2792]  eta: 0:08:23  loss: 0.8970 (0.4358)  acc: 0.5000 (0.8257)  bal_acc: 0.2500 (0.4129)  pod: 0.0000 (0.0000)  far: 1.0000 (0.2656)  time: 0.1866 (0.1865 -- 0.1869)  data: 0.0001 (0.0001 -- 0.0001)  max mem: 11075
Val:  [ 250/2792]  eta: 0:08:20  loss: 0.2046 (0.4381)  acc: 0.5000 (0.8247)  bal_acc: 0.2500 (0.4124)  pod: 0.0000 (0.0000)  far: 0.0000 (0.2709)  time: 0.1866 (0.1865 -- 0.1867)  data: 0.0001 (0.0001 -- 0.0002)  max mem: 11075
Val:  [ 260/2792]  eta: 0:08:17  loss: 0.9561 (0.4683)  acc: 0.5000 (0.8065)  bal_acc: 0.2500 (0.4033)  pod: 0.0000 (0.0000)  far: 1.0000 (0.2950)  time: 0.1866 (0.1865 -- 0.1870)  data: 0.0001 (0.0001 -- 0.0002)  max mem: 11075
Val:  [ 270/2792]  eta: 0:08:14  loss: 0.8838 (0.4699)  acc: 0.5000 (0.8063)  bal_acc: 0.2500 (0.4031)  pod: 0.0000 (0.0000)  far: 1.0000 (0.2952)  time: 0.1869 (0.1865 -- 0.1873)  data: 0.0001 (0.0001 -- 0.0001)  max mem: 11075
Val:  [ 280/2792]  eta: 0:08:11  loss: 0.1816 (0.4727)  acc: 1.0000 (0.8043)  bal_acc: 0.5000 (0.4021)  pod: 0.0000 (0.0000)  far: 0.0000 (0.2989)  time: 0.1869 (0.1867 -- 0.1873)  data: 0.0001 (0.0001 -- 0.0002)  max mem: 11075
Val:  [ 290/2792]  eta: 0:08:08  loss: 0.1841 (0.4889)  acc: 1.0000 (0.7955)  bal_acc: 0.5000 (0.3978)  pod: 0.0000 (0.0000)  far: 0.0000 (0.3058)  time: 0.1868 (0.1866 -- 0.1870)  data: 0.0001 (0.0001 -- 0.0002)  max mem: 11075
Val:  [ 300/2792]  eta: 0:08:06  loss: 1.0200 (0.5073)  acc: 0.5000 (0.7824)  bal_acc: 0.2500 (0.3912)  pod: 0.0000 (0.0000)  far: 1.0000 (0.3256)  time: 0.1867 (0.1866 -- 0.1869)  data: 0.0001 (0.0001 -- 0.0002)  max mem: 11075
Val:  [ 310/2792]  eta: 0:08:03  loss: 0.9312 (0.5091)  acc: 0.5000 (0.7814)  bal_acc: 0.2500 (0.3907)  pod: 0.0000 (0.0000)  far: 1.0000 (0.3312)  time: 0.1868 (0.1866 -- 0.1874)  data: 0.0001 (0.0001 -- 0.0002)  max mem: 11075
Val:  [ 320/2792]  eta: 0:08:01  loss: 0.1660 (0.5061)  acc: 1.0000 (0.7835)  bal_acc: 0.5000 (0.3917)  pod: 0.0000 (0.0000)  far: 0.0000 (0.3302)  time: 0.1869 (0.1867 -- 0.1874)  data: 0.0001 (0.0001 -- 0.0002)  max mem: 11075
Val:  [ 330/2792]  eta: 0:07:58  loss: 0.1572 (0.4973)  acc: 1.0000 (0.7885)  bal_acc: 0.5000 (0.3943)  pod: 0.0000 (0.0000)  far: 0.0000 (0.3233)  time: 0.1869 (0.1867 -- 0.1873)  data: 0.0001 (0.0001 -- 0.0002)  max mem: 11075
Val:  [ 340/2792]  eta: 0:07:56  loss: 0.1572 (0.4966)  acc: 1.0000 (0.7889)  bal_acc: 0.5000 (0.3974)  pod: 0.0000 (0.0059)  far: 0.0000 (0.3226)  time: 0.1869 (0.1867 -- 0.1873)  data: 0.0001 (0.0001 -- 0.0002)  max mem: 11075
Val:  [ 350/2792]  eta: 0:07:53  loss: 0.1597 (0.4870)  acc: 1.0000 (0.7949)  bal_acc: 0.5000 (0.4003)  pod: 0.0000 (0.0057)  far: 0.0000 (0.3134)  time: 0.1870 (0.1867 -- 0.1874)  data: 0.0001 (0.0001 -- 0.0001)  max mem: 11075
Val:  [ 360/2792]  eta: 0:07:51  loss: 0.1577 (0.4818)  acc: 1.0000 (0.7978)  bal_acc: 0.5000 (0.4017)  pod: 0.0000 (0.0055)  far: 0.0000 (0.3075)  time: 0.1871 (0.1868 -- 0.1875)  data: 0.0001 (0.0001 -- 0.0002)  max mem: 11075
Val:  [ 370/2792]  eta: 0:07:48  loss: 0.1577 (0.4811)  acc: 1.0000 (0.7978)  bal_acc: 0.5000 (0.4023)  pod: 0.0000 (0.0108)  far: 0.0000 (0.3059)  time: 0.1870 (0.1868 -- 0.1875)  data: 0.0001 (0.0001 -- 0.0002)  max mem: 11075
Val:  [ 380/2792]  eta: 0:07:46  loss: 0.1577 (0.4748)  acc: 1.0000 (0.8018)  bal_acc: 0.5000 (0.4042)  pod: 0.0000 (0.0105)  far: 0.0000 (0.3005)  time: 0.1869 (0.1866 -- 0.1871)  data: 0.0001 (0.0001 -- 0.0001)  max mem: 11075
Val:  [ 390/2792]  eta: 0:07:44  loss: 0.1587 (0.4720)  acc: 1.0000 (0.8031)  bal_acc: 0.5000 (0.4047)  pod: 0.0000 (0.0102)  far: 0.0000 (0.3005)  time: 0.1868 (0.1866 -- 0.1871)  data: 0.0001 (0.0001 -- 0.0002)  max mem: 11075
Val:  [ 400/2792]  eta: 0:07:41  loss: 0.1592 (0.4700)  acc: 1.0000 (0.8042)  bal_acc: 0.5000 (0.4052)  pod: 0.0000 (0.0100)  far: 0.0000 (0.2980)  time: 0.1869 (0.1866 -- 0.1876)  data: 0.0001 (0.0001 -- 0.0002)  max mem: 11075
Val:  [ 410/2792]  eta: 0:07:39  loss: 0.1636 (0.4774)  acc: 1.0000 (0.8005)  bal_acc: 0.5000 (0.4033)  pod: 0.0000 (0.0097)  far: 0.0000 (0.3054)  time: 0.1868 (0.1866 -- 0.1876)  data: 0.0001 (0.0001 -- 0.0002)  max mem: 11075
Val:  [ 420/2792]  eta: 0:07:37  loss: 0.6816 (0.4780)  acc: 0.5000 (0.7993)  bal_acc: 0.2500 (0.4026)  pod: 0.0000 (0.0095)  far: 1.0000 (0.3100)  time: 0.1867 (0.1864 -- 0.1872)  data: 0.0001 (0.0001 -- 0.0002)  max mem: 11075
Val:  [ 430/2792]  eta: 0:07:35  loss: 0.1592 (0.4726)  acc: 1.0000 (0.8028)  bal_acc: 0.5000 (0.4043)  pod: 0.0000 (0.0093)  far: 0.0000 (0.3051)  time: 0.1868 (0.1864 -- 0.1873)  data: 0.0001 (0.0001 -- 0.0002)  max mem: 11075
Val:  [ 440/2792]  eta: 0:07:32  loss: 0.1621 (0.4703)  acc: 1.0000 (0.8050)  bal_acc: 0.5000 (0.4053)  pod: 0.0000 (0.0091)  far: 0.0000 (0.3027)  time: 0.1868 (0.1865 -- 0.1873)  data: 0.0001 (0.0001 -- 0.0002)  max mem: 11075
Val:  [ 450/2792]  eta: 0:07:30  loss: 0.1621 (0.4693)  acc: 1.0000 (0.8060)  bal_acc: 0.5000 (0.4058)  pod: 0.0000 (0.0089)  far: 0.0000 (0.3027)  time: 0.1869 (0.1866 -- 0.1873)  data: 0.0001 (0.0001 -- 0.0002)  max mem: 11075
Val:  [ 460/2792]  eta: 0:07:28  loss: 0.1631 (0.4726)  acc: 1.0000 (0.8037)  bal_acc: 0.5000 (0.4046)  pod: 0.0000 (0.0087)  far: 0.0000 (0.3091)  time: 0.1870 (0.1866 -- 0.1877)  data: 0.0001 (0.0001 -- 0.0001)  max mem: 11075
Val:  [ 470/2792]  eta: 0:07:26  loss: 0.1987 (0.4731)  acc: 1.0000 (0.8036)  bal_acc: 0.5000 (0.4045)  pod: 0.0000 (0.0085)  far: 0.0000 (0.3089)  time: 0.1869 (0.1866 -- 0.1877)  data: 0.0001 (0.0001 -- 0.0002)  max mem: 11075
Val:  [ 480/2792]  eta: 0:07:23  loss: 0.1602 (0.4717)  acc: 1.0000 (0.8046)  bal_acc: 0.5000 (0.4049)  pod: 0.0000 (0.0083)  far: 0.0000 (0.3087)  time: 0.1867 (0.1865 -- 0.1871)  data: 0.0001 (0.0001 -- 0.0002)  max mem: 11075
Val:  [ 490/2792]  eta: 0:07:21  loss: 0.1577 (0.4726)  acc: 1.0000 (0.8035)  bal_acc: 0.5000 (0.4043)  pod: 0.0000 (0.0081)  far: 0.0000 (0.3126)  time: 0.1867 (0.1864 -- 0.1871)  data: 0.0001 (0.0001 -- 0.0001)  max mem: 11075
Val:  [ 500/2792]  eta: 0:07:19  loss: 0.1577 (0.4678)  acc: 1.0000 (0.8064)  bal_acc: 0.5000 (0.4057)  pod: 0.0000 (0.0080)  far: 0.0000 (0.3084)  time: 0.1866 (0.1864 -- 0.1870)  data: 0.0001 (0.0001 -- 0.0001)  max mem: 11075
Val:  [ 510/2792]  eta: 0:07:17  loss: 0.1567 (0.4634)  acc: 1.0000 (0.8092)  bal_acc: 0.5000 (0.4070)  pod: 0.0000 (0.0078)  far: 0.0000 (0.3043)  time: 0.1866 (0.1865 -- 0.1870)  data: 0.0001 (0.0001 -- 0.0001)  max mem: 11075
Val:  [ 520/2792]  eta: 0:07:15  loss: 0.1567 (0.4591)  acc: 1.0000 (0.8119)  bal_acc: 0.5000 (0.4083)  pod: 0.0000 (0.0077)  far: 0.0000 (0.3004)  time: 0.1867 (0.1865 -- 0.1872)  data: 0.0001 (0.0001 -- 0.0002)  max mem: 11075
Val:  [ 530/2792]  eta: 0:07:13  loss: 0.1572 (0.4535)  acc: 1.0000 (0.8154)  bal_acc: 0.5000 (0.4101)  pod: 0.0000 (0.0075)  far: 0.0000 (0.2947)  time: 0.1867 (0.1864 -- 0.1872)  data: 0.0001 (0.0001 -- 0.0002)  max mem: 11075
Val:  [ 540/2792]  eta: 0:07:11  loss: 0.1572 (0.4512)  acc: 1.0000 (0.8170)  bal_acc: 0.5000 (0.4108)  pod: 0.0000 (0.0074)  far: 0.0000 (0.2930)  time: 0.1867 (0.1864 -- 0.1872)  data: 0.0001 (0.0001 -- 0.0001)  max mem: 11075
Val:  [ 550/2792]  eta: 0:07:09  loss: 0.1572 (0.4493)  acc: 1.0000 (0.8185)  bal_acc: 0.5000 (0.4115)  pod: 0.0000 (0.0073)  far: 0.0000 (0.2913)  time: 0.1867 (0.1865 -- 0.1872)  data: 0.0001 (0.0001 -- 0.0002)  max mem: 11075
Val:  [ 560/2792]  eta: 0:07:06  loss: 0.1567 (0.4459)  acc: 1.0000 (0.8209)  bal_acc: 0.5000 (0.4127)  pod: 0.0000 (0.0071)  far: 0.0000 (0.2879)  time: 0.1868 (0.1865 -- 0.1872)  data: 0.0001 (0.0001 -- 0.0002)  max mem: 11075
Val:  [ 570/2792]  eta: 0:07:04  loss: 0.1582 (0.4466)  acc: 1.0000 (0.8205)  bal_acc: 0.5000 (0.4124)  pod: 0.0000 (0.0070)  far: 0.0000 (0.2898)  time: 0.1868 (0.1865 -- 0.1872)  data: 0.0001 (0.0001 -- 0.0001)  max mem: 11075
Val:  [ 580/2792]  eta: 0:07:02  loss: 0.1646 (0.4483)  acc: 1.0000 (0.8193)  bal_acc: 0.5000 (0.4118)  pod: 0.0000 (0.0069)  far: 0.0000 (0.2900)  time: 0.1867 (0.1865 -- 0.1871)  data: 0.0001 (0.0001 -- 0.0002)  max mem: 11075
Val:  [ 590/2792]  eta: 0:07:00  loss: 0.1646 (0.4495)  acc: 1.0000 (0.8181)  bal_acc: 0.5000 (0.4112)  pod: 0.0000 (0.0068)  far: 0.0000 (0.2902)  time: 0.1867 (0.1865 -- 0.1873)  data: 0.0001 (0.0001 -- 0.0002)  max mem: 11075
Val:  [ 600/2792]  eta: 0:06:58  loss: 0.1582 (0.4462)  acc: 1.0000 (0.8203)  bal_acc: 0.5000 (0.4122)  pod: 0.0000 (0.0067)  far: 0.0000 (0.2870)  time: 0.1868 (0.1865 -- 0.1873)  data: 0.0001 (0.0001 -- 0.0002)  max mem: 11075
Val:  [ 610/2792]  eta: 0:06:56  loss: 0.1592 (0.4498)  acc: 1.0000 (0.8175)  bal_acc: 0.5000 (0.4108)  pod: 0.0000 (0.0065)  far: 0.0000 (0.2889)  time: 0.1869 (0.1865 -- 0.1872)  data: 0.0001 (0.0001 -- 0.0002)  max mem: 11075
Val:  [ 620/2792]  eta: 0:06:54  loss: 0.2017 (0.4568)  acc: 1.0000 (0.8140)  bal_acc: 0.5000 (0.4090)  pod: 0.0000 (0.0064)  far: 0.0000 (0.2923)  time: 0.1868 (0.1865 -- 0.1872)  data: 0.0001 (0.0001 -- 0.0001)  max mem: 11075
Val:  [ 630/2792]  eta: 0:06:52  loss: 0.1680 (0.4547)  acc: 1.0000 (0.8154)  bal_acc: 0.5000 (0.4097)  pod: 0.0000 (0.0063)  far: 0.0000 (0.2908)  time: 0.1868 (0.1865 -- 0.1872)  data: 0.0001 (0.0001 -- 0.0002)  max mem: 11075
Val:  [ 640/2792]  eta: 0:06:50  loss: 0.1582 (0.4518)  acc: 1.0000 (0.8167)  bal_acc: 0.5000 (0.4103)  pod: 0.0000 (0.0062)  far: 0.0000 (0.2878)  time: 0.1868 (0.1865 -- 0.1870)  data: 0.0001 (0.0001 -- 0.0002)  max mem: 11075
Val:  [ 650/2792]  eta: 0:06:48  loss: 0.1626 (0.4587)  acc: 1.0000 (0.8126)  bal_acc: 0.5000 (0.4082)  pod: 0.0000 (0.0061)  far: 0.0000 (0.2926)  time: 0.1869 (0.1865 -- 0.1872)  data: 0.0001 (0.0001 -- 0.0001)  max mem: 11075
Val:  [ 660/2792]  eta: 0:06:46  loss: 0.9888 (0.4686)  acc: 0.5000 (0.8071)  bal_acc: 0.2500 (0.4054)  pod: 0.0000 (0.0061)  far: 1.0000 (0.3003)  time: 0.1869 (0.1863 -- 0.1872)  data: 0.0001 (0.0001 -- 0.0002)  max mem: 11075
Val:  [ 670/2792]  eta: 0:06:44  loss: 0.9351 (0.4689)  acc: 0.5000 (0.8070)  bal_acc: 0.2500 (0.4054)  pod: 0.0000 (0.0060)  far: 1.0000 (0.3003)  time: 0.1869 (0.1863 -- 0.1873)  data: 0.0001 (0.0001 -- 0.0002)  max mem: 11075
Val:  [ 680/2792]  eta: 0:06:42  loss: 0.1626 (0.4664)  acc: 1.0000 (0.8084)  bal_acc: 0.5000 (0.4060)  pod: 0.0000 (0.0059)  far: 0.0000 (0.2988)  time: 0.1869 (0.1866 -- 0.1873)  data: 0.0001 (0.0001 -- 0.0002)  max mem: 11075
Val:  [ 690/2792]  eta: 0:06:40  loss: 0.4331 (0.4769)  acc: 0.5000 (0.8017)  bal_acc: 0.2500 (0.4027)  pod: 0.0000 (0.0058)  far: 1.0000 (0.3075)  time: 0.1870 (0.1868 -- 0.1873)  data: 0.0001 (0.0001 -- 0.0002)  max mem: 11075
Val:  [ 700/2792]  eta: 0:06:38  loss: 1.0415 (0.4855)  acc: 0.5000 (0.7967)  bal_acc: 0.2500 (0.4001)  pod: 0.0000 (0.0057)  far: 1.0000 (0.3117)  time: 0.1870 (0.1865 -- 0.1873)  data: 0.0001 (0.0001 -- 0.0001)  max mem: 11075
Val:  [ 710/2792]  eta: 0:06:36  loss: 0.1621 (0.4834)  acc: 1.0000 (0.7982)  bal_acc: 0.5000 (0.4008)  pod: 0.0000 (0.0056)  far: 0.0000 (0.3101)  time: 0.1869 (0.1865 -- 0.1872)  data: 0.0001 (0.0001 -- 0.0002)  max mem: 11075
Val:  [ 720/2792]  eta: 0:06:34  loss: 0.1597 (0.4880)  acc: 1.0000 (0.7954)  bal_acc: 0.5000 (0.3994)  pod: 0.0000 (0.0055)  far: 0.0000 (0.3128)  time: 0.1869 (0.1865 -- 0.1874)  data: 0.0001 (0.0001 -- 0.0002)  max mem: 11075
Val:  [ 730/2792]  eta: 0:06:32  loss: 0.1577 (0.4836)  acc: 1.0000 (0.7982)  bal_acc: 0.5000 (0.4008)  pod: 0.0000 (0.0055)  far: 0.0000 (0.3085)  time: 0.1870 (0.1865 -- 0.1875)  data: 0.0001 (0.0001 -- 0.0001)  max mem: 11075
Val:  [ 740/2792]  eta: 0:06:30  loss: 0.1577 (0.4828)  acc: 1.0000 (0.7989)  bal_acc: 0.5000 (0.4011)  pod: 0.0000 (0.0054)  far: 0.0000 (0.3070)  time: 0.1871 (0.1866 -- 0.1875)  data: 0.0001 (0.0001 -- 0.0002)  max mem: 11075
Val:  [ 750/2792]  eta: 0:06:28  loss: 0.1636 (0.4820)  acc: 1.0000 (0.7996)  bal_acc: 0.5000 (0.4015)  pod: 0.0000 (0.0053)  far: 0.0000 (0.3069)  time: 0.1870 (0.1865 -- 0.1874)  data: 0.0001 (0.0001 -- 0.0002)  max mem: 11075
Val:  [ 760/2792]  eta: 0:06:26  loss: 0.1582 (0.4791)  acc: 1.0000 (0.8016)  bal_acc: 0.5000 (0.4024)  pod: 0.0000 (0.0053)  far: 0.0000 (0.3042)  time: 0.1871 (0.1865 -- 0.1875)  data: 0.0001 (0.0001 -- 0.0002)  max mem: 11075
Val:  [ 770/2792]  eta: 0:06:24  loss: 0.1567 (0.4757)  acc: 1.0000 (0.8035)  bal_acc: 0.5000 (0.4034)  pod: 0.0000 (0.0052)  far: 0.0000 (0.3016)  time: 0.1871 (0.1866 -- 0.1878)  data: 0.0001 (0.0001 -- 0.0001)  max mem: 11075
Val:  [ 780/2792]  eta: 0:06:22  loss: 0.1567 (0.4753)  acc: 1.0000 (0.8035)  bal_acc: 0.5000 (0.4033)  pod: 0.0000 (0.0051)  far: 0.0000 (0.3015)  time: 0.1869 (0.1864 -- 0.1878)  data: 0.0001 (0.0001 -- 0.0001)  max mem: 11075
Val:  [ 790/2792]  eta: 0:06:20  loss: 0.1685 (0.4766)  acc: 1.0000 (0.8028)  bal_acc: 0.5000 (0.4030)  pod: 0.0000 (0.0051)  far: 0.0000 (0.3028)  time: 0.1868 (0.1864 -- 0.1871)  data: 0.0001 (0.0001 -- 0.0002)  max mem: 11075
Val:  [ 800/2792]  eta: 0:06:18  loss: 0.1685 (0.4784)  acc: 1.0000 (0.8015)  bal_acc: 0.5000 (0.4023)  pod: 0.0000 (0.0050)  far: 0.0000 (0.3052)  time: 0.1868 (0.1864 -- 0.1871)  data: 0.0001 (0.0001 -- 0.0002)  max mem: 11075
Val:  [ 810/2792]  eta: 0:06:16  loss: 0.1699 (0.4808)  acc: 1.0000 (0.8002)  bal_acc: 0.5000 (0.4017)  pod: 0.0000 (0.0049)  far: 0.0000 (0.3064)  time: 0.1867 (0.1865 -- 0.1871)  data: 0.0001 (0.0001 -- 0.0001)  max mem: 11075
Val:  [ 820/2792]  eta: 0:06:14  loss: 0.2188 (0.4864)  acc: 0.5000 (0.7972)  bal_acc: 0.2500 (0.4001)  pod: 0.0000 (0.0049)  far: 0.0000 (0.3100)  time: 0.1867 (0.1865 -- 0.1871)  data: 0.0001 (0.0001 -- 0.0002)  max mem: 11075
Val:  [ 830/2792]  eta: 0:06:12  loss: 0.1592 (0.4855)  acc: 1.0000 (0.7978)  bal_acc: 0.5000 (0.4004)  pod: 0.0000 (0.0048)  far: 0.0000 (0.3087)  time: 0.1867 (0.1864 -- 0.1871)  data: 0.0001 (0.0001 -- 0.0002)  max mem: 11075
Val:  [ 840/2792]  eta: 0:06:10  loss: 0.1582 (0.4830)  acc: 1.0000 (0.7996)  bal_acc: 0.5000 (0.4013)  pod: 0.0000 (0.0048)  far: 0.0000 (0.3062)  time: 0.1867 (0.1864 -- 0.1871)  data: 0.0001 (0.0001 -- 0.0001)  max mem: 11075
Val:  [ 850/2792]  eta: 0:06:08  loss: 0.1611 (0.4852)  acc: 1.0000 (0.7985)  bal_acc: 0.5000 (0.4007)  pod: 0.0000 (0.0047)  far: 0.0000 (0.3073)  time: 0.1868 (0.1865 -- 0.1871)  data: 0.0001 (0.0001 -- 0.0002)  max mem: 11075
Val:  [ 860/2792]  eta: 0:06:06  loss: 0.2563 (0.4881)  acc: 1.0000 (0.7967)  bal_acc: 0.5000 (0.3998)  pod: 0.0000 (0.0046)  far: 0.0000 (0.3095)  time: 0.1868 (0.1865 -- 0.1871)  data: 0.0001 (0.0001 -- 0.0002)  max mem: 11075
Val:  [ 870/2792]  eta: 0:06:04  loss: 0.6567 (0.4932)  acc: 0.5000 (0.7933)  bal_acc: 0.2500 (0.3981)  pod: 0.0000 (0.0046)  far: 1.0000 (0.3129)  time: 0.1869 (0.1865 -- 0.1871)  data: 0.0001 (0.0001 -- 0.0002)  max mem: 11075
Val:  [ 880/2792]  eta: 0:06:02  loss: 1.0112 (0.5001)  acc: 0.5000 (0.7894)  bal_acc: 0.2500 (0.3961)  pod: 0.0000 (0.0045)  far: 1.0000 (0.3173)  time: 0.1869 (0.1864 -- 0.1872)  data: 0.0001 (0.0001 -- 0.0002)  max mem: 11075
Val:  [ 890/2792]  eta: 0:06:00  loss: 1.0283 (0.5043)  acc: 0.5000 (0.7868)  bal_acc: 0.2500 (0.3948)  pod: 0.0000 (0.0045)  far: 1.0000 (0.3215)  time: 0.1869 (0.1864 -- 0.1872)  data: 0.0001 (0.0001 -- 0.0001)  max mem: 11075
Val:  [ 900/2792]  eta: 0:05:58  loss: 0.7563 (0.5095)  acc: 0.5000 (0.7836)  bal_acc: 0.2500 (0.3932)  pod: 0.0000 (0.0044)  far: 1.0000 (0.3246)  time: 0.1868 (0.1865 -- 0.1872)  data: 0.0001 (0.0001 -- 0.0002)  max mem: 11075
Val:  [ 910/2792]  eta: 0:05:56  loss: 0.2559 (0.5096)  acc: 0.5000 (0.7832)  bal_acc: 0.2500 (0.3930)  pod: 0.0000 (0.0044)  far: 0.0000 (0.3255)  time: 0.1868 (0.1865 -- 0.1872)  data: 0.0001 (0.0001 -- 0.0002)  max mem: 11075
Val:  [ 920/2792]  eta: 0:05:54  loss: 0.1636 (0.5091)  acc: 1.0000 (0.7839)  bal_acc: 0.5000 (0.3933)  pod: 0.0000 (0.0043)  far: 0.0000 (0.3252)  time: 0.1869 (0.1865 -- 0.1871)  data: 0.0001 (0.0001 -- 0.0001)  max mem: 11075
Val:  [ 930/2792]  eta: 0:05:52  loss: 0.1641 (0.5131)  acc: 1.0000 (0.7814)  bal_acc: 0.5000 (0.3921)  pod: 0.0000 (0.0043)  far: 0.0000 (0.3271)  time: 0.1870 (0.1867 -- 0.1872)  data: 0.0001 (0.0001 -- 0.0002)  max mem: 11075
Val:  [ 940/2792]  eta: 0:05:50  loss: 0.1919 (0.5135)  acc: 0.5000 (0.7811)  bal_acc: 0.2500 (0.3919)  pod: 0.0000 (0.0043)  far: 0.0000 (0.3289)  time: 0.1871 (0.1867 -- 0.1877)  data: 0.0001 (0.0001 -- 0.0002)  max mem: 11075
Val:  [ 950/2792]  eta: 0:05:49  loss: 0.1689 (0.5148)  acc: 1.0000 (0.7802)  bal_acc: 0.5000 (0.3914)  pod: 0.0000 (0.0042)  far: 0.0000 (0.3297)  time: 0.1872 (0.1867 -- 0.1877)  data: 0.0001 (0.0001 -- 0.0002)  max mem: 11075
Val:  [ 960/2792]  eta: 0:05:47  loss: 0.2837 (0.5180)  acc: 0.5000 (0.7784)  bal_acc: 0.2500 (0.3905)  pod: 0.0000 (0.0042)  far: 0.0000 (0.3325)  time: 0.1868 (0.1864 -- 0.1874)  data: 0.0001 (0.0001 -- 0.0002)  max mem: 11075
Val:  [ 970/2792]  eta: 0:05:45  loss: 0.9697 (0.5211)  acc: 0.5000 (0.7765)  bal_acc: 0.2500 (0.3895)  pod: 0.0000 (0.0041)  far: 1.0000 (0.3363)  time: 0.1866 (0.1864 -- 0.1871)  data: 0.0001 (0.0001 -- 0.0001)  max mem: 11075
Val:  [ 980/2792]  eta: 0:05:43  loss: 0.9697 (0.5219)  acc: 0.5000 (0.7762)  bal_acc: 0.2500 (0.3894)  pod: 0.0000 (0.0041)  far: 1.0000 (0.3379)  time: 0.1866 (0.1864 -- 0.1871)  data: 0.0001 (0.0001 -- 0.0002)  max mem: 11075
Val:  [ 990/2792]  eta: 0:05:41  loss: 0.1626 (0.5208)  acc: 1.0000 (0.7770)  bal_acc: 0.5000 (0.3898)  pod: 0.0000 (0.0040)  far: 0.0000 (0.3375)  time: 0.1867 (0.1864 -- 0.1870)  data: 0.0001 (0.0001 -- 0.0002)  max mem: 11075
Val:  [1000/2792]  eta: 0:05:39  loss: 0.1626 (0.5197)  acc: 1.0000 (0.7777)  bal_acc: 0.5000 (0.3901)  pod: 0.0000 (0.0040)  far: 0.0000 (0.3372)  time: 0.1868 (0.1864 -- 0.1870)  data: 0.0001 (0.0001 -- 0.0001)  max mem: 11075
Val:  [1010/2792]  eta: 0:05:37  loss: 0.2266 (0.5220)  acc: 0.5000 (0.7760)  bal_acc: 0.2500 (0.3892)  pod: 0.0000 (0.0040)  far: 0.0000 (0.3408)  time: 0.1868 (0.1865 -- 0.1871)  data: 0.0001 (0.0001 -- 0.0002)  max mem: 11075
Val:  [1020/2792]  eta: 0:05:35  loss: 0.4507 (0.5215)  acc: 0.5000 (0.7757)  bal_acc: 0.2500 (0.3891)  pod: 0.0000 (0.0039)  far: 1.0000 (0.3413)  time: 0.1869 (0.1865 -- 0.1871)  data: 0.0001 (0.0001 -- 0.0002)  max mem: 11075
Val:  [1030/2792]  eta: 0:05:33  loss: 0.4795 (0.5244)  acc: 0.5000 (0.7735)  bal_acc: 0.2500 (0.3880)  pod: 0.0000 (0.0039)  far: 1.0000 (0.3458)  time: 0.1869 (0.1865 -- 0.1872)  data: 0.0001 (0.0001 -- 0.0001)  max mem: 11075
Val:  [1040/2792]  eta: 0:05:31  loss: 0.7188 (0.5270)  acc: 0.5000 (0.7719)  bal_acc: 0.2500 (0.3871)  pod: 0.0000 (0.0038)  far: 1.0000 (0.3482)  time: 0.1869 (0.1866 -- 0.1872)  data: 0.0001 (0.0001 -- 0.0001)  max mem: 11075
Val:  [1050/2792]  eta: 0:05:29  loss: 0.3584 (0.5279)  acc: 1.0000 (0.7716)  bal_acc: 0.5000 (0.3870)  pod: 0.0000 (0.0038)  far: 0.0000 (0.3478)  time: 0.1868 (0.1866 -- 0.1872)  data: 0.0001 (0.0001 -- 0.0001)  max mem: 11075
Val:  [1060/2792]  eta: 0:05:27  loss: 0.1606 (0.5273)  acc: 1.0000 (0.7719)  bal_acc: 0.5000 (0.3871)  pod: 0.0000 (0.0038)  far: 0.0000 (0.3464)  time: 0.1868 (0.1865 -- 0.1872)  data: 0.0001 (0.0001 -- 0.0002)  max mem: 11075
Val:  [1070/2792]  eta: 0:05:25  loss: 0.1602 (0.5251)  acc: 1.0000 (0.7731)  bal_acc: 0.5000 (0.3877)  pod: 0.0000 (0.0037)  far: 0.0000 (0.3450)  time: 0.1869 (0.1865 -- 0.1874)  data: 0.0001 (0.0001 -- 0.0002)  max mem: 11075
Val:  [1080/2792]  eta: 0:05:23  loss: 0.1626 (0.5244)  acc: 1.0000 (0.7738)  bal_acc: 0.5000 (0.3881)  pod: 0.0000 (0.0037)  far: 0.0000 (0.3446)  time: 0.1870 (0.1865 -- 0.1874)  data: 0.0001 (0.0001 -- 0.0001)  max mem: 11075
Val:  [1090/2792]  eta: 0:05:21  loss: 0.1626 (0.5235)  acc: 1.0000 (0.7745)  bal_acc: 0.5000 (0.3884)  pod: 0.0000 (0.0037)  far: 0.0000 (0.3433)  time: 0.1869 (0.1865 -- 0.1874)  data: 0.0001 (0.0001 -- 0.0002)  max mem: 11075
Val:  [1100/2792]  eta: 0:05:19  loss: 0.1606 (0.5244)  acc: 1.0000 (0.7738)  bal_acc: 0.5000 (0.3881)  pod: 0.0000 (0.0036)  far: 0.0000 (0.3447)  time: 0.1868 (0.1865 -- 0.1872)  data: 0.0001 (0.0001 -- 0.0002)  max mem: 11075
Val:  [1110/2792]  eta: 0:05:18  loss: 0.1670 (0.5234)  acc: 1.0000 (0.7745)  bal_acc: 0.5000 (0.3884)  pod: 0.0000 (0.0036)  far: 0.0000 (0.3443)  time: 0.1867 (0.1864 -- 0.1871)  data: 0.0001 (0.0001 -- 0.0001)  max mem: 11075
Val:  [1120/2792]  eta: 0:05:16  loss: 0.1909 (0.5286)  acc: 1.0000 (0.7716)  bal_acc: 0.5000 (0.3869)  pod: 0.0000 (0.0036)  far: 0.0000 (0.3466)  time: 0.1868 (0.1864 -- 0.1873)  data: 0.0001 (0.0001 -- 0.0002)  max mem: 11075
Val:  [1130/2792]  eta: 0:05:14  loss: 0.1606 (0.5268)  acc: 1.0000 (0.7728)  bal_acc: 0.5000 (0.3875)  pod: 0.0000 (0.0035)  far: 0.0000 (0.3453)  time: 0.1868 (0.1865 -- 0.1873)  data: 0.0001 (0.0001 -- 0.0002)  max mem: 11075
Val:  [1140/2792]  eta: 0:05:12  loss: 0.1587 (0.5262)  acc: 1.0000 (0.7730)  bal_acc: 0.5000 (0.3876)  pod: 0.0000 (0.0035)  far: 0.0000 (0.3457)  time: 0.1867 (0.1865 -- 0.1871)  data: 0.0001 (0.0001 -- 0.0002)  max mem: 11075
Val:  [1150/2792]  eta: 0:05:10  loss: 0.1602 (0.5251)  acc: 1.0000 (0.7737)  bal_acc: 0.5000 (0.3879)  pod: 0.0000 (0.0035)  far: 0.0000 (0.3454)  time: 0.1868 (0.1865 -- 0.1871)  data: 0.0001 (0.0001 -- 0.0002)  max mem: 11075
Val:  [1160/2792]  eta: 0:05:08  loss: 0.1621 (0.5264)  acc: 1.0000 (0.7730)  bal_acc: 0.5000 (0.3876)  pod: 0.0000 (0.0034)  far: 0.0000 (0.3467)  time: 0.1867 (0.1865 -- 0.1871)  data: 0.0001 (0.0001 -- 0.0001)  max mem: 11075
Val:  [1170/2792]  eta: 0:05:06  loss: 0.5269 (0.5278)  acc: 0.5000 (0.7720)  bal_acc: 0.2500 (0.3871)  pod: 0.0000 (0.0034)  far: 1.0000 (0.3488)  time: 0.1867 (0.1865 -- 0.1870)  data: 0.0001 (0.0001 -- 0.0002)  max mem: 11075
Val:  [1180/2792]  eta: 0:05:04  loss: 0.1699 (0.5258)  acc: 1.0000 (0.7731)  bal_acc: 0.5000 (0.3876)  pod: 0.0000 (0.0034)  far: 0.0000 (0.3476)  time: 0.1867 (0.1865 -- 0.1870)  data: 0.0001 (0.0001 -- 0.0002)  max mem: 11075
Val:  [1190/2792]  eta: 0:05:02  loss: 0.1592 (0.5259)  acc: 1.0000 (0.7729)  bal_acc: 0.5000 (0.3875)  pod: 0.0000 (0.0034)  far: 0.0000 (0.3480)  time: 0.1866 (0.1865 -- 0.1869)  data: 0.0001 (0.0001 -- 0.0001)  max mem: 11075
Val:  [1200/2792]  eta: 0:05:00  loss: 0.1592 (0.5238)  acc: 1.0000 (0.7739)  bal_acc: 0.5000 (0.3880)  pod: 0.0000 (0.0033)  far: 0.0000 (0.3468)  time: 0.1866 (0.1864 -- 0.1871)  data: 0.0001 (0.0001 -- 0.0002)  max mem: 11075
Val:  [1210/2792]  eta: 0:04:58  loss: 0.1602 (0.5228)  acc: 1.0000 (0.7746)  bal_acc: 0.5000 (0.3883)  pod: 0.0000 (0.0033)  far: 0.0000 (0.3464)  time: 0.1866 (0.1863 -- 0.1871)  data: 0.0001 (0.0001 -- 0.0002)  max mem: 11075
Val:  [1220/2792]  eta: 0:04:56  loss: 0.1631 (0.5203)  acc: 1.0000 (0.7760)  bal_acc: 0.5000 (0.3890)  pod: 0.0000 (0.0033)  far: 0.0000 (0.3444)  time: 0.1866 (0.1863 -- 0.1870)  data: 0.0001 (0.0001 -- 0.0002)  max mem: 11075
Val:  [1230/2792]  eta: 0:04:54  loss: 0.1641 (0.5199)  acc: 1.0000 (0.7762)  bal_acc: 0.5000 (0.3891)  pod: 0.0000 (0.0032)  far: 0.0000 (0.3440)  time: 0.1866 (0.1864 -- 0.1870)  data: 0.0001 (0.0001 -- 0.0002)  max mem: 11075
Val:  [1240/2792]  eta: 0:04:53  loss: 0.1689 (0.5209)  acc: 1.0000 (0.7756)  bal_acc: 0.5000 (0.3888)  pod: 0.0000 (0.0032)  far: 0.0000 (0.3445)  time: 0.1867 (0.1865 -- 0.1872)  data: 0.0001 (0.0001 -- 0.0001)  max mem: 11075
Val:  [1250/2792]  eta: 0:04:51  loss: 0.1626 (0.5201)  acc: 1.0000 (0.7758)  bal_acc: 0.5000 (0.3889)  pod: 0.0000 (0.0032)  far: 0.0000 (0.3449)  time: 0.1868 (0.1865 -- 0.1873)  data: 0.0001 (0.0001 -- 0.0002)  max mem: 11075
Val:  [1260/2792]  eta: 0:04:49  loss: 0.1611 (0.5173)  acc: 1.0000 (0.7776)  bal_acc: 0.5000 (0.3898)  pod: 0.0000 (0.0032)  far: 0.0000 (0.3422)  time: 0.1869 (0.1866 -- 0.1873)  data: 0.0001 (0.0001 -- 0.0002)  max mem: 11075
Val:  [1270/2792]  eta: 0:04:47  loss: 0.1611 (0.5169)  acc: 1.0000 (0.7777)  bal_acc: 0.5000 (0.3899)  pod: 0.0000 (0.0031)  far: 0.0000 (0.3411)  time: 0.1867 (0.1865 -- 0.1872)  data: 0.0001 (0.0001 -- 0.0001)  max mem: 11075
Val:  [1280/2792]  eta: 0:04:45  loss: 0.1611 (0.5159)  acc: 1.0000 (0.7783)  bal_acc: 0.5000 (0.3901)  pod: 0.0000 (0.0031)  far: 0.0000 (0.3407)  time: 0.1867 (0.1865 -- 0.1872)  data: 0.0001 (0.0001 -- 0.0002)  max mem: 11075
Val:  [1290/2792]  eta: 0:04:43  loss: 0.1597 (0.5138)  acc: 1.0000 (0.7796)  bal_acc: 0.5000 (0.3908)  pod: 0.0000 (0.0031)  far: 0.0000 (0.3389)  time: 0.1867 (0.1865 -- 0.1872)  data: 0.0001 (0.0001 -- 0.0002)  max mem: 11075
Val:  [1300/2792]  eta: 0:04:41  loss: 0.1597 (0.5139)  acc: 1.0000 (0.7794)  bal_acc: 0.5000 (0.3907)  pod: 0.0000 (0.0031)  far: 0.0000 (0.3394)  time: 0.1867 (0.1865 -- 0.1872)  data: 0.0001 (0.0001 -- 0.0001)  max mem: 11075
Val:  [1310/2792]  eta: 0:04:39  loss: 0.1621 (0.5130)  acc: 1.0000 (0.7799)  bal_acc: 0.5000 (0.3909)  pod: 0.0000 (0.0031)  far: 0.0000 (0.3391)  time: 0.1868 (0.1866 -- 0.1872)  data: 0.0001 (0.0001 -- 0.0001)  max mem: 11075
Val:  [1320/2792]  eta: 0:04:37  loss: 0.1714 (0.5136)  acc: 1.0000 (0.7797)  bal_acc: 0.5000 (0.3908)  pod: 0.0000 (0.0030)  far: 0.0000 (0.3403)  time: 0.1869 (0.1865 -- 0.1872)  data: 0.0001 (0.0001 -- 0.0002)  max mem: 11075
Val:  [1330/2792]  eta: 0:04:35  loss: 0.1616 (0.5124)  acc: 1.0000 (0.7806)  bal_acc: 0.5000 (0.3912)  pod: 0.0000 (0.0030)  far: 0.0000 (0.3392)  time: 0.1868 (0.1865 -- 0.1872)  data: 0.0001 (0.0001 -- 0.0002)  max mem: 11075
Val:  [1340/2792]  eta: 0:04:33  loss: 0.1616 (0.5138)  acc: 1.0000 (0.7796)  bal_acc: 0.5000 (0.3908)  pod: 0.0000 (0.0030)  far: 0.0000 (0.3404)  time: 0.1868 (0.1865 -- 0.1871)  data: 0.0001 (0.0001 -- 0.0002)  max mem: 11075
Val:  [1350/2792]  eta: 0:04:32  loss: 0.1611 (0.5118)  acc: 1.0000 (0.7809)  bal_acc: 0.5000 (0.3914)  pod: 0.0000 (0.0030)  far: 0.0000 (0.3386)  time: 0.1867 (0.1865 -- 0.1870)  data: 0.0001 (0.0001 -- 0.0001)  max mem: 11075
Val:  [1360/2792]  eta: 0:04:30  loss: 0.1621 (0.5133)  acc: 1.0000 (0.7799)  bal_acc: 0.5000 (0.3909)  pod: 0.0000 (0.0029)  far: 0.0000 (0.3406)  time: 0.1866 (0.1865 -- 0.1871)  data: 0.0001 (0.0001 -- 0.0002)  max mem: 11075
Val:  [1370/2792]  eta: 0:04:28  loss: 0.1650 (0.5120)  acc: 1.0000 (0.7808)  bal_acc: 0.5000 (0.3913)  pod: 0.0000 (0.0029)  far: 0.0000 (0.3395)  time: 0.1867 (0.1865 -- 0.1872)  data: 0.0001 (0.0001 -- 0.0002)  max mem: 11075
Val:  [1380/2792]  eta: 0:04:26  loss: 0.1611 (0.5124)  acc: 1.0000 (0.7806)  bal_acc: 0.5000 (0.3912)  pod: 0.0000 (0.0029)  far: 0.0000 (0.3400)  time: 0.1867 (0.1864 -- 0.1874)  data: 0.0001 (0.0001 -- 0.0001)  max mem: 11075
Val:  [1390/2792]  eta: 0:04:24  loss: 0.1611 (0.5098)  acc: 1.0000 (0.7822)  bal_acc: 0.5000 (0.3920)  pod: 0.0000 (0.0029)  far: 0.0000 (0.3375)  time: 0.1866 (0.1864 -- 0.1874)  data: 0.0001 (0.0001 -- 0.0002)  max mem: 11075
Val:  [1400/2792]  eta: 0:04:22  loss: 0.1602 (0.5073)  acc: 1.0000 (0.7837)  bal_acc: 0.5000 (0.3928)  pod: 0.0000 (0.0029)  far: 0.0000 (0.3351)  time: 0.1866 (0.1864 -- 0.1870)  data: 0.0001 (0.0001 -- 0.0002)  max mem: 11075
Val:  [1410/2792]  eta: 0:04:20  loss: 0.1602 (0.5049)  acc: 1.0000 (0.7853)  bal_acc: 0.5000 (0.3935)  pod: 0.0000 (0.0028)  far: 0.0000 (0.3327)  time: 0.1867 (0.1864 -- 0.1871)  data: 0.0001 (0.0001 -- 0.0002)  max mem: 11075
Val:  [1420/2792]  eta: 0:04:18  loss: 0.1602 (0.5028)  acc: 1.0000 (0.7864)  bal_acc: 0.5000 (0.3941)  pod: 0.0000 (0.0028)  far: 0.0000 (0.3311)  time: 0.1869 (0.1864 -- 0.1872)  data: 0.0001 (0.0001 -- 0.0002)  max mem: 11075
Val:  [1430/2792]  eta: 0:04:16  loss: 0.1602 (0.5016)  acc: 1.0000 (0.7872)  bal_acc: 0.5000 (0.3945)  pod: 0.0000 (0.0028)  far: 0.0000 (0.3302)  time: 0.1868 (0.1864 -- 0.1872)  data: 0.0001 (0.0001 -- 0.0001)  max mem: 11075
Val:  [1440/2792]  eta: 0:04:14  loss: 0.1606 (0.4998)  acc: 1.0000 (0.7883)  bal_acc: 0.5000 (0.3950)  pod: 0.0000 (0.0028)  far: 0.0000 (0.3286)  time: 0.1867 (0.1865 -- 0.1872)  data: 0.0001 (0.0001 -- 0.0002)  max mem: 11075
Val:  [1450/2792]  eta: 0:04:13  loss: 0.1616 (0.5011)  acc: 1.0000 (0.7877)  bal_acc: 0.5000 (0.3947)  pod: 0.0000 (0.0028)  far: 0.0000 (0.3291)  time: 0.1867 (0.1865 -- 0.1872)  data: 0.0001 (0.0001 -- 0.0002)  max mem: 11075
Val:  [1460/2792]  eta: 0:04:11  loss: 0.1606 (0.5015)  acc: 1.0000 (0.7875)  bal_acc: 0.5000 (0.3946)  pod: 0.0000 (0.0027)  far: 0.0000 (0.3296)  time: 0.1868 (0.1865 -- 0.1872)  data: 0.0001 (0.0001 -- 0.0001)  max mem: 11075
Val:  [1470/2792]  eta: 0:04:09  loss: 0.1606 (0.4998)  acc: 1.0000 (0.7886)  bal_acc: 0.5000 (0.3951)  pod: 0.0000 (0.0027)  far: 0.0000 (0.3280)  time: 0.1867 (0.1864 -- 0.1871)  data: 0.0001 (0.0001 -- 0.0002)  max mem: 11075
Val:  [1480/2792]  eta: 0:04:07  loss: 0.1606 (0.4995)  acc: 1.0000 (0.7887)  bal_acc: 0.5000 (0.3952)  pod: 0.0000 (0.0027)  far: 0.0000 (0.3278)  time: 0.1867 (0.1864 -- 0.1870)  data: 0.0001 (0.0001 -- 0.0002)  max mem: 11075
Val:  [1490/2792]  eta: 0:04:05  loss: 0.1606 (0.4993)  acc: 1.0000 (0.7887)  bal_acc: 0.5000 (0.3952)  pod: 0.0000 (0.0027)  far: 0.0000 (0.3283)  time: 0.1868 (0.1864 -- 0.1871)  data: 0.0001 (0.0001 -- 0.0002)  max mem: 11075
Val:  [1500/2792]  eta: 0:04:03  loss: 0.1606 (0.4971)  acc: 1.0000 (0.7901)  bal_acc: 0.5000 (0.3959)  pod: 0.0000 (0.0027)  far: 0.0000 (0.3261)  time: 0.1869 (0.1864 -- 0.1871)  data: 0.0001 (0.0001 -- 0.0002)  max mem: 11075
Val:  [1510/2792]  eta: 0:04:01  loss: 0.1587 (0.4948)  acc: 1.0000 (0.7915)  bal_acc: 0.5000 (0.3966)  pod: 0.0000 (0.0026)  far: 0.0000 (0.3240)  time: 0.1870 (0.1866 -- 0.1872)  data: 0.0001 (0.0001 -- 0.0001)  max mem: 11075
Val:  [1520/2792]  eta: 0:03:59  loss: 0.1592 (0.4931)  acc: 1.0000 (0.7926)  bal_acc: 0.5000 (0.3971)  pod: 0.0000 (0.0026)  far: 0.0000 (0.3225)  time: 0.1869 (0.1865 -- 0.1875)  data: 0.0001 (0.0001 -- 0.0002)  max mem: 11075
Val:  [1530/2792]  eta: 0:03:57  loss: 0.1602 (0.4915)  acc: 1.0000 (0.7936)  bal_acc: 0.5000 (0.3976)  pod: 0.0000 (0.0026)  far: 0.0000 (0.3210)  time: 0.1871 (0.1865 -- 0.1879)  data: 0.0001 (0.0001 -- 0.0002)  max mem: 11075
Val:  [1540/2792]  eta: 0:03:55  loss: 0.1606 (0.4904)  acc: 1.0000 (0.7943)  bal_acc: 0.5000 (0.3980)  pod: 0.0000 (0.0026)  far: 0.0000 (0.3196)  time: 0.1871 (0.1865 -- 0.1879)  data: 0.0001 (0.0001 -- 0.0001)  max mem: 11075
Val:  [1550/2792]  eta: 0:03:54  loss: 0.1597 (0.4901)  acc: 1.0000 (0.7943)  bal_acc: 0.5000 (0.3980)  pod: 0.0000 (0.0026)  far: 0.0000 (0.3188)  time: 0.1868 (0.1865 -- 0.1871)  data: 0.0001 (0.0001 -- 0.0002)  max mem: 11075
Val:  [1560/2792]  eta: 0:03:52  loss: 0.1597 (0.4895)  acc: 1.0000 (0.7947)  bal_acc: 0.5000 (0.3981)  pod: 0.0000 (0.0026)  far: 0.0000 (0.3187)  time: 0.1866 (0.1864 -- 0.1870)  data: 0.0001 (0.0001 -- 0.0002)  max mem: 11075
Val:  [1570/2792]  eta: 0:03:50  loss: 0.1621 (0.4892)  acc: 1.0000 (0.7947)  bal_acc: 0.5000 (0.3982)  pod: 0.0000 (0.0025)  far: 0.0000 (0.3186)  time: 0.1867 (0.1864 -- 0.1871)  data: 0.0001 (0.0001 -- 0.0001)  max mem: 11075
Val:  [1580/2792]  eta: 0:03:48  loss: 0.1611 (0.4875)  acc: 1.0000 (0.7957)  bal_acc: 0.5000 (0.3986)  pod: 0.0000 (0.0025)  far: 0.0000 (0.3172)  time: 0.1867 (0.1865 -- 0.1871)  data: 0.0001 (0.0001 -- 0.0001)  max mem: 11075
Val:  [1590/2792]  eta: 0:03:46  loss: 0.1616 (0.4869)  acc: 1.0000 (0.7957)  bal_acc: 0.5000 (0.3986)  pod: 0.0000 (0.0025)  far: 0.0000 (0.3177)  time: 0.1867 (0.1865 -- 0.1871)  data: 0.0001 (0.0001 -- 0.0001)  max mem: 11075
Val:  [1600/2792]  eta: 0:03:44  loss: 0.1616 (0.4849)  acc: 1.0000 (0.7970)  bal_acc: 0.5000 (0.3993)  pod: 0.0000 (0.0025)  far: 0.0000 (0.3157)  time: 0.1867 (0.1865 -- 0.1871)  data: 0.0001 (0.0001 -- 0.0002)  max mem: 11075
Val:  [1610/2792]  eta: 0:03:42  loss: 0.1611 (0.4862)  acc: 1.0000 (0.7964)  bal_acc: 0.5000 (0.3990)  pod: 0.0000 (0.0025)  far: 0.0000 (0.3169)  time: 0.1868 (0.1866 -- 0.1871)  data: 0.0001 (0.0001 -- 0.0002)  max mem: 11075
Val:  [1620/2792]  eta: 0:03:40  loss: 0.1606 (0.4842)  acc: 1.0000 (0.7977)  bal_acc: 0.5000 (0.3996)  pod: 0.0000 (0.0025)  far: 0.0000 (0.3149)  time: 0.1869 (0.1866 -- 0.1871)  data: 0.0001 (0.0001 -- 0.0001)  max mem: 11075
Val:  [1630/2792]  eta: 0:03:38  loss: 0.1606 (0.4832)  acc: 1.0000 (0.7983)  bal_acc: 0.5000 (0.3999)  pod: 0.0000 (0.0025)  far: 0.0000 (0.3142)  time: 0.1869 (0.1866 -- 0.1874)  data: 0.0001 (0.0001 -- 0.0002)  max mem: 11075
Val:  [1640/2792]  eta: 0:03:36  loss: 0.1611 (0.4813)  acc: 1.0000 (0.7995)  bal_acc: 0.5000 (0.4005)  pod: 0.0000 (0.0024)  far: 0.0000 (0.3123)  time: 0.1869 (0.1866 -- 0.1874)  data: 0.0001 (0.0001 -- 0.0002)  max mem: 11075
Val:  [1650/2792]  eta: 0:03:35  loss: 0.1602 (0.4797)  acc: 1.0000 (0.8004)  bal_acc: 0.5000 (0.4010)  pod: 0.0000 (0.0024)  far: 0.0000 (0.3110)  time: 0.1870 (0.1867 -- 0.1873)  data: 0.0001 (0.0001 -- 0.0002)  max mem: 11075
Val:  [1660/2792]  eta: 0:03:33  loss: 0.1562 (0.4777)  acc: 1.0000 (0.8016)  bal_acc: 0.5000 (0.4016)  pod: 0.0000 (0.0024)  far: 0.0000 (0.3092)  time: 0.1870 (0.1866 -- 0.1875)  data: 0.0001 (0.0001 -- 0.0002)  max mem: 11075
Val:  [1670/2792]  eta: 0:03:31  loss: 0.1582 (0.4764)  acc: 1.0000 (0.8025)  bal_acc: 0.5000 (0.4020)  pod: 0.0000 (0.0024)  far: 0.0000 (0.3079)  time: 0.1869 (0.1863 -- 0.1875)  data: 0.0001 (0.0001 -- 0.0002)  max mem: 11075
Val:  [1680/2792]  eta: 0:03:29  loss: 0.1597 (0.4771)  acc: 1.0000 (0.8019)  bal_acc: 0.5000 (0.4017)  pod: 0.0000 (0.0024)  far: 0.0000 (0.3090)  time: 0.1868 (0.1863 -- 0.1874)  data: 0.0001 (0.0001 -- 0.0002)  max mem: 11075
Val:  [1690/2792]  eta: 0:03:27  loss: 0.1729 (0.4770)  acc: 1.0000 (0.8019)  bal_acc: 0.5000 (0.4017)  pod: 0.0000 (0.0024)  far: 0.0000 (0.3096)  time: 0.1868 (0.1864 -- 0.1874)  data: 0.0001 (0.0001 -- 0.0002)  max mem: 11075
Val:  [1700/2792]  eta: 0:03:25  loss: 0.1621 (0.4761)  acc: 1.0000 (0.8025)  bal_acc: 0.5000 (0.4020)  pod: 0.0000 (0.0024)  far: 0.0000 (0.3089)  time: 0.1868 (0.1864 -- 0.1874)  data: 0.0001 (0.0001 -- 0.0001)  max mem: 11075
Val:  [1710/2792]  eta: 0:03:23  loss: 0.1602 (0.4748)  acc: 1.0000 (0.8033)  bal_acc: 0.5000 (0.4024)  pod: 0.0000 (0.0023)  far: 0.0000 (0.3077)  time: 0.1868 (0.1864 -- 0.1875)  data: 0.0001 (0.0001 -- 0.0002)  max mem: 11075
Val:  [1720/2792]  eta: 0:03:21  loss: 0.1602 (0.4730)  acc: 1.0000 (0.8045)  bal_acc: 0.5000 (0.4030)  pod: 0.0000 (0.0023)  far: 0.0000 (0.3059)  time: 0.1870 (0.1865 -- 0.1875)  data: 0.0001 (0.0001 -- 0.0002)  max mem: 11075
Val:  [1730/2792]  eta: 0:03:19  loss: 0.1602 (0.4716)  acc: 1.0000 (0.8053)  bal_acc: 0.5000 (0.4034)  pod: 0.0000 (0.0023)  far: 0.0000 (0.3047)  time: 0.1872 (0.1868 -- 0.1876)  data: 0.0001 (0.0001 -- 0.0002)  max mem: 11075
Val:  [1740/2792]  eta: 0:03:18  loss: 0.1606 (0.4732)  acc: 1.0000 (0.8044)  bal_acc: 0.5000 (0.4029)  pod: 0.0000 (0.0023)  far: 0.0000 (0.3059)  time: 0.1870 (0.1865 -- 0.1876)  data: 0.0001 (0.0001 -- 0.0003)  max mem: 11075
Val:  [1750/2792]  eta: 0:03:16  loss: 0.1587 (0.4717)  acc: 1.0000 (0.8053)  bal_acc: 0.5000 (0.4033)  pod: 0.0000 (0.0023)  far: 0.0000 (0.3047)  time: 0.1868 (0.1865 -- 0.1875)  data: 0.0001 (0.0001 -- 0.0003)  max mem: 11075
Val:  [1760/2792]  eta: 0:03:14  loss: 0.1562 (0.4705)  acc: 1.0000 (0.8061)  bal_acc: 0.5000 (0.4037)  pod: 0.0000 (0.0023)  far: 0.0000 (0.3035)  time: 0.1867 (0.1865 -- 0.1870)  data: 0.0001 (0.0001 -- 0.0002)  max mem: 11075
Val:  [1770/2792]  eta: 0:03:12  loss: 0.1567 (0.4692)  acc: 1.0000 (0.8069)  bal_acc: 0.5000 (0.4042)  pod: 0.0000 (0.0023)  far: 0.0000 (0.3024)  time: 0.1867 (0.1864 -- 0.1870)  data: 0.0001 (0.0001 -- 0.0002)  max mem: 11075
Val:  [1780/2792]  eta: 0:03:10  loss: 0.1567 (0.4693)  acc: 1.0000 (0.8069)  bal_acc: 0.5000 (0.4041)  pod: 0.0000 (0.0022)  far: 0.0000 (0.3024)  time: 0.1868 (0.1864 -- 0.1870)  data: 0.0001 (0.0001 -- 0.0001)  max mem: 11075
Val:  [1790/2792]  eta: 0:03:08  loss: 0.1587 (0.4680)  acc: 1.0000 (0.8076)  bal_acc: 0.5000 (0.4045)  pod: 0.0000 (0.0022)  far: 0.0000 (0.3012)  time: 0.1869 (0.1866 -- 0.1874)  data: 0.0001 (0.0001 -- 0.0002)  max mem: 11075
Val:  [1800/2792]  eta: 0:03:06  loss: 0.1587 (0.4673)  acc: 1.0000 (0.8079)  bal_acc: 0.5000 (0.4046)  pod: 0.0000 (0.0022)  far: 0.0000 (0.3012)  time: 0.1868 (0.1864 -- 0.1874)  data: 0.0001 (0.0001 -- 0.0002)  max mem: 11075
Val:  [1810/2792]  eta: 0:03:04  loss: 0.1631 (0.4687)  acc: 1.0000 (0.8067)  bal_acc: 0.5000 (0.4041)  pod: 0.0000 (0.0022)  far: 0.0000 (0.3023)  time: 0.1867 (0.1864 -- 0.1871)  data: 0.0001 (0.0001 -- 0.0001)  max mem: 11075
Val:  [1820/2792]  eta: 0:03:02  loss: 0.1602 (0.4678)  acc: 1.0000 (0.8072)  bal_acc: 0.5000 (0.4046)  pod: 0.0000 (0.0038)  far: 0.0000 (0.3018)  time: 0.1867 (0.1863 -- 0.1873)  data: 0.0001 (0.0001 -- 0.0002)  max mem: 11075
Val:  [1830/2792]  eta: 0:03:01  loss: 0.1655 (0.4692)  acc: 1.0000 (0.8064)  bal_acc: 0.5000 (0.4042)  pod: 0.0000 (0.0044)  far: 0.0000 (0.3034)  time: 0.1866 (0.1863 -- 0.1873)  data: 0.0001 (0.0001 -- 0.0002)  max mem: 11075
Val:  [1840/2792]  eta: 0:02:59  loss: 0.1670 (0.4677)  acc: 1.0000 (0.8072)  bal_acc: 0.5000 (0.4045)  pod: 0.0000 (0.0043)  far: 0.0000 (0.3023)  time: 0.1868 (0.1863 -- 0.1875)  data: 0.0001 (0.0001 -- 0.0002)  max mem: 11075
Val:  [1850/2792]  eta: 0:02:57  loss: 0.1621 (0.4685)  acc: 1.0000 (0.8069)  bal_acc: 0.5000 (0.4044)  pod: 0.0000 (0.0043)  far: 0.0000 (0.3023)  time: 0.1868 (0.1863 -- 0.1875)  data: 0.0001 (0.0001 -- 0.0002)  max mem: 11075
Val:  [1860/2792]  eta: 0:02:55  loss: 0.1616 (0.4682)  acc: 1.0000 (0.8071)  bal_acc: 0.5000 (0.4045)  pod: 0.0000 (0.0043)  far: 0.0000 (0.3017)  time: 0.1866 (0.1863 -- 0.1870)  data: 0.0001 (0.0001 -- 0.0001)  max mem: 11075
Val:  [1870/2792]  eta: 0:02:53  loss: 0.1602 (0.4676)  acc: 1.0000 (0.8073)  bal_acc: 0.5000 (0.4046)  pod: 0.0000 (0.0043)  far: 0.0000 (0.3017)  time: 0.1867 (0.1863 -- 0.1872)  data: 0.0001 (0.0001 -- 0.0002)  max mem: 11075
Val:  [1880/2792]  eta: 0:02:51  loss: 0.1641 (0.4683)  acc: 1.0000 (0.8070)  bal_acc: 0.5000 (0.4044)  pod: 0.0000 (0.0043)  far: 0.0000 (0.3022)  time: 0.1868 (0.1865 -- 0.1874)  data: 0.0001 (0.0001 -- 0.0002)  max mem: 11075
Val:  [1890/2792]  eta: 0:02:49  loss: 0.1650 (0.4680)  acc: 1.0000 (0.8072)  bal_acc: 0.5000 (0.4045)  pod: 0.0000 (0.0042)  far: 0.0000 (0.3022)  time: 0.1868 (0.1865 -- 0.1874)  data: 0.0001 (0.0001 -- 0.0001)  max mem: 11075
Val:  [1900/2792]  eta: 0:02:47  loss: 0.1587 (0.4668)  acc: 1.0000 (0.8080)  bal_acc: 0.5000 (0.4049)  pod: 0.0000 (0.0042)  far: 0.0000 (0.3012)  time: 0.1868 (0.1866 -- 0.1870)  data: 0.0001 (0.0001 -- 0.0002)  max mem: 11075
Val:  [1910/2792]  eta: 0:02:45  loss: 0.1582 (0.4666)  acc: 1.0000 (0.8082)  bal_acc: 0.5000 (0.4050)  pod: 0.0000 (0.0042)  far: 0.0000 (0.3012)  time: 0.1868 (0.1866 -- 0.1871)  data: 0.0001 (0.0001 -- 0.0002)  max mem: 11075
Val:  [1920/2792]  eta: 0:02:44  loss: 0.1582 (0.4650)  acc: 1.0000 (0.8092)  bal_acc: 0.5000 (0.4055)  pod: 0.0000 (0.0042)  far: 0.0000 (0.2996)  time: 0.1868 (0.1866 -- 0.1871)  data: 0.0001 (0.0001 -- 0.0002)  max mem: 11075
Val:  [1930/2792]  eta: 0:02:42  loss: 0.1572 (0.4638)  acc: 1.0000 (0.8099)  bal_acc: 0.5000 (0.4059)  pod: 0.0000 (0.0041)  far: 0.0000 (0.2985)  time: 0.1868 (0.1866 -- 0.1871)  data: 0.0001 (0.0001 -- 0.0002)  max mem: 11075
Val:  [1940/2792]  eta: 0:02:40  loss: 0.1562 (0.4623)  acc: 1.0000 (0.8109)  bal_acc: 0.5000 (0.4064)  pod: 0.0000 (0.0041)  far: 0.0000 (0.2970)  time: 0.1869 (0.1866 -- 0.1874)  data: 0.0001 (0.0001 -- 0.0002)  max mem: 11075
Val:  [1950/2792]  eta: 0:02:38  loss: 0.1562 (0.4607)  acc: 1.0000 (0.8119)  bal_acc: 0.5000 (0.4068)  pod: 0.0000 (0.0041)  far: 0.0000 (0.2955)  time: 0.1873 (0.1868 -- 0.1880)  data: 0.0001 (0.0001 -- 0.0002)  max mem: 11075
Val:  [1960/2792]  eta: 0:02:36  loss: 0.1577 (0.4592)  acc: 1.0000 (0.8129)  bal_acc: 0.5000 (0.4073)  pod: 0.0000 (0.0041)  far: 0.0000 (0.2940)  time: 0.1877 (0.1872 -- 0.1886)  data: 0.0001 (0.0001 -- 0.0002)  max mem: 11075
Val:  [1970/2792]  eta: 0:02:34  loss: 0.1577 (0.4576)  acc: 1.0000 (0.8138)  bal_acc: 0.5000 (0.4078)  pod: 0.0000 (0.0041)  far: 0.0000 (0.2925)  time: 0.1877 (0.1871 -- 0.1886)  data: 0.0001 (0.0001 -- 0.0001)  max mem: 11075
Val:  [1980/2792]  eta: 0:02:32  loss: 0.1567 (0.4561)  acc: 1.0000 (0.8147)  bal_acc: 0.5000 (0.4083)  pod: 0.0000 (0.0040)  far: 0.0000 (0.2910)  time: 0.1871 (0.1868 -- 0.1877)  data: 0.0001 (0.0001 -- 0.0002)  max mem: 11075
Val:  [1990/2792]  eta: 0:02:30  loss: 0.1567 (0.4546)  acc: 1.0000 (0.8157)  bal_acc: 0.5000 (0.4087)  pod: 0.0000 (0.0040)  far: 0.0000 (0.2896)  time: 0.1867 (0.1864 -- 0.1871)  data: 0.0001 (0.0001 -- 0.0002)  max mem: 11075
Val:  [2000/2792]  eta: 0:02:28  loss: 0.1577 (0.4531)  acc: 1.0000 (0.8166)  bal_acc: 0.5000 (0.4092)  pod: 0.0000 (0.0040)  far: 0.0000 (0.2881)  time: 0.1866 (0.1863 -- 0.1870)  data: 0.0001 (0.0001 -- 0.0001)  max mem: 11075
Val:  [2010/2792]  eta: 0:02:27  loss: 0.1572 (0.4517)  acc: 1.0000 (0.8175)  bal_acc: 0.5000 (0.4096)  pod: 0.0000 (0.0040)  far: 0.0000 (0.2867)  time: 0.1866 (0.1863 -- 0.1870)  data: 0.0001 (0.0001 -- 0.0002)  max mem: 11075
Val:  [2020/2792]  eta: 0:02:25  loss: 0.1572 (0.4502)  acc: 1.0000 (0.8184)  bal_acc: 0.5000 (0.4101)  pod: 0.0000 (0.0040)  far: 0.0000 (0.2853)  time: 0.1866 (0.1865 -- 0.1870)  data: 0.0001 (0.0001 -- 0.0002)  max mem: 11075
Val:  [2030/2792]  eta: 0:02:23  loss: 0.1587 (0.4500)  acc: 1.0000 (0.8186)  bal_acc: 0.5000 (0.4101)  pod: 0.0000 (0.0039)  far: 0.0000 (0.2848)  time: 0.1866 (0.1865 -- 0.1870)  data: 0.0001 (0.0001 -- 0.0002)  max mem: 11075
Val:  [2040/2792]  eta: 0:02:21  loss: 0.1602 (0.4506)  acc: 1.0000 (0.8182)  bal_acc: 0.5000 (0.4100)  pod: 0.0000 (0.0039)  far: 0.0000 (0.2854)  time: 0.1867 (0.1865 -- 0.1870)  data: 0.0001 (0.0001 -- 0.0002)  max mem: 11075
Val:  [2050/2792]  eta: 0:02:19  loss: 0.1597 (0.4500)  acc: 1.0000 (0.8186)  bal_acc: 0.5000 (0.4102)  pod: 0.0000 (0.0039)  far: 0.0000 (0.2845)  time: 0.1866 (0.1865 -- 0.1870)  data: 0.0001 (0.0001 -- 0.0001)  max mem: 11075
Val:  [2060/2792]  eta: 0:02:17  loss: 0.1592 (0.4501)  acc: 1.0000 (0.8185)  bal_acc: 0.5000 (0.4101)  pod: 0.0000 (0.0039)  far: 0.0000 (0.2846)  time: 0.1868 (0.1865 -- 0.1874)  data: 0.0001 (0.0001 -- 0.0002)  max mem: 11075
Val:  [2070/2792]  eta: 0:02:15  loss: 0.1587 (0.4496)  acc: 1.0000 (0.8189)  bal_acc: 0.5000 (0.4103)  pod: 0.0000 (0.0039)  far: 0.0000 (0.2842)  time: 0.1870 (0.1864 -- 0.1874)  data: 0.0001 (0.0001 -- 0.0002)  max mem: 11075
Val:  [2080/2792]  eta: 0:02:13  loss: 0.1577 (0.4495)  acc: 1.0000 (0.8188)  bal_acc: 0.5000 (0.4103)  pod: 0.0000 (0.0038)  far: 0.0000 (0.2842)  time: 0.1868 (0.1864 -- 0.1873)  data: 0.0001 (0.0001 -- 0.0001)  max mem: 11075
Val:  [2090/2792]  eta: 0:02:11  loss: 0.1567 (0.4481)  acc: 1.0000 (0.8197)  bal_acc: 0.5000 (0.4107)  pod: 0.0000 (0.0038)  far: 0.0000 (0.2829)  time: 0.1868 (0.1865 -- 0.1871)  data: 0.0001 (0.0001 -- 0.0002)  max mem: 11075
Val:  [2100/2792]  eta: 0:02:10  loss: 0.1567 (0.4467)  acc: 1.0000 (0.8206)  bal_acc: 0.5000 (0.4111)  pod: 0.0000 (0.0038)  far: 0.0000 (0.2815)  time: 0.1868 (0.1865 -- 0.1871)  data: 0.0001 (0.0001 -- 0.0002)  max mem: 11075
Val:  [2110/2792]  eta: 0:02:08  loss: 0.1606 (0.4481)  acc: 1.0000 (0.8193)  bal_acc: 0.5000 (0.4105)  pod: 0.0000 (0.0038)  far: 0.0000 (0.2830)  time: 0.1869 (0.1866 -- 0.1871)  data: 0.0001 (0.0001 -- 0.0001)  max mem: 11075
Val:  [2120/2792]  eta: 0:02:06  loss: 0.1709 (0.4468)  acc: 1.0000 (0.8201)  bal_acc: 0.5000 (0.4109)  pod: 0.0000 (0.0038)  far: 0.0000 (0.2817)  time: 0.1868 (0.1865 -- 0.1871)  data: 0.0001 (0.0001 -- 0.0001)  max mem: 11075
Val:  [2130/2792]  eta: 0:02:04  loss: 0.1602 (0.4468)  acc: 1.0000 (0.8200)  bal_acc: 0.5000 (0.4108)  pod: 0.0000 (0.0038)  far: 0.0000 (0.2818)  time: 0.1867 (0.1865 -- 0.1872)  data: 0.0001 (0.0001 -- 0.0001)  max mem: 11075
Val:  [2140/2792]  eta: 0:02:02  loss: 0.1592 (0.4459)  acc: 1.0000 (0.8206)  bal_acc: 0.5000 (0.4111)  pod: 0.0000 (0.0037)  far: 0.0000 (0.2809)  time: 0.1868 (0.1865 -- 0.1872)  data: 0.0001 (0.0001 -- 0.0002)  max mem: 11075
Val:  [2150/2792]  eta: 0:02:00  loss: 0.1577 (0.4446)  acc: 1.0000 (0.8215)  bal_acc: 0.5000 (0.4116)  pod: 0.0000 (0.0037)  far: 0.0000 (0.2796)  time: 0.1868 (0.1864 -- 0.1872)  data: 0.0001 (0.0001 -- 0.0002)  max mem: 11075
Val:  [2160/2792]  eta: 0:01:58  loss: 0.1572 (0.4432)  acc: 1.0000 (0.8223)  bal_acc: 0.5000 (0.4120)  pod: 0.0000 (0.0037)  far: 0.0000 (0.2783)  time: 0.1868 (0.1864 -- 0.1871)  data: 0.0001 (0.0001 -- 0.0001)  max mem: 11075
Val:  [2170/2792]  eta: 0:01:56  loss: 0.1587 (0.4422)  acc: 1.0000 (0.8229)  bal_acc: 0.5000 (0.4123)  pod: 0.0000 (0.0037)  far: 0.0000 (0.2775)  time: 0.1868 (0.1865 -- 0.1871)  data: 0.0001 (0.0001 -- 0.0002)  max mem: 11075
Val:  [2180/2792]  eta: 0:01:55  loss: 0.1587 (0.4417)  acc: 1.0000 (0.8232)  bal_acc: 0.5000 (0.4124)  pod: 0.0000 (0.0037)  far: 0.0000 (0.2772)  time: 0.1868 (0.1865 -- 0.1872)  data: 0.0001 (0.0001 -- 0.0002)  max mem: 11075
Val:  [2190/2792]  eta: 0:01:53  loss: 0.1587 (0.4414)  acc: 1.0000 (0.8234)  bal_acc: 0.5000 (0.4125)  pod: 0.0000 (0.0037)  far: 0.0000 (0.2768)  time: 0.1869 (0.1865 -- 0.1872)  data: 0.0001 (0.0001 -- 0.0001)  max mem: 11075
Val:  [2200/2792]  eta: 0:01:51  loss: 0.1660 (0.4438)  acc: 1.0000 (0.8219)  bal_acc: 0.5000 (0.4117)  pod: 0.0000 (0.0036)  far: 0.0000 (0.2787)  time: 0.1871 (0.1868 -- 0.1874)  data: 0.0001 (0.0001 -- 0.0002)  max mem: 11075
Val:  [2210/2792]  eta: 0:01:49  loss: 0.2271 (0.4430)  acc: 1.0000 (0.8225)  bal_acc: 0.5000 (0.4120)  pod: 0.0000 (0.0036)  far: 0.0000 (0.2779)  time: 0.1872 (0.1866 -- 0.1878)  data: 0.0001 (0.0001 -- 0.0002)  max mem: 11075
Val:  [2220/2792]  eta: 0:01:47  loss: 0.1631 (0.4422)  acc: 1.0000 (0.8231)  bal_acc: 0.5000 (0.4123)  pod: 0.0000 (0.0036)  far: 0.0000 (0.2771)  time: 0.1871 (0.1864 -- 0.1878)  data: 0.0001 (0.0001 -- 0.0002)  max mem: 11075
Val:  [2230/2792]  eta: 0:01:45  loss: 0.1758 (0.4431)  acc: 1.0000 (0.8227)  bal_acc: 0.5000 (0.4121)  pod: 0.0000 (0.0036)  far: 0.0000 (0.2777)  time: 0.1870 (0.1864 -- 0.1877)  data: 0.0001 (0.0001 -- 0.0002)  max mem: 11075
Val:  [2240/2792]  eta: 0:01:43  loss: 0.1592 (0.4418)  acc: 1.0000 (0.8235)  bal_acc: 0.5000 (0.4125)  pod: 0.0000 (0.0036)  far: 0.0000 (0.2764)  time: 0.1869 (0.1865 -- 0.1877)  data: 0.0001 (0.0001 -- 0.0002)  max mem: 11075
Val:  [2250/2792]  eta: 0:01:41  loss: 0.1597 (0.4427)  acc: 1.0000 (0.8230)  bal_acc: 0.5000 (0.4123)  pod: 0.0000 (0.0036)  far: 0.0000 (0.2770)  time: 0.1868 (0.1865 -- 0.1872)  data: 0.0001 (0.0001 -- 0.0002)  max mem: 11075
Val:  [2260/2792]  eta: 0:01:39  loss: 0.1602 (0.4414)  acc: 1.0000 (0.8238)  bal_acc: 0.5000 (0.4126)  pod: 0.0000 (0.0035)  far: 0.0000 (0.2758)  time: 0.1869 (0.1865 -- 0.1873)  data: 0.0001 (0.0001 -- 0.0002)  max mem: 11075
Val:  [2270/2792]  eta: 0:01:38  loss: 0.1582 (0.4410)  acc: 1.0000 (0.8241)  bal_acc: 0.5000 (0.4128)  pod: 0.0000 (0.0035)  far: 0.0000 (0.2754)  time: 0.1868 (0.1864 -- 0.1873)  data: 0.0001 (0.0001 -- 0.0001)  max mem: 11075
Val:  [2280/2792]  eta: 0:01:36  loss: 0.1582 (0.4406)  acc: 1.0000 (0.8242)  bal_acc: 0.5000 (0.4129)  pod: 0.0000 (0.0035)  far: 0.0000 (0.2755)  time: 0.1867 (0.1864 -- 0.1871)  data: 0.0001 (0.0001 -- 0.0002)  max mem: 11075
Val:  [2290/2792]  eta: 0:01:34  loss: 0.1577 (0.4401)  acc: 1.0000 (0.8245)  bal_acc: 0.5000 (0.4130)  pod: 0.0000 (0.0035)  far: 0.0000 (0.2752)  time: 0.1867 (0.1864 -- 0.1871)  data: 0.0001 (0.0001 -- 0.0002)  max mem: 11075
Val:  [2300/2792]  eta: 0:01:32  loss: 0.1582 (0.4394)  acc: 1.0000 (0.8249)  bal_acc: 0.5000 (0.4132)  pod: 0.0000 (0.0035)  far: 0.0000 (0.2749)  time: 0.1867 (0.1864 -- 0.1872)  data: 0.0001 (0.0001 -- 0.0002)  max mem: 11075
Val:  [2310/2792]  eta: 0:01:30  loss: 0.1582 (0.4385)  acc: 1.0000 (0.8254)  bal_acc: 0.5000 (0.4135)  pod: 0.0000 (0.0035)  far: 0.0000 (0.2741)  time: 0.1868 (0.1864 -- 0.1872)  data: 0.0001 (0.0001 -- 0.0002)  max mem: 11075
Val:  [2320/2792]  eta: 0:01:28  loss: 0.1582 (0.4376)  acc: 1.0000 (0.8259)  bal_acc: 0.5000 (0.4137)  pod: 0.0000 (0.0034)  far: 0.0000 (0.2734)  time: 0.1867 (0.1864 -- 0.1872)  data: 0.0001 (0.0001 -- 0.0001)  max mem: 11075
Val:  [2330/2792]  eta: 0:01:26  loss: 0.1582 (0.4369)  acc: 1.0000 (0.8263)  bal_acc: 0.5000 (0.4139)  pod: 0.0000 (0.0034)  far: 0.0000 (0.2731)  time: 0.1866 (0.1864 -- 0.1871)  data: 0.0001 (0.0001 -- 0.0002)  max mem: 11075
Val:  [2340/2792]  eta: 0:01:24  loss: 0.1562 (0.4358)  acc: 1.0000 (0.8270)  bal_acc: 0.5000 (0.4142)  pod: 0.0000 (0.0034)  far: 0.0000 (0.2719)  time: 0.1867 (0.1865 -- 0.1871)  data: 0.0001 (0.0001 -- 0.0002)  max mem: 11075
Val:  [2350/2792]  eta: 0:01:23  loss: 0.1562 (0.4348)  acc: 1.0000 (0.8275)  bal_acc: 0.5000 (0.4145)  pod: 0.0000 (0.0034)  far: 0.0000 (0.2712)  time: 0.1867 (0.1864 -- 0.1871)  data: 0.0001 (0.0001 -- 0.0002)  max mem: 11075
Val:  [2360/2792]  eta: 0:01:21  loss: 0.1562 (0.4348)  acc: 1.0000 (0.8276)  bal_acc: 0.5000 (0.4145)  pod: 0.0000 (0.0034)  far: 0.0000 (0.2709)  time: 0.1867 (0.1864 -- 0.1870)  data: 0.0001 (0.0001 -- 0.0002)  max mem: 11075
Val:  [2370/2792]  eta: 0:01:19  loss: 0.1562 (0.4336)  acc: 1.0000 (0.8283)  bal_acc: 0.5000 (0.4149)  pod: 0.0000 (0.0034)  far: 0.0000 (0.2697)  time: 0.1868 (0.1864 -- 0.1870)  data: 0.0001 (0.0001 -- 0.0002)  max mem: 11075
Val:  [2380/2792]  eta: 0:01:17  loss: 0.1562 (0.4331)  acc: 1.0000 (0.8286)  bal_acc: 0.5000 (0.4151)  pod: 0.0000 (0.0034)  far: 0.0000 (0.2694)  time: 0.1869 (0.1865 -- 0.1872)  data: 0.0001 (0.0001 -- 0.0001)  max mem: 11075
Val:  [2390/2792]  eta: 0:01:15  loss: 0.1562 (0.4324)  acc: 1.0000 (0.8292)  bal_acc: 0.5000 (0.4153)  pod: 0.0000 (0.0033)  far: 0.0000 (0.2687)  time: 0.1871 (0.1865 -- 0.1874)  data: 0.0001 (0.0001 -- 0.0001)  max mem: 11075
Val:  [2400/2792]  eta: 0:01:13  loss: 0.1567 (0.4318)  acc: 1.0000 (0.8294)  bal_acc: 0.5000 (0.4155)  pod: 0.0000 (0.0033)  far: 0.0000 (0.2684)  time: 0.1870 (0.1865 -- 0.1874)  data: 0.0001 (0.0001 -- 0.0001)  max mem: 11075
Val:  [2410/2792]  eta: 0:01:11  loss: 0.1567 (0.4316)  acc: 1.0000 (0.8295)  bal_acc: 0.5000 (0.4155)  pod: 0.0000 (0.0033)  far: 0.0000 (0.2681)  time: 0.1867 (0.1865 -- 0.1871)  data: 0.0001 (0.0001 -- 0.0002)  max mem: 11075
Val:  [2420/2792]  eta: 0:01:09  loss: 0.1572 (0.4312)  acc: 1.0000 (0.8298)  bal_acc: 0.5000 (0.4156)  pod: 0.0000 (0.0033)  far: 0.0000 (0.2679)  time: 0.1867 (0.1865 -- 0.1872)  data: 0.0001 (0.0001 -- 0.0002)  max mem: 11075
Val:  [2430/2792]  eta: 0:01:08  loss: 0.1572 (0.4313)  acc: 1.0000 (0.8297)  bal_acc: 0.5000 (0.4156)  pod: 0.0000 (0.0033)  far: 0.0000 (0.2684)  time: 0.1868 (0.1865 -- 0.1872)  data: 0.0001 (0.0001 -- 0.0001)  max mem: 11075
Val:  [2440/2792]  eta: 0:01:06  loss: 0.1572 (0.4307)  acc: 1.0000 (0.8300)  bal_acc: 0.5000 (0.4157)  pod: 0.0000 (0.0033)  far: 0.0000 (0.2681)  time: 0.1868 (0.1865 -- 0.1872)  data: 0.0001 (0.0001 -- 0.0002)  max mem: 11075
Val:  [2450/2792]  eta: 0:01:04  loss: 0.1577 (0.4306)  acc: 1.0000 (0.8301)  bal_acc: 0.5000 (0.4157)  pod: 0.0000 (0.0033)  far: 0.0000 (0.2678)  time: 0.1868 (0.1866 -- 0.1872)  data: 0.0001 (0.0001 -- 0.0002)  max mem: 11075
Val:  [2460/2792]  eta: 0:01:02  loss: 0.1577 (0.4319)  acc: 1.0000 (0.8293)  bal_acc: 0.5000 (0.4154)  pod: 0.0000 (0.0033)  far: 0.0000 (0.2684)  time: 0.1869 (0.1866 -- 0.1872)  data: 0.0001 (0.0001 -- 0.0001)  max mem: 11075
Val:  [2470/2792]  eta: 0:01:00  loss: 0.1855 (0.4331)  acc: 1.0000 (0.8286)  bal_acc: 0.5000 (0.4150)  pod: 0.0000 (0.0032)  far: 0.0000 (0.2689)  time: 0.1868 (0.1865 -- 0.1872)  data: 0.0001 (0.0001 -- 0.0002)  max mem: 11075
Val:  [2480/2792]  eta: 0:00:58  loss: 0.1597 (0.4327)  acc: 1.0000 (0.8289)  bal_acc: 0.5000 (0.4152)  pod: 0.0000 (0.0032)  far: 0.0000 (0.2686)  time: 0.1868 (0.1865 -- 0.1874)  data: 0.0001 (0.0001 -- 0.0002)  max mem: 11075
Val:  [2490/2792]  eta: 0:00:56  loss: 0.1572 (0.4325)  acc: 1.0000 (0.8290)  bal_acc: 0.5000 (0.4152)  pod: 0.0000 (0.0032)  far: 0.0000 (0.2684)  time: 0.1869 (0.1865 -- 0.1874)  data: 0.0001 (0.0001 -- 0.0002)  max mem: 11075
Val:  [2500/2792]  eta: 0:00:54  loss: 0.1597 (0.4336)  acc: 1.0000 (0.8285)  bal_acc: 0.5000 (0.4149)  pod: 0.0000 (0.0032)  far: 0.0000 (0.2689)  time: 0.1869 (0.1865 -- 0.1872)  data: 0.0001 (0.0001 -- 0.0002)  max mem: 11075
Val:  [2510/2792]  eta: 0:00:52  loss: 0.3999 (0.4350)  acc: 0.5000 (0.8276)  bal_acc: 0.2500 (0.4145)  pod: 0.0000 (0.0032)  far: 0.0000 (0.2702)  time: 0.1869 (0.1865 -- 0.1872)  data: 0.0001 (0.0001 -- 0.0001)  max mem: 11075
Val:  [2520/2792]  eta: 0:00:51  loss: 0.1704 (0.4352)  acc: 0.5000 (0.8274)  bal_acc: 0.2500 (0.4144)  pod: 0.0000 (0.0032)  far: 0.0000 (0.2707)  time: 0.1869 (0.1865 -- 0.1872)  data: 0.0001 (0.0001 -- 0.0002)  max mem: 11075
Val:  [2530/2792]  eta: 0:00:49  loss: 0.1572 (0.4344)  acc: 1.0000 (0.8279)  bal_acc: 0.5000 (0.4147)  pod: 0.0000 (0.0032)  far: 0.0000 (0.2701)  time: 0.1869 (0.1866 -- 0.1872)  data: 0.0001 (0.0001 -- 0.0002)  max mem: 11075
Val:  [2540/2792]  eta: 0:00:47  loss: 0.1660 (0.4359)  acc: 1.0000 (0.8270)  bal_acc: 0.5000 (0.4142)  pod: 0.0000 (0.0031)  far: 0.0000 (0.2717)  time: 0.1868 (0.1866 -- 0.1872)  data: 0.0001 (0.0001 -- 0.0002)  max mem: 11075
Val:  [2550/2792]  eta: 0:00:45  loss: 0.8472 (0.4374)  acc: 0.5000 (0.8261)  bal_acc: 0.2500 (0.4138)  pod: 0.0000 (0.0031)  far: 1.0000 (0.2730)  time: 0.1868 (0.1865 -- 0.1872)  data: 0.0001 (0.0001 -- 0.0002)  max mem: 11075
Val:  [2560/2792]  eta: 0:00:43  loss: 0.3447 (0.4379)  acc: 0.5000 (0.8258)  bal_acc: 0.2500 (0.4136)  pod: 0.0000 (0.0031)  far: 0.0000 (0.2735)  time: 0.1867 (0.1865 -- 0.1872)  data: 0.0001 (0.0001 -- 0.0002)  max mem: 11075
Val:  [2570/2792]  eta: 0:00:41  loss: 0.1572 (0.4373)  acc: 1.0000 (0.8261)  bal_acc: 0.5000 (0.4137)  pod: 0.0000 (0.0031)  far: 0.0000 (0.2732)  time: 0.1866 (0.1865 -- 0.1868)  data: 0.0001 (0.0001 -- 0.0002)  max mem: 11075
Val:  [2580/2792]  eta: 0:00:39  loss: 0.1582 (0.4365)  acc: 1.0000 (0.8266)  bal_acc: 0.5000 (0.4140)  pod: 0.0000 (0.0031)  far: 0.0000 (0.2726)  time: 0.1867 (0.1866 -- 0.1868)  data: 0.0001 (0.0001 -- 0.0002)  max mem: 11075
Val:  [2590/2792]  eta: 0:00:37  loss: 0.1587 (0.4359)  acc: 1.0000 (0.8269)  bal_acc: 0.5000 (0.4141)  pod: 0.0000 (0.0031)  far: 0.0000 (0.2723)  time: 0.1867 (0.1864 -- 0.1868)  data: 0.0001 (0.0001 -- 0.0001)  max mem: 11075
Val:  [2600/2792]  eta: 0:00:36  loss: 0.1582 (0.4349)  acc: 1.0000 (0.8276)  bal_acc: 0.5000 (0.4145)  pod: 0.0000 (0.0031)  far: 0.0000 (0.2712)  time: 0.1867 (0.1864 -- 0.1872)  data: 0.0001 (0.0001 -- 0.0002)  max mem: 11075
Val:  [2610/2792]  eta: 0:00:34  loss: 0.1577 (0.4342)  acc: 1.0000 (0.8278)  bal_acc: 0.5000 (0.4146)  pod: 0.0000 (0.0031)  far: 0.0000 (0.2710)  time: 0.1868 (0.1865 -- 0.1872)  data: 0.0001 (0.0001 -- 0.0002)  max mem: 11075
Val:  [2620/2792]  eta: 0:00:32  loss: 0.1577 (0.4340)  acc: 1.0000 (0.8279)  bal_acc: 0.5000 (0.4146)  pod: 0.0000 (0.0031)  far: 0.0000 (0.2711)  time: 0.1868 (0.1865 -- 0.1874)  data: 0.0001 (0.0001 -- 0.0001)  max mem: 11075
Val:  [2630/2792]  eta: 0:00:30  loss: 0.1577 (0.4334)  acc: 1.0000 (0.8284)  bal_acc: 0.5000 (0.4149)  pod: 0.0000 (0.0030)  far: 0.0000 (0.2704)  time: 0.1868 (0.1865 -- 0.1874)  data: 0.0001 (0.0001 -- 0.0002)  max mem: 11075
Val:  [2640/2792]  eta: 0:00:28  loss: 0.1582 (0.4334)  acc: 1.0000 (0.8283)  bal_acc: 0.5000 (0.4148)  pod: 0.0000 (0.0030)  far: 0.0000 (0.2705)  time: 0.1869 (0.1865 -- 0.1874)  data: 0.0001 (0.0001 -- 0.0002)  max mem: 11075
Val:  [2650/2792]  eta: 0:00:26  loss: 0.1587 (0.4337)  acc: 1.0000 (0.8282)  bal_acc: 0.5000 (0.4147)  pod: 0.0000 (0.0030)  far: 0.0000 (0.2710)  time: 0.1869 (0.1865 -- 0.1871)  data: 0.0001 (0.0001 -- 0.0001)  max mem: 11075
Val:  [2660/2792]  eta: 0:00:24  loss: 0.1631 (0.4334)  acc: 1.0000 (0.8283)  bal_acc: 0.5000 (0.4148)  pod: 0.0000 (0.0030)  far: 0.0000 (0.2711)  time: 0.1868 (0.1864 -- 0.1872)  data: 0.0001 (0.0001 -- 0.0001)  max mem: 11075
Val:  [2670/2792]  eta: 0:00:22  loss: 0.1646 (0.4335)  acc: 1.0000 (0.8282)  bal_acc: 0.5000 (0.4147)  pod: 0.0000 (0.0030)  far: 0.0000 (0.2712)  time: 0.1868 (0.1864 -- 0.1876)  data: 0.0001 (0.0001 -- 0.0001)  max mem: 11075
Val:  [2680/2792]  eta: 0:00:21  loss: 0.1646 (0.4345)  acc: 1.0000 (0.8275)  bal_acc: 0.5000 (0.4144)  pod: 0.0000 (0.0030)  far: 0.0000 (0.2721)  time: 0.1867 (0.1864 -- 0.1876)  data: 0.0001 (0.0001 -- 0.0002)  max mem: 11075
Val:  [2690/2792]  eta: 0:00:19  loss: 0.1899 (0.4352)  acc: 0.5000 (0.8270)  bal_acc: 0.2500 (0.4142)  pod: 0.0000 (0.0030)  far: 0.0000 (0.2729)  time: 0.1866 (0.1864 -- 0.1870)  data: 0.0001 (0.0001 -- 0.0002)  max mem: 11075
Val:  [2700/2792]  eta: 0:00:17  loss: 0.8911 (0.4366)  acc: 0.5000 (0.8262)  bal_acc: 0.2500 (0.4137)  pod: 0.0000 (0.0030)  far: 1.0000 (0.2745)  time: 0.1866 (0.1864 -- 0.1870)  data: 0.0001 (0.0001 -- 0.0001)  max mem: 11075
Val:  [2710/2792]  eta: 0:00:15  loss: 0.1680 (0.4359)  acc: 1.0000 (0.8266)  bal_acc: 0.5000 (0.4140)  pod: 0.0000 (0.0030)  far: 0.0000 (0.2739)  time: 0.1866 (0.1864 -- 0.1871)  data: 0.0001 (0.0001 -- 0.0002)  max mem: 11075
Val:  [2720/2792]  eta: 0:00:13  loss: 0.1592 (0.4363)  acc: 1.0000 (0.8265)  bal_acc: 0.5000 (0.4139)  pod: 0.0000 (0.0029)  far: 0.0000 (0.2740)  time: 0.1867 (0.1864 -- 0.1876)  data: 0.0001 (0.0001 -- 0.0002)  max mem: 11075
Val:  [2730/2792]  eta: 0:00:11  loss: 0.4399 (0.4383)  acc: 0.5000 (0.8253)  bal_acc: 0.2500 (0.4133)  pod: 0.0000 (0.0029)  far: 0.0000 (0.2755)  time: 0.1867 (0.1865 -- 0.1876)  data: 0.0001 (0.0001 -- 0.0001)  max mem: 11075
Val:  [2740/2792]  eta: 0:00:09  loss: 0.9683 (0.4391)  acc: 0.5000 (0.8249)  bal_acc: 0.2500 (0.4131)  pod: 0.0000 (0.0029)  far: 1.0000 (0.2760)  time: 0.1868 (0.1865 -- 0.1872)  data: 0.0001 (0.0001 -- 0.0002)  max mem: 11075
Val:  [2750/2792]  eta: 0:00:07  loss: 0.1587 (0.4385)  acc: 1.0000 (0.8253)  bal_acc: 0.5000 (0.4133)  pod: 0.0000 (0.0029)  far: 0.0000 (0.2754)  time: 0.1868 (0.1865 -- 0.1872)  data: 0.0001 (0.0001 -- 0.0002)  max mem: 11075
Val:  [2760/2792]  eta: 0:00:06  loss: 0.1611 (0.4403)  acc: 1.0000 (0.8243)  bal_acc: 0.5000 (0.4128)  pod: 0.0000 (0.0029)  far: 0.0000 (0.2765)  time: 0.1868 (0.1865 -- 0.1871)  data: 0.0001 (0.0001 -- 0.0002)  max mem: 11075
Val:  [2770/2792]  eta: 0:00:04  loss: 1.0029 (0.4419)  acc: 0.5000 (0.8233)  bal_acc: 0.2500 (0.4123)  pod: 0.0000 (0.0029)  far: 1.0000 (0.2777)  time: 0.1867 (0.1865 -- 0.1871)  data: 0.0001 (0.0001 -- 0.0002)  max mem: 11075
Val:  [2780/2792]  eta: 0:00:02  loss: 0.6675 (0.4427)  acc: 0.5000 (0.8227)  bal_acc: 0.2500 (0.4120)  pod: 0.0000 (0.0029)  far: 1.0000 (0.2785)  time: 0.1865 (0.1860 -- 0.1871)  data: 0.0001 (0.0001 -- 0.0003)  max mem: 11075
Val:  [2790/2792]  eta: 0:00:00  loss: 0.1597 (0.4429)  acc: 1.0000 (0.8226)  bal_acc: 0.5000 (0.4119)  pod: 0.0000 (0.0029)  far: 0.0000 (0.2786)  time: 0.1862 (0.1859 -- 0.1870)  data: 0.0001 (0.0001 -- 0.0003)  max mem: 11075
Val:  [2791/2792]  eta: 0:00:00  loss: 0.1597 (0.4428)  acc: 1.0000 (0.8227)  bal_acc: 0.5000 (0.4120)  pod: 0.0000 (0.0029)  far: 0.0000 (0.2785)  time: 0.1824 (0.1112 -- 0.1870)  data: 0.0001 (0.0001 -- 0.0003)  max mem: 11075
Val: Total time: 0:08:44 (0.1878 s / it)
* Balanced Acc@1 0.891  loss 0.443
Predizioni salvate in output/inference_predictions.csv - bal_acc=0.8905870350640319
