Loading cineca-ai/4.3.0
  Loading requirement: cuda/12.1 nccl/2.19.1-1--gcc--12.2.0-cuda-12.1
    cudnn/8.9.7.29-12--gcc--12.2.0-cuda-12.1 gcc/12.2.0-binut2.41
    openmpi/4.1.6--gcc--12.2.0 bzip2/1.0.8-gp5wcz5 libmd/1.0.4-wja3f5q
    libbsd/0.11.7-cgxjopl expat/2.5.0-bptl3xw ncurses/6.4-asx3jea
    readline/8.2-nyw6mp6 gdbm/1.23-fs6otck libiconv/1.17-d7yvx2s
    xz/5.4.1-hubmwr5 zlib-ng/2.1.4-6htiapk libxml2/2.10.3-5eeeokp
    pigz/2.7-bopr5vp zstd/1.5.5-gawytfl tar/1.34-amqus5s gettext/0.22.3-2g7elif
    libffi/3.4.4-6r7brdq libxcrypt/4.4.35-ss2rzin sqlite/3.43.2
    util-linux-uuid/2.38.1-jkdi7kv python/3.11.6--gcc--8.5.0 cmake/3.27.7
    openjdk/11.0.20.1_1
launch with mpirun
Getting TRACKING dataset (pixel coords)...
DATASET length: 4070
Creo il DistributedSampler con world_size 16 e rank 0
Sampler_train = <torch.utils.data.distributed.DistributedSampler object at 0x154fc1053410>
Batch_size local: 2
Getting TRACKING dataset (pixel coords)...
[INFO][TrackingDataset] Dropped 3 rows with missing/non-finite coordinates from test_tracking_selezionati.csv (kept 156/159).
DATASET length: 156
Creo il DistributedSampler con world_size 16 e rank 0
Sampler_train = <torch.utils.data.distributed.DistributedSampler object at 0x154fb8487610>
Batch_size local: 2
Getting TRACKING dataset (pixel coords)...
[INFO][TrackingDataset] Dropped 1 rows with missing/non-finite coordinates from val_tracking_selezionati.csv (kept 190/191).
DATASET length: 190
Creo il DistributedSampler con world_size 16 e rank 0
Sampler_train = <torch.utils.data.distributed.DistributedSampler object at 0x154faca4d010>
Batch_size local: 2
[DATASET][train] rows=4070 | batches_per_rank=127 | paths=4070 | existing_dirs=4070 | dirs_with_frames=4070
[DATASET][test] rows=156 | batches_per_rank=5 | paths=156 | existing_dirs=156 | dirs_with_frames=156
[DATASET][val] rows=190 | batches_per_rank=6 | paths=190 | existing_dirs=190 | dirs_with_frames=190
Caricamento del checkpoint da: /leonardo_scratch/fast/IscrC_SAME-D/checkpoint-149.pth
Caricato state_dict con chiave: model
Testa del modello rimossa dal checkpoint per evitare mismatch di numero di classi col preaddestrato.
Checkpoint caricato con successo!
[INFO] Model built: vit_giant_patch14_224 | Head: RegressionHead | Regression active: True
optimizer settings: {'lr': 0.0001, 'weight_decay': 0.0, 'eps': 1e-08, 'betas': [0.9, 0.95]}
[INFO] auto_resume is enabled but 'resume_checkpoint' path is empty. Skipping resume.
[INFO] Learning-rate scheduler disabled: optimizer will use fixed lr.
start epoch0
Epoch: [0]  [  0/127]  eta: 0:14:15  lr: 0.000100  loss: 2970.9534 (2970.9534)  geo_km: 321.2818 (321.2818)  time: 6.7353 (6.7353 -- 6.7353)  data: 0.8009 (0.8009 -- 0.8009)  max mem: 44410
Epoch: [0]  [ 20/127]  eta: 0:03:56  lr: 0.000100  loss: 9687.0977 (11748.6162)  geo_km: 531.6544 (563.0510)  time: 1.9824 (1.9106 -- 1.9927)  data: 0.0001 (0.0001 -- 0.0004)  max mem: 54943
Epoch: [0]  [ 40/127]  eta: 0:03:02  lr: 0.000100  loss: 11859.4424 (11598.4276)  geo_km: 556.8882 (560.0129)  time: 1.9885 (1.9832 -- 1.9945)  data: 0.0001 (0.0001 -- 0.0004)  max mem: 54943
Epoch: [0]  [ 60/127]  eta: 0:02:18  lr: 0.000100  loss: 9078.1045 (11138.4670)  geo_km: 482.0533 (540.3382)  time: 1.9925 (1.9877 -- 2.0067)  data: 0.0001 (0.0001 -- 0.0002)  max mem: 54943
Epoch: [0]  [ 80/127]  eta: 0:01:36  lr: 0.000100  loss: 10476.8711 (11138.7745)  geo_km: 514.9359 (540.2406)  time: 1.9915 (1.9863 -- 1.9990)  data: 0.0001 (0.0001 -- 0.0001)  max mem: 54943
Epoch: [0]  [100/127]  eta: 0:00:54  lr: 0.000100  loss: 8760.9082 (10755.5060)  geo_km: 476.8964 (526.7942)  time: 1.9944 (1.9858 -- 2.0011)  data: 0.0001 (0.0001 -- 0.0001)  max mem: 54943
Epoch: [0]  [120/127]  eta: 0:00:14  lr: 0.000100  loss: 8539.0000 (10548.5801)  geo_km: 472.8142 (522.6050)  time: 1.9928 (1.9850 -- 2.0002)  data: 0.0001 (0.0001 -- 0.0001)  max mem: 54943
Epoch: [0]  [126/127]  eta: 0:00:02  lr: 0.000100  loss: 10168.2441 (10466.7891)  geo_km: 473.2414 (519.2498)  time: 1.9913 (1.9850 -- 1.9987)  data: 0.0001 (0.0001 -- 0.0001)  max mem: 54943
Epoch: [0] Total time: 0:04:17 (2.0278 s / it)
train step
Test:  [0/5]  eta: 0:00:04  loss: 1562.0627 (1562.0627)  geo_km: 164.8462 (164.8462)  time: 0.9033 (0.9033 -- 0.9033)  data: 0.2913 (0.2913 -- 0.2913)  max mem: 54943
Test:  [4/5]  eta: 0:00:00  loss: 4882.8047 (4265.4127)  geo_km: 356.9265 (283.6394)  time: 0.6573 (0.5957 -- 0.9033)  data: 0.0583 (0.0001 -- 0.2913)  max mem: 54943
Test: Total time: 0:00:03 (0.6575 s / it)
Test:  [0/6]  eta: 0:00:05  loss: 12950.0273 (12950.0273)  geo_km: 709.6530 (709.6530)  time: 0.9343 (0.9343 -- 0.9343)  data: 0.3320 (0.3320 -- 0.3320)  max mem: 54943
Test:  [5/6]  eta: 0:00:00  loss: 7423.2686 (9127.2310)  geo_km: 443.6366 (506.9894)  time: 0.6529 (0.5965 -- 0.9343)  data: 0.0554 (0.0001 -- 0.3320)  max mem: 54943
Test: Total time: 0:00:03 (0.6530 s / it)
eval step
start epoch1
Epoch: [1]  [  0/127]  eta: 0:04:23  lr: 0.000100  loss: 15326.5996 (15326.5996)  geo_km: 566.8622 (566.8623)  time: 2.0778 (2.0778 -- 2.0778)  data: 0.1638 (0.1638 -- 0.1638)  max mem: 54943
Epoch: [1]  [ 20/127]  eta: 0:03:34  lr: 0.000100  loss: 7399.6709 (9059.5204)  geo_km: 410.5646 (458.5423)  time: 1.9962 (1.9896 -- 2.0153)  data: 0.0001 (0.0001 -- 0.0004)  max mem: 54943
Epoch: [1]  [ 40/127]  eta: 0:02:53  lr: 0.000100  loss: 8212.1816 (8360.6244)  geo_km: 434.8452 (446.8479)  time: 1.9925 (1.9857 -- 1.9983)  data: 0.0001 (0.0001 -- 0.0006)  max mem: 54943
Epoch: [1]  [ 60/127]  eta: 0:02:13  lr: 0.000100  loss: 7509.3423 (8423.5017)  geo_km: 435.6923 (443.1269)  time: 1.9893 (1.9837 -- 1.9957)  data: 0.0001 (0.0001 -- 0.0004)  max mem: 54943
Epoch: [1]  [ 80/127]  eta: 0:01:33  lr: 0.000100  loss: 6295.0513 (8022.7041)  geo_km: 426.4222 (429.9750)  time: 1.9850 (1.9803 -- 1.9885)  data: 0.0001 (0.0001 -- 0.0005)  max mem: 54943
Epoch: [1]  [100/127]  eta: 0:00:53  lr: 0.000100  loss: 6485.3154 (7660.5775)  geo_km: 393.7986 (420.1839)  time: 1.9830 (1.9795 -- 1.9894)  data: 0.0001 (0.0001 -- 0.0005)  max mem: 54943
Epoch: [1]  [120/127]  eta: 0:00:13  lr: 0.000100  loss: 5609.1172 (7375.7048)  geo_km: 358.8561 (412.9967)  time: 1.9855 (1.9819 -- 1.9908)  data: 0.0001 (0.0001 -- 0.0004)  max mem: 54943
Epoch: [1]  [126/127]  eta: 0:00:01  lr: 0.000100  loss: 6334.1436 (7392.2164)  geo_km: 375.2988 (413.4836)  time: 1.9842 (1.9794 -- 1.9908)  data: 0.0001 (0.0001 -- 0.0001)  max mem: 54944
Epoch: [1] Total time: 0:04:12 (1.9890 s / it)
train step
Test:  [0/5]  eta: 0:00:03  loss: 1180.9275 (1180.9275)  geo_km: 157.6394 (157.6394)  time: 0.7444 (0.7444 -- 0.7444)  data: 0.1459 (0.1459 -- 0.1459)  max mem: 54944
Test:  [4/5]  eta: 0:00:00  loss: 3099.8298 (2783.1422)  geo_km: 285.4021 (225.2915)  time: 0.6253 (0.5954 -- 0.7444)  data: 0.0292 (0.0001 -- 0.1459)  max mem: 54944
Test: Total time: 0:00:03 (0.6255 s / it)
Test:  [0/6]  eta: 0:00:04  loss: 9960.0801 (9960.0801)  geo_km: 606.1558 (606.1558)  time: 0.7294 (0.7294 -- 0.7294)  data: 0.1292 (0.1292 -- 0.1292)  max mem: 54944
Test:  [5/6]  eta: 0:00:00  loss: 5006.8281 (6295.1925)  geo_km: 352.9850 (414.0467)  time: 0.6186 (0.5964 -- 0.7294)  data: 0.0216 (0.0001 -- 0.1292)  max mem: 54944
Test: Total time: 0:00:03 (0.6188 s / it)
eval step
start epoch2
Epoch: [2]  [  0/127]  eta: 0:04:24  lr: 0.000100  loss: 5407.5430 (5407.5430)  geo_km: 340.0054 (340.0054)  time: 2.0848 (2.0848 -- 2.0848)  data: 0.1307 (0.1307 -- 0.1307)  max mem: 54944
Epoch: [2]  [ 20/127]  eta: 0:03:33  lr: 0.000100  loss: 5091.6313 (5380.0605)  geo_km: 361.0026 (366.5587)  time: 1.9873 (1.9802 -- 2.0147)  data: 0.0001 (0.0001 -- 0.0004)  max mem: 54944
Epoch: [2]  [ 40/127]  eta: 0:02:53  lr: 0.000100  loss: 3330.6201 (4372.7974)  geo_km: 292.5519 (322.8832)  time: 1.9962 (1.8935 -- 2.1850)  data: 0.0001 (0.0001 -- 0.0005)  max mem: 54944
Epoch: [2]  [ 60/127]  eta: 0:02:13  lr: 0.000100  loss: 3701.2900 (4531.0302)  geo_km: 317.9282 (321.1742)  time: 1.9897 (1.9823 -- 1.9966)  data: 0.0001 (0.0001 -- 0.0004)  max mem: 54944
Epoch: [2]  [ 80/127]  eta: 0:01:33  lr: 0.000100  loss: 4898.6802 (4731.7748)  geo_km: 347.0069 (325.7967)  time: 1.9897 (1.9840 -- 1.9941)  data: 0.0001 (0.0001 -- 0.0005)  max mem: 54944
Epoch: [2]  [100/127]  eta: 0:00:53  lr: 0.000100  loss: 3547.2710 (4650.8319)  geo_km: 272.9846 (322.7427)  time: 1.9901 (1.9858 -- 1.9955)  data: 0.0001 (0.0001 -- 0.0004)  max mem: 54944
Epoch: [2]  [120/127]  eta: 0:00:13  lr: 0.000100  loss: 4603.7212 (4701.0356)  geo_km: 339.4000 (323.4940)  time: 1.9847 (1.9810 -- 1.9905)  data: 0.0001 (0.0001 -- 0.0005)  max mem: 54944
Epoch: [2]  [126/127]  eta: 0:00:01  lr: 0.000100  loss: 4237.0981 (4697.8051)  geo_km: 329.2902 (323.1683)  time: 1.9851 (1.9810 -- 1.9905)  data: 0.0001 (0.0001 -- 0.0005)  max mem: 54944
Epoch: [2] Total time: 0:04:12 (1.9903 s / it)
train step
Test:  [0/5]  eta: 0:00:03  loss: 1518.4092 (1518.4092)  geo_km: 189.2083 (189.2083)  time: 0.7267 (0.7267 -- 0.7267)  data: 0.1262 (0.1262 -- 0.1262)  max mem: 54944
Test:  [4/5]  eta: 0:00:00  loss: 1933.8752 (1969.8231)  geo_km: 193.1145 (197.8924)  time: 0.6218 (0.5954 -- 0.7267)  data: 0.0253 (0.0001 -- 0.1262)  max mem: 54944
Test: Total time: 0:00:03 (0.6220 s / it)
Test:  [0/6]  eta: 0:00:04  loss: 7434.9507 (7434.9507)  geo_km: 507.3942 (507.3942)  time: 0.7249 (0.7249 -- 0.7249)  data: 0.1247 (0.1247 -- 0.1247)  max mem: 54944
Test:  [5/6]  eta: 0:00:00  loss: 3070.0898 (4049.4719)  geo_km: 257.8557 (323.2021)  time: 0.6171 (0.5954 -- 0.7249)  data: 0.0209 (0.0001 -- 0.1247)  max mem: 54944
Test: Total time: 0:00:03 (0.6173 s / it)
eval step
start epoch3
Epoch: [3]  [  0/127]  eta: 0:04:27  lr: 0.000100  loss: 9476.7939 (9476.7939)  geo_km: 427.3958 (427.3958)  time: 2.1068 (2.1068 -- 2.1068)  data: 0.1368 (0.1368 -- 0.1368)  max mem: 54944
Epoch: [3]  [ 20/127]  eta: 0:03:39  lr: 0.000100  loss: 2477.6008 (3489.0692)  geo_km: 260.9055 (267.0998)  time: 2.0476 (1.9879 -- 3.1178)  data: 0.0001 (0.0001 -- 0.0004)  max mem: 54944
Epoch: [3]  [ 40/127]  eta: 0:02:55  lr: 0.000100  loss: 4267.6787 (4141.0279)  geo_km: 317.3339 (292.1093)  time: 1.9874 (1.9819 -- 1.9930)  data: 0.0001 (0.0001 -- 0.0001)  max mem: 54944
Epoch: [3]  [ 60/127]  eta: 0:02:14  lr: 0.000100  loss: 2345.4121 (3699.8361)  geo_km: 263.1682 (278.6216)  time: 1.9851 (1.9806 -- 1.9888)  data: 0.0001 (0.0001 -- 0.0005)  max mem: 54944
Epoch: [3]  [ 80/127]  eta: 0:01:34  lr: 0.000100  loss: 2503.3481 (3474.1682)  geo_km: 250.9226 (272.5275)  time: 1.9824 (1.9799 -- 1.9851)  data: 0.0001 (0.0001 -- 0.0004)  max mem: 54944
Epoch: [3]  [100/127]  eta: 0:00:53  lr: 0.000100  loss: 2946.4736 (3433.1238)  geo_km: 261.8085 (271.1847)  time: 1.9849 (1.9811 -- 1.9880)  data: 0.0001 (0.0001 -- 0.0005)  max mem: 54944
Epoch: [3]  [120/127]  eta: 0:00:13  lr: 0.000100  loss: 2409.1350 (3319.5794)  geo_km: 223.1975 (266.7885)  time: 1.9867 (1.9802 -- 1.9899)  data: 0.0001 (0.0001 -- 0.0004)  max mem: 54944
Epoch: [3]  [126/127]  eta: 0:00:01  lr: 0.000100  loss: 2369.4805 (3302.7375)  geo_km: 210.9959 (266.9037)  time: 1.9853 (1.9802 -- 1.9899)  data: 0.0001 (0.0001 -- 0.0004)  max mem: 54944
Epoch: [3] Total time: 0:04:13 (1.9960 s / it)
train step
Test:  [0/5]  eta: 0:00:03  loss: 2561.9871 (2561.9871)  geo_km: 243.2942 (243.2942)  time: 0.7530 (0.7530 -- 0.7530)  data: 0.1486 (0.1486 -- 0.1486)  max mem: 54944
Test:  [4/5]  eta: 0:00:00  loss: 1767.9305 (1874.7021)  geo_km: 222.7969 (202.4637)  time: 0.6280 (0.5967 -- 0.7530)  data: 0.0298 (0.0001 -- 0.1486)  max mem: 54944
Test: Total time: 0:00:03 (0.6282 s / it)
Test:  [0/6]  eta: 0:00:04  loss: 5835.4976 (5835.4976)  geo_km: 424.4909 (424.4909)  time: 0.7591 (0.7591 -- 0.7591)  data: 0.1600 (0.1600 -- 0.1600)  max mem: 54944
Test:  [5/6]  eta: 0:00:00  loss: 1368.0709 (2554.5401)  geo_km: 165.3771 (246.1160)  time: 0.6239 (0.5967 -- 0.7591)  data: 0.0267 (0.0001 -- 0.1600)  max mem: 54944
Test: Total time: 0:00:03 (0.6241 s / it)
eval step
start epoch4
Epoch: [4]  [  0/127]  eta: 0:04:21  lr: 0.000100  loss: 6420.8511 (6420.8511)  geo_km: 349.6936 (349.6936)  time: 2.0555 (2.0555 -- 2.0555)  data: 0.1395 (0.1395 -- 0.1395)  max mem: 54944
Epoch: [4]  [ 20/127]  eta: 0:03:33  lr: 0.000100  loss: 2529.7671 (3033.3765)  geo_km: 233.1268 (253.6828)  time: 1.9888 (1.9848 -- 1.9930)  data: 0.0002 (0.0001 -- 0.0005)  max mem: 54944
Epoch: [4]  [ 40/127]  eta: 0:02:53  lr: 0.000100  loss: 2267.3604 (2811.3229)  geo_km: 251.0705 (248.2045)  time: 1.9910 (1.9866 -- 1.9962)  data: 0.0002 (0.0001 -- 0.0005)  max mem: 54944
Epoch: [4]  [ 60/127]  eta: 0:02:13  lr: 0.000100  loss: 2944.0972 (2816.5104)  geo_km: 258.2714 (250.8094)  time: 1.9938 (1.9866 -- 2.0018)  data: 0.0002 (0.0001 -- 0.0005)  max mem: 54944
Epoch: [4]  [ 80/127]  eta: 0:01:33  lr: 0.000100  loss: 2176.3501 (2686.7967)  geo_km: 202.0663 (241.7166)  time: 1.9969 (1.9922 -- 2.0019)  data: 0.0001 (0.0001 -- 0.0005)  max mem: 54944
Epoch: [4]  [100/127]  eta: 0:00:53  lr: 0.000100  loss: 2802.0908 (2804.8235)  geo_km: 264.4777 (247.3220)  time: 1.9947 (1.9901 -- 2.0003)  data: 0.0001 (0.0001 -- 0.0004)  max mem: 54944
Epoch: [4]  [120/127]  eta: 0:00:13  lr: 0.000100  loss: 2100.4377 (2793.9058)  geo_km: 222.4789 (247.7905)  time: 1.9930 (1.9844 -- 1.9969)  data: 0.0001 (0.0001 -- 0.0005)  max mem: 54944
Epoch: [4]  [126/127]  eta: 0:00:01  lr: 0.000100  loss: 2145.3127 (2796.3518)  geo_km: 208.1479 (248.0417)  time: 1.9931 (1.9881 -- 1.9969)  data: 0.0001 (0.0001 -- 0.0005)  max mem: 54944
Epoch: [4] Total time: 0:04:13 (1.9935 s / it)
train step
Test:  [0/5]  eta: 0:00:03  loss: 3982.1182 (3982.1182)  geo_km: 299.5675 (299.5675)  time: 0.7572 (0.7572 -- 0.7572)  data: 0.1603 (0.1603 -- 0.1603)  max mem: 54944
Test:  [4/5]  eta: 0:00:00  loss: 2023.1302 (2353.4407)  geo_km: 225.3235 (224.8130)  time: 0.6281 (0.5957 -- 0.7572)  data: 0.0321 (0.0001 -- 0.1603)  max mem: 54944
Test: Total time: 0:00:03 (0.6283 s / it)
Test:  [0/6]  eta: 0:00:04  loss: 5141.2461 (5141.2461)  geo_km: 367.3185 (367.3185)  time: 0.7280 (0.7280 -- 0.7280)  data: 0.1234 (0.1234 -- 0.1234)  max mem: 54944
Test:  [5/6]  eta: 0:00:00  loss: 521.8365 (1874.8729)  geo_km: 106.7115 (197.3377)  time: 0.6188 (0.5968 -- 0.7280)  data: 0.0206 (0.0001 -- 0.1234)  max mem: 54944
Test: Total time: 0:00:03 (0.6189 s / it)
eval step
start epoch5
Epoch: [5]  [  0/127]  eta: 0:04:25  lr: 0.000100  loss: 892.9661 (892.9661)  geo_km: 147.6404 (147.6404)  time: 2.0936 (2.0936 -- 2.0936)  data: 0.1247 (0.1247 -- 0.1247)  max mem: 54944
Epoch: [5]  [ 20/127]  eta: 0:03:39  lr: 0.000100  loss: 2220.2258 (2289.2189)  geo_km: 237.6663 (231.3029)  time: 2.0458 (1.9823 -- 3.1643)  data: 0.0001 (0.0001 -- 0.0004)  max mem: 54944
Epoch: [5]  [ 40/127]  eta: 0:02:55  lr: 0.000100  loss: 2980.1350 (2654.9652)  geo_km: 251.1082 (243.8620)  time: 1.9841 (1.9809 -- 1.9895)  data: 0.0002 (0.0001 -- 0.0005)  max mem: 54944
Epoch: [5]  [ 60/127]  eta: 0:02:14  lr: 0.000100  loss: 1793.2917 (2540.3461)  geo_km: 212.0733 (237.4128)  time: 1.9850 (1.9810 -- 1.9882)  data: 0.0002 (0.0001 -- 0.0006)  max mem: 54944
Epoch: [5]  [ 80/127]  eta: 0:01:34  lr: 0.000100  loss: 2878.2400 (2568.0325)  geo_km: 244.3361 (236.8006)  time: 1.9842 (1.9799 -- 1.9885)  data: 0.0002 (0.0001 -- 0.0005)  max mem: 54944
Epoch: [5]  [100/127]  eta: 0:00:53  lr: 0.000100  loss: 2588.7253 (2598.5550)  geo_km: 223.9503 (237.5007)  time: 1.9860 (1.9828 -- 1.9891)  data: 0.0001 (0.0001 -- 0.0005)  max mem: 54945
Epoch: [5]  [120/127]  eta: 0:00:13  lr: 0.000100  loss: 2679.9678 (2636.4134)  geo_km: 251.8764 (240.5818)  time: 1.9859 (1.9793 -- 1.9899)  data: 0.0001 (0.0001 -- 0.0005)  max mem: 54946
Epoch: [5]  [126/127]  eta: 0:00:01  lr: 0.000100  loss: 1938.2731 (2607.6519)  geo_km: 246.6197 (239.4768)  time: 1.9845 (1.9793 -- 1.9899)  data: 0.0001 (0.0001 -- 0.0005)  max mem: 54946
Epoch: [5] Total time: 0:04:13 (1.9954 s / it)
train step
Test:  [0/5]  eta: 0:00:03  loss: 4402.9956 (4402.9956)  geo_km: 317.0956 (317.0956)  time: 0.7515 (0.7515 -- 0.7515)  data: 0.1507 (0.1507 -- 0.1507)  max mem: 54946
Test:  [4/5]  eta: 0:00:00  loss: 1769.6122 (2464.3558)  geo_km: 214.1834 (222.8989)  time: 0.6283 (0.5973 -- 0.7515)  data: 0.0302 (0.0001 -- 0.1507)  max mem: 54946
Test: Total time: 0:00:03 (0.6285 s / it)
Test:  [0/6]  eta: 0:00:04  loss: 5147.5205 (5147.5205)  geo_km: 354.6054 (354.6054)  time: 0.7286 (0.7286 -- 0.7286)  data: 0.1277 (0.1277 -- 0.1277)  max mem: 54946
Test:  [5/6]  eta: 0:00:00  loss: 435.1635 (1743.2568)  geo_km: 118.5877 (185.9998)  time: 0.6188 (0.5967 -- 0.7286)  data: 0.0213 (0.0001 -- 0.1277)  max mem: 54946
Test: Total time: 0:00:03 (0.6189 s / it)
eval step
start epoch6
Epoch: [6]  [  0/127]  eta: 0:04:22  lr: 0.000100  loss: 2955.1909 (2955.1909)  geo_km: 257.2821 (257.2821)  time: 2.0651 (2.0651 -- 2.0651)  data: 0.1647 (0.1647 -- 0.1647)  max mem: 54946
Epoch: [6]  [ 20/127]  eta: 0:03:33  lr: 0.000100  loss: 2293.8855 (2673.9896)  geo_km: 221.0026 (236.5785)  time: 1.9870 (1.9836 -- 1.9917)  data: 0.0002 (0.0001 -- 0.0005)  max mem: 54946
Epoch: [6]  [ 40/127]  eta: 0:02:53  lr: 0.000100  loss: 1884.9902 (2373.1815)  geo_km: 220.9407 (225.1869)  time: 1.9883 (1.9841 -- 1.9933)  data: 0.0001 (0.0001 -- 0.0005)  max mem: 54946
Epoch: [6]  [ 60/127]  eta: 0:02:13  lr: 0.000100  loss: 2687.4319 (2424.1108)  geo_km: 242.6043 (225.9136)  time: 1.9896 (1.9835 -- 1.9953)  data: 0.0002 (0.0001 -- 0.0005)  max mem: 54946
Epoch: [6]  [ 80/127]  eta: 0:01:33  lr: 0.000100  loss: 2039.3931 (2369.6973)  geo_km: 212.3178 (225.2959)  time: 1.9912 (1.9867 -- 1.9952)  data: 0.0001 (0.0001 -- 0.0004)  max mem: 54946
Epoch: [6]  [100/127]  eta: 0:00:53  lr: 0.000100  loss: 1938.5140 (2350.0887)  geo_km: 196.4935 (224.3252)  time: 1.9895 (1.9839 -- 1.9961)  data: 0.0002 (0.0001 -- 0.0005)  max mem: 54946
Epoch: [6]  [120/127]  eta: 0:00:13  lr: 0.000100  loss: 1713.3148 (2366.6143)  geo_km: 222.8786 (224.9175)  time: 1.9917 (1.9870 -- 1.9958)  data: 0.0002 (0.0001 -- 0.0005)  max mem: 54946
Epoch: [6]  [126/127]  eta: 0:00:01  lr: 0.000100  loss: 2191.8584 (2355.6494)  geo_km: 222.8786 (224.8854)  time: 1.9911 (1.9847 -- 1.9958)  data: 0.0001 (0.0001 -- 0.0005)  max mem: 54946
Epoch: [6] Total time: 0:04:12 (1.9902 s / it)
train step
Test:  [0/5]  eta: 0:00:03  loss: 4856.2153 (4856.2153)  geo_km: 332.7053 (332.7053)  time: 0.7547 (0.7547 -- 0.7547)  data: 0.1562 (0.1562 -- 0.1562)  max mem: 54946
Test:  [4/5]  eta: 0:00:00  loss: 2143.9546 (2690.3324)  geo_km: 213.0977 (236.1108)  time: 0.6287 (0.5970 -- 0.7547)  data: 0.0313 (0.0001 -- 0.1562)  max mem: 54946
Test: Total time: 0:00:03 (0.6289 s / it)
Test:  [0/6]  eta: 0:00:04  loss: 5223.6680 (5223.6680)  geo_km: 355.8668 (355.8668)  time: 0.7312 (0.7312 -- 0.7312)  data: 0.1299 (0.1299 -- 0.1299)  max mem: 54946
Test:  [5/6]  eta: 0:00:00  loss: 429.9951 (1830.4093)  geo_km: 114.5963 (187.8639)  time: 0.6196 (0.5971 -- 0.7312)  data: 0.0217 (0.0001 -- 0.1299)  max mem: 54946
Test: Total time: 0:00:03 (0.6198 s / it)
eval step
start epoch7
Epoch: [7]  [  0/127]  eta: 0:04:26  lr: 0.000100  loss: 1724.7560 (1724.7560)  geo_km: 194.6910 (194.6910)  time: 2.1017 (2.1017 -- 2.1017)  data: 0.1346 (0.1346 -- 0.1346)  max mem: 54946
Epoch: [7]  [ 20/127]  eta: 0:03:37  lr: 0.000100  loss: 2021.5455 (2167.0857)  geo_km: 217.2835 (205.7504)  time: 2.0286 (1.9817 -- 2.8553)  data: 0.0001 (0.0001 -- 0.0005)  max mem: 54946
Epoch: [7]  [ 40/127]  eta: 0:02:54  lr: 0.000100  loss: 1882.1987 (2308.6598)  geo_km: 222.1451 (221.1819)  time: 1.9868 (1.9843 -- 1.9902)  data: 0.0001 (0.0001 -- 0.0004)  max mem: 54947
Epoch: [7]  [ 60/127]  eta: 0:02:14  lr: 0.000100  loss: 1722.1381 (2234.3158)  geo_km: 199.9189 (215.1657)  time: 1.9862 (1.9831 -- 1.9905)  data: 0.0001 (0.0001 -- 0.0004)  max mem: 54947
Epoch: [7]  [ 80/127]  eta: 0:01:33  lr: 0.000100  loss: 2132.2952 (2300.8196)  geo_km: 200.4869 (219.3890)  time: 1.9867 (1.9819 -- 1.9961)  data: 0.0001 (0.0001 -- 0.0004)  max mem: 54947
Epoch: [7]  [100/127]  eta: 0:00:53  lr: 0.000100  loss: 2694.7729 (2409.3405)  geo_km: 234.7968 (225.5297)  time: 1.9909 (1.9875 -- 1.9944)  data: 0.0001 (0.0001 -- 0.0001)  max mem: 54947
Epoch: [7]  [120/127]  eta: 0:00:13  lr: 0.000100  loss: 2494.4866 (2459.4699)  geo_km: 241.3345 (227.4357)  time: 1.9913 (1.9871 -- 1.9954)  data: 0.0001 (0.0001 -- 0.0001)  max mem: 54947
Epoch: [7]  [126/127]  eta: 0:00:01  lr: 0.000100  loss: 2494.4866 (2484.7956)  geo_km: 241.3345 (228.7818)  time: 1.9909 (1.9871 -- 1.9954)  data: 0.0001 (0.0001 -- 0.0001)  max mem: 54947
Epoch: [7] Total time: 0:04:13 (1.9958 s / it)
train step
Test:  [0/5]  eta: 0:00:03  loss: 4823.1167 (4823.1167)  geo_km: 325.9260 (325.9259)  time: 0.7601 (0.7601 -- 0.7601)  data: 0.1626 (0.1626 -- 0.1626)  max mem: 54947
Test:  [4/5]  eta: 0:00:00  loss: 2144.9053 (2794.1560)  geo_km: 224.6718 (242.0528)  time: 0.6289 (0.5959 -- 0.7601)  data: 0.0326 (0.0001 -- 0.1626)  max mem: 54947
Test: Total time: 0:00:03 (0.6291 s / it)
Test:  [0/6]  eta: 0:00:04  loss: 4846.6099 (4846.6099)  geo_km: 343.9046 (343.9046)  time: 0.7249 (0.7249 -- 0.7249)  data: 0.1259 (0.1259 -- 0.1259)  max mem: 54947
Test:  [5/6]  eta: 0:00:00  loss: 568.9313 (1770.1805)  geo_km: 136.9369 (189.3591)  time: 0.6173 (0.5957 -- 0.7249)  data: 0.0211 (0.0001 -- 0.1259)  max mem: 54947
Test: Total time: 0:00:03 (0.6175 s / it)
eval step
start epoch8
Epoch: [8]  [  0/127]  eta: 0:04:26  lr: 0.000100  loss: 1674.2844 (1674.2844)  geo_km: 216.4628 (216.4628)  time: 2.0947 (2.0947 -- 2.0947)  data: 0.1255 (0.1255 -- 0.1255)  max mem: 54947
Epoch: [8]  [ 20/127]  eta: 0:03:42  lr: 0.000100  loss: 2030.5785 (2561.0633)  geo_km: 220.8165 (227.3806)  time: 2.0743 (1.9929 -- 3.5068)  data: 0.0001 (0.0001 -- 0.0001)  max mem: 54947
Epoch: [8]  [ 40/127]  eta: 0:02:57  lr: 0.000100  loss: 1977.2094 (2400.5632)  geo_km: 223.6336 (223.1841)  time: 1.9990 (1.9939 -- 2.0038)  data: 0.0001 (0.0001 -- 0.0004)  max mem: 54947
Epoch: [8]  [ 60/127]  eta: 0:02:15  lr: 0.000100  loss: 2221.6204 (2454.9609)  geo_km: 229.7407 (228.9118)  time: 1.9984 (1.9916 -- 2.0047)  data: 0.0001 (0.0001 -- 0.0001)  max mem: 54947
Epoch: [8]  [ 80/127]  eta: 0:01:34  lr: 0.000100  loss: 1302.2152 (2366.7194)  geo_km: 174.9340 (223.0275)  time: 1.9983 (1.9943 -- 2.0026)  data: 0.0001 (0.0001 -- 0.0005)  max mem: 54947
Epoch: [8]  [100/127]  eta: 0:00:54  lr: 0.000100  loss: 2389.8154 (2421.1448)  geo_km: 248.4477 (225.4737)  time: 1.9956 (1.9912 -- 2.0015)  data: 0.0001 (0.0001 -- 0.0005)  max mem: 54947
Epoch: [8]  [120/127]  eta: 0:00:14  lr: 0.000100  loss: 1942.5985 (2390.2803)  geo_km: 194.6147 (222.9390)  time: 1.9912 (1.9851 -- 1.9980)  data: 0.0001 (0.0001 -- 0.0004)  max mem: 54947
Epoch: [8]  [126/127]  eta: 0:00:02  lr: 0.000100  loss: 2206.5317 (2415.2110)  geo_km: 218.2220 (224.4557)  time: 1.9885 (1.9831 -- 1.9955)  data: 0.0001 (0.0001 -- 0.0002)  max mem: 54947
Epoch: [8] Total time: 0:04:15 (2.0090 s / it)
train step
Test:  [0/5]  eta: 0:00:03  loss: 4487.5527 (4487.5527)  geo_km: 323.8511 (323.8511)  time: 0.7552 (0.7552 -- 0.7552)  data: 0.1569 (0.1569 -- 0.1569)  max mem: 54947
Test:  [4/5]  eta: 0:00:00  loss: 1915.7269 (2558.8548)  geo_km: 231.9510 (245.1895)  time: 0.6283 (0.5963 -- 0.7552)  data: 0.0314 (0.0001 -- 0.1569)  max mem: 54947
Test: Total time: 0:00:03 (0.6285 s / it)
Test:  [0/6]  eta: 0:00:04  loss: 4375.4233 (4375.4233)  geo_km: 329.4790 (329.4790)  time: 0.7468 (0.7468 -- 0.7468)  data: 0.1446 (0.1446 -- 0.1446)  max mem: 54947
Test:  [5/6]  eta: 0:00:00  loss: 691.5328 (1737.4707)  geo_km: 152.6625 (191.1071)  time: 0.6223 (0.5973 -- 0.7468)  data: 0.0242 (0.0001 -- 0.1446)  max mem: 54947
Test: Total time: 0:00:03 (0.6225 s / it)
eval step
start epoch9
Epoch: [9]  [  0/127]  eta: 0:04:26  lr: 0.000100  loss: 733.5549 (733.5549)  geo_km: 126.8969 (126.8969)  time: 2.0945 (2.0945 -- 2.0945)  data: 0.1292 (0.1292 -- 0.1292)  max mem: 54947
Epoch: [9]  [ 20/127]  eta: 0:03:35  lr: 0.000100  loss: 2449.9136 (2252.0741)  geo_km: 212.7124 (218.0552)  time: 2.0139 (1.9824 -- 2.5592)  data: 0.0001 (0.0001 -- 0.0004)  max mem: 54947
Epoch: [9]  [ 40/127]  eta: 0:02:54  lr: 0.000100  loss: 2489.2219 (2413.2530)  geo_km: 251.1410 (230.3740)  time: 1.9866 (1.9811 -- 1.9907)  data: 0.0001 (0.0001 -- 0.0004)  max mem: 54947
Epoch: [9]  [ 60/127]  eta: 0:02:13  lr: 0.000100  loss: 2346.2324 (2609.0717)  geo_km: 240.4582 (238.7248)  time: 1.9866 (1.9832 -- 1.9900)  data: 0.0002 (0.0001 -- 0.0004)  max mem: 54947
Epoch: [9]  [ 80/127]  eta: 0:01:33  lr: 0.000100  loss: 2328.0950 (2637.5744)  geo_km: 240.6875 (240.4006)  time: 1.9849 (1.9797 -- 1.9889)  data: 0.0001 (0.0001 -- 0.0004)  max mem: 54947
Epoch: [9]  [100/127]  eta: 0:00:53  lr: 0.000100  loss: 1912.9053 (2601.8731)  geo_km: 234.7505 (238.7972)  time: 1.9872 (1.9831 -- 1.9903)  data: 0.0002 (0.0001 -- 0.0005)  max mem: 54947
Epoch: [9]  [120/127]  eta: 0:00:13  lr: 0.000100  loss: 2043.2102 (2527.9462)  geo_km: 221.1493 (234.7801)  time: 1.9863 (1.9805 -- 1.9917)  data: 0.0001 (0.0001 -- 0.0004)  max mem: 54947
Epoch: [9]  [126/127]  eta: 0:00:01  lr: 0.000100  loss: 1934.9749 (2502.4184)  geo_km: 221.1493 (232.5643)  time: 1.9856 (1.9805 -- 1.9916)  data: 0.0001 (0.0001 -- 0.0004)  max mem: 54947
Epoch: [9] Total time: 0:04:12 (1.9916 s / it)
train step
Test:  [0/5]  eta: 0:00:03  loss: 4030.4465 (4030.4465)  geo_km: 308.8669 (308.8669)  time: 0.7341 (0.7341 -- 0.7341)  data: 0.1338 (0.1338 -- 0.1338)  max mem: 54947
Test:  [4/5]  eta: 0:00:00  loss: 2086.0088 (2425.1164)  geo_km: 225.5421 (227.4078)  time: 0.6240 (0.5964 -- 0.7341)  data: 0.0268 (0.0001 -- 0.1338)  max mem: 54947
Test: Total time: 0:00:03 (0.6242 s / it)
Test:  [0/6]  eta: 0:00:04  loss: 5083.7705 (5083.7705)  geo_km: 350.6864 (350.6864)  time: 0.7277 (0.7277 -- 0.7277)  data: 0.1265 (0.1265 -- 0.1265)  max mem: 54947
Test:  [5/6]  eta: 0:00:00  loss: 506.8853 (1711.0702)  geo_km: 127.6960 (183.7913)  time: 0.6184 (0.5964 -- 0.7277)  data: 0.0212 (0.0001 -- 0.1265)  max mem: 54947
Test: Total time: 0:00:03 (0.6186 s / it)
eval step
start epoch10
Epoch: [10]  [  0/127]  eta: 0:04:21  lr: 0.000100  loss: 2767.1838 (2767.1838)  geo_km: 273.3285 (273.3285)  time: 2.0576 (2.0576 -- 2.0576)  data: 0.1424 (0.1424 -- 0.1424)  max mem: 54947
Epoch: [10]  [ 20/127]  eta: 0:03:33  lr: 0.000100  loss: 2565.3804 (2970.1598)  geo_km: 266.0429 (254.9008)  time: 1.9918 (1.9870 -- 1.9969)  data: 0.0001 (0.0001 -- 0.0005)  max mem: 54947
Epoch: [10]  [ 40/127]  eta: 0:02:53  lr: 0.000100  loss: 2194.4268 (2808.4947)  geo_km: 215.0855 (244.4540)  time: 1.9891 (1.9847 -- 1.9946)  data: 0.0001 (0.0001 -- 0.0004)  max mem: 54947
Epoch: [10]  [ 60/127]  eta: 0:02:13  lr: 0.000100  loss: 1339.0216 (2480.1681)  geo_km: 178.6741 (226.5293)  time: 1.9898 (1.9824 -- 1.9949)  data: 0.0001 (0.0001 -- 0.0001)  max mem: 54947
Epoch: [10]  [ 80/127]  eta: 0:01:33  lr: 0.000100  loss: 2122.7144 (2410.8386)  geo_km: 225.7072 (225.7332)  time: 1.9923 (1.9882 -- 1.9978)  data: 0.0001 (0.0001 -- 0.0004)  max mem: 54947
Epoch: [10]  [100/127]  eta: 0:00:53  lr: 0.000100  loss: 1662.5217 (2406.1018)  geo_km: 218.3768 (227.7693)  time: 1.9863 (1.9818 -- 1.9946)  data: 0.0001 (0.0001 -- 0.0005)  max mem: 54947
Epoch: [10]  [120/127]  eta: 0:00:13  lr: 0.000100  loss: 2372.3806 (2434.7614)  geo_km: 227.7183 (228.5869)  time: 1.9873 (1.9839 -- 1.9904)  data: 0.0001 (0.0001 -- 0.0004)  max mem: 54947
Epoch: [10]  [126/127]  eta: 0:00:01  lr: 0.000100  loss: 2635.0679 (2451.0698)  geo_km: 238.2766 (229.9102)  time: 1.9861 (1.9826 -- 1.9899)  data: 0.0001 (0.0001 -- 0.0004)  max mem: 54947
Epoch: [10] Total time: 0:04:12 (1.9898 s / it)
train step
Test:  [0/5]  eta: 0:00:03  loss: 4015.3906 (4015.3906)  geo_km: 297.4695 (297.4695)  time: 0.7680 (0.7680 -- 0.7680)  data: 0.1694 (0.1694 -- 0.1694)  max mem: 54947
Test:  [4/5]  eta: 0:00:00  loss: 2014.7109 (2460.4247)  geo_km: 222.6077 (217.9591)  time: 0.6311 (0.5968 -- 0.7680)  data: 0.0339 (0.0001 -- 0.1694)  max mem: 54947
Test: Total time: 0:00:03 (0.6313 s / it)
Test:  [0/6]  eta: 0:00:04  loss: 5619.4277 (5619.4277)  geo_km: 368.3749 (368.3749)  time: 0.7299 (0.7299 -- 0.7299)  data: 0.1282 (0.1282 -- 0.1282)  max mem: 54947
Test:  [5/6]  eta: 0:00:00  loss: 316.8478 (1926.1059)  geo_km: 94.0100 (187.4709)  time: 0.6200 (0.5977 -- 0.7299)  data: 0.0214 (0.0001 -- 0.1282)  max mem: 54947
Test: Total time: 0:00:03 (0.6201 s / it)
eval step
start epoch11
Epoch: [11]  [  0/127]  eta: 0:04:28  lr: 0.000100  loss: 3036.7925 (3036.7925)  geo_km: 221.5438 (221.5438)  time: 2.1158 (2.1158 -- 2.1158)  data: 0.1510 (0.1510 -- 0.1510)  max mem: 54947
Epoch: [11]  [ 20/127]  eta: 0:03:36  lr: 0.000100  loss: 1927.6724 (2189.7244)  geo_km: 198.9388 (208.1623)  time: 2.0175 (1.9816 -- 2.6402)  data: 0.0001 (0.0001 -- 0.0004)  max mem: 54947
Epoch: [11]  [ 40/127]  eta: 0:02:54  lr: 0.000100  loss: 2319.9541 (2433.4980)  geo_km: 246.3569 (221.3020)  time: 1.9878 (1.9837 -- 1.9905)  data: 0.0001 (0.0001 -- 0.0001)  max mem: 54947
Epoch: [11]  [ 60/127]  eta: 0:02:13  lr: 0.000100  loss: 2176.8984 (2488.7731)  geo_km: 207.6953 (224.5119)  time: 1.9869 (1.9809 -- 1.9926)  data: 0.0001 (0.0001 -- 0.0001)  max mem: 54947
Epoch: [11]  [ 80/127]  eta: 0:01:33  lr: 0.000100  loss: 2217.2095 (2407.2737)  geo_km: 234.5869 (225.8076)  time: 1.9868 (1.9809 -- 1.9945)  data: 0.0001 (0.0001 -- 0.0004)  max mem: 54947
Epoch: [11]  [100/127]  eta: 0:00:53  lr: 0.000100  loss: 1856.6096 (2403.7527)  geo_km: 197.9289 (225.7671)  time: 1.9958 (1.9868 -- 2.0020)  data: 0.0001 (0.0001 -- 0.0001)  max mem: 54947
Epoch: [11]  [120/127]  eta: 0:00:13  lr: 0.000100  loss: 1878.5491 (2384.6271)  geo_km: 217.7809 (224.4101)  time: 1.9961 (1.9895 -- 2.0010)  data: 0.0001 (0.0001 -- 0.0004)  max mem: 54947
Epoch: [11]  [126/127]  eta: 0:00:01  lr: 0.000100  loss: 1496.2212 (2349.4479)  geo_km: 184.7886 (222.3863)  time: 1.9966 (1.9895 -- 2.0010)  data: 0.0001 (0.0001 -- 0.0004)  max mem: 54947
Epoch: [11] Total time: 0:04:13 (1.9963 s / it)
train step
Test:  [0/5]  eta: 0:00:03  loss: 4517.9937 (4517.9937)  geo_km: 321.0253 (321.0253)  time: 0.7514 (0.7514 -- 0.7514)  data: 0.1514 (0.1514 -- 0.1514)  max mem: 54947
Test:  [4/5]  eta: 0:00:00  loss: 2166.3486 (2616.2806)  geo_km: 250.9663 (237.3518)  time: 0.6283 (0.5975 -- 0.7514)  data: 0.0303 (0.0001 -- 0.1514)  max mem: 54947
Test: Total time: 0:00:03 (0.6285 s / it)
Test:  [0/6]  eta: 0:00:04  loss: 6180.1074 (6180.1074)  geo_km: 410.9516 (410.9516)  time: 0.7341 (0.7341 -- 0.7341)  data: 0.1296 (0.1296 -- 0.1296)  max mem: 54947
Test:  [5/6]  eta: 0:00:00  loss: 271.6649 (1896.4563)  geo_km: 76.2831 (188.9591)  time: 0.6215 (0.5987 -- 0.7341)  data: 0.0217 (0.0001 -- 0.1296)  max mem: 54947
Test: Total time: 0:00:03 (0.6216 s / it)
eval step
start epoch12
Epoch: [12]  [  0/127]  eta: 0:04:21  lr: 0.000100  loss: 567.4183 (567.4183)  geo_km: 128.5819 (128.5819)  time: 2.0583 (2.0583 -- 2.0583)  data: 0.1550 (0.1550 -- 0.1550)  max mem: 54947
Epoch: [12]  [ 20/127]  eta: 0:03:34  lr: 0.000100  loss: 2234.2896 (2485.8195)  geo_km: 225.5999 (230.7683)  time: 1.9971 (1.9929 -- 2.0055)  data: 0.0001 (0.0001 -- 0.0005)  max mem: 54947
Epoch: [12]  [ 40/127]  eta: 0:02:53  lr: 0.000100  loss: 1603.7583 (2426.6317)  geo_km: 221.5060 (227.2789)  time: 1.9943 (1.9890 -- 2.0015)  data: 0.0001 (0.0001 -- 0.0005)  max mem: 54947
Epoch: [12]  [ 60/127]  eta: 0:02:13  lr: 0.000100  loss: 2308.9341 (2383.4191)  geo_km: 228.4734 (231.0959)  time: 1.9905 (1.9852 -- 1.9964)  data: 0.0002 (0.0001 -- 0.0005)  max mem: 54947
Epoch: [12]  [ 80/127]  eta: 0:01:33  lr: 0.000100  loss: 2832.2283 (2483.8820)  geo_km: 237.1245 (233.2283)  time: 1.9873 (1.9839 -- 1.9908)  data: 0.0002 (0.0001 -- 0.0004)  max mem: 54947
Epoch: [12]  [100/127]  eta: 0:00:53  lr: 0.000100  loss: 1410.3049 (2311.2445)  geo_km: 192.0572 (223.8690)  time: 1.9864 (1.9821 -- 1.9905)  data: 0.0001 (0.0001 -- 0.0005)  max mem: 54947
Epoch: [12]  [120/127]  eta: 0:00:13  lr: 0.000100  loss: 1890.3647 (2269.8064)  geo_km: 206.3107 (221.0516)  time: 1.9862 (1.9821 -- 1.9915)  data: 0.0001 (0.0001 -- 0.0005)  max mem: 54947
Epoch: [12]  [126/127]  eta: 0:00:01  lr: 0.000100  loss: 2329.5049 (2294.4785)  geo_km: 213.7116 (222.0353)  time: 1.9855 (1.9805 -- 1.9915)  data: 0.0001 (0.0001 -- 0.0005)  max mem: 54947
Epoch: [12] Total time: 0:04:12 (1.9906 s / it)
train step
Test:  [0/5]  eta: 0:00:03  loss: 4858.4570 (4858.4570)  geo_km: 316.1833 (316.1833)  time: 0.7667 (0.7667 -- 0.7667)  data: 0.1688 (0.1688 -- 0.1688)  max mem: 54947
Test:  [4/5]  eta: 0:00:00  loss: 2058.5933 (2809.8214)  geo_km: 239.9459 (245.5853)  time: 0.6307 (0.5966 -- 0.7667)  data: 0.0338 (0.0001 -- 0.1688)  max mem: 54947
Test: Total time: 0:00:03 (0.6309 s / it)
Test:  [0/6]  eta: 0:00:04  loss: 5830.8804 (5830.8804)  geo_km: 388.2176 (388.2176)  time: 0.7313 (0.7313 -- 0.7313)  data: 0.1293 (0.1293 -- 0.1293)  max mem: 54947
Test:  [5/6]  eta: 0:00:00  loss: 317.9082 (1913.5198)  geo_km: 84.6453 (196.5152)  time: 0.6200 (0.5973 -- 0.7313)  data: 0.0216 (0.0001 -- 0.1293)  max mem: 54947
Test: Total time: 0:00:03 (0.6202 s / it)
eval step
start epoch13
Epoch: [13]  [  0/127]  eta: 0:04:28  lr: 0.000100  loss: 3461.2666 (3461.2666)  geo_km: 265.0358 (265.0358)  time: 2.1144 (2.1144 -- 2.1144)  data: 0.1560 (0.1560 -- 0.1560)  max mem: 54947
Epoch: [13]  [ 20/127]  eta: 0:03:34  lr: 0.000100  loss: 2558.7180 (2914.3108)  geo_km: 245.5336 (260.8285)  time: 2.0011 (1.9842 -- 2.2650)  data: 0.0001 (0.0001 -- 0.0004)  max mem: 54947
Epoch: [13]  [ 40/127]  eta: 0:02:53  lr: 0.000100  loss: 2191.0190 (2646.8983)  geo_km: 212.8949 (244.5615)  time: 1.9888 (1.9845 -- 1.9973)  data: 0.0002 (0.0001 -- 0.0005)  max mem: 54947
Epoch: [13]  [ 60/127]  eta: 0:02:13  lr: 0.000100  loss: 1780.8843 (2511.4780)  geo_km: 194.3384 (232.3785)  time: 1.9853 (1.9816 -- 1.9932)  data: 0.0001 (0.0001 -- 0.0004)  max mem: 54947
Epoch: [13]  [ 80/127]  eta: 0:01:33  lr: 0.000100  loss: 2606.5742 (2573.1253)  geo_km: 239.2430 (233.4221)  time: 1.9875 (1.9800 -- 1.9973)  data: 0.0001 (0.0001 -- 0.0002)  max mem: 54947
Epoch: [13]  [100/127]  eta: 0:00:53  lr: 0.000100  loss: 2344.2910 (2546.9171)  geo_km: 228.9054 (232.5663)  time: 1.9932 (1.8931 -- 2.1336)  data: 0.0001 (0.0001 -- 0.0002)  max mem: 54947
Epoch: [13]  [120/127]  eta: 0:00:13  lr: 0.000100  loss: 2129.6091 (2544.4114)  geo_km: 233.5265 (234.3373)  time: 1.9918 (1.9855 -- 2.0239)  data: 0.0001 (0.0001 -- 0.0002)  max mem: 54947
Epoch: [13]  [126/127]  eta: 0:00:01  lr: 0.000100  loss: 2129.6091 (2530.9043)  geo_km: 235.0703 (233.3725)  time: 1.9906 (1.9855 -- 1.9980)  data: 0.0001 (0.0001 -- 0.0002)  max mem: 54947
Epoch: [13] Total time: 0:04:13 (1.9923 s / it)
train step
Test:  [0/5]  eta: 0:00:03  loss: 5061.8999 (5061.8999)  geo_km: 320.3478 (320.3478)  time: 0.7410 (0.7410 -- 0.7410)  data: 0.1392 (0.1392 -- 0.1392)  max mem: 54947
Test:  [4/5]  eta: 0:00:00  loss: 2733.3997 (2940.4519)  geo_km: 249.6965 (242.6494)  time: 0.6271 (0.5985 -- 0.7410)  data: 0.0279 (0.0001 -- 0.1392)  max mem: 54947
Test: Total time: 0:00:03 (0.6273 s / it)
Test:  [0/6]  eta: 0:00:04  loss: 6298.6211 (6298.6211)  geo_km: 417.5615 (417.5615)  time: 0.7335 (0.7335 -- 0.7335)  data: 0.1322 (0.1322 -- 0.1322)  max mem: 54947
Test:  [5/6]  eta: 0:00:00  loss: 329.5403 (2012.9440)  geo_km: 90.8249 (199.8890)  time: 0.6206 (0.5977 -- 0.7335)  data: 0.0221 (0.0001 -- 0.1322)  max mem: 54947
Test: Total time: 0:00:03 (0.6208 s / it)
eval step
start epoch14
Epoch: [14]  [  0/127]  eta: 0:04:19  lr: 0.000100  loss: 3046.6155 (3046.6155)  geo_km: 346.8550 (346.8550)  time: 2.0416 (2.0416 -- 2.0416)  data: 0.1380 (0.1380 -- 0.1380)  max mem: 54947
Epoch: [14]  [ 20/127]  eta: 0:03:33  lr: 0.000100  loss: 2229.2266 (2491.3459)  geo_km: 234.2927 (242.1603)  time: 1.9925 (1.9868 -- 1.9969)  data: 0.0001 (0.0001 -- 0.0004)  max mem: 54947
Epoch: [14]  [ 40/127]  eta: 0:02:53  lr: 0.000100  loss: 1661.9475 (2318.0952)  geo_km: 185.8566 (224.0263)  time: 1.9909 (1.9854 -- 1.9969)  data: 0.0002 (0.0001 -- 0.0004)  max mem: 54947
Epoch: [14]  [ 60/127]  eta: 0:02:13  lr: 0.000100  loss: 1756.5195 (2305.6637)  geo_km: 196.1057 (221.2849)  time: 1.9889 (1.9854 -- 1.9936)  data: 0.0001 (0.0001 -- 0.0004)  max mem: 54947
Epoch: [14]  [ 80/127]  eta: 0:01:33  lr: 0.000100  loss: 1365.3894 (2133.8189)  geo_km: 194.0437 (212.5491)  time: 1.9861 (1.9819 -- 1.9920)  data: 0.0001 (0.0001 -- 0.0001)  max mem: 54947
Epoch: [14]  [100/127]  eta: 0:00:53  lr: 0.000100  loss: 2895.3188 (2306.1841)  geo_km: 251.2399 (220.5675)  time: 1.9879 (1.9838 -- 1.9903)  data: 0.0001 (0.0001 -- 0.0005)  max mem: 54947
Epoch: [14]  [120/127]  eta: 0:00:13  lr: 0.000100  loss: 1314.3551 (2211.1932)  geo_km: 168.9682 (214.8281)  time: 1.9882 (1.9835 -- 1.9928)  data: 0.0001 (0.0001 -- 0.0005)  max mem: 54947
Epoch: [14]  [126/127]  eta: 0:00:01  lr: 0.000100  loss: 1251.4750 (2224.6013)  geo_km: 166.3564 (215.2262)  time: 1.9865 (1.9806 -- 1.9928)  data: 0.0001 (0.0001 -- 0.0002)  max mem: 54947
Epoch: [14] Total time: 0:04:12 (1.9892 s / it)
train step
Test:  [0/5]  eta: 0:00:03  loss: 4483.0864 (4483.0864)  geo_km: 308.0840 (308.0840)  time: 0.7397 (0.7397 -- 0.7397)  data: 0.1396 (0.1396 -- 0.1396)  max mem: 54947
Test:  [4/5]  eta: 0:00:00  loss: 2344.9321 (2860.4785)  geo_km: 263.5390 (247.7547)  time: 0.6258 (0.5972 -- 0.7397)  data: 0.0280 (0.0001 -- 0.1396)  max mem: 54947
Test: Total time: 0:00:03 (0.6260 s / it)
Test:  [0/6]  eta: 0:00:04  loss: 6305.6021 (6305.6021)  geo_km: 414.4074 (414.4074)  time: 0.7515 (0.7515 -- 0.7515)  data: 0.1517 (0.1517 -- 0.1517)  max mem: 54947
Test:  [5/6]  eta: 0:00:00  loss: 268.8516 (1850.3775)  geo_km: 67.1944 (180.4701)  time: 0.6233 (0.5975 -- 0.7515)  data: 0.0253 (0.0001 -- 0.1517)  max mem: 54947
Test: Total time: 0:00:03 (0.6235 s / it)
eval step
start epoch15
Epoch: [15]  [  0/127]  eta: 0:04:17  lr: 0.000100  loss: 1719.6040 (1719.6040)  geo_km: 217.0791 (217.0791)  time: 2.0300 (2.0300 -- 2.0300)  data: 0.1257 (0.1257 -- 0.1257)  max mem: 54947
Epoch: [15]  [ 20/127]  eta: 0:03:33  lr: 0.000100  loss: 2472.3228 (2812.2589)  geo_km: 245.6272 (241.4104)  time: 1.9892 (1.9844 -- 1.9944)  data: 0.0001 (0.0001 -- 0.0005)  max mem: 54947
Epoch: [15]  [ 40/127]  eta: 0:02:53  lr: 0.000100  loss: 2579.9343 (2811.8399)  geo_km: 219.9119 (238.6494)  time: 1.9932 (1.9882 -- 1.9977)  data: 0.0001 (0.0001 -- 0.0005)  max mem: 54947
Epoch: [15]  [ 60/127]  eta: 0:02:13  lr: 0.000100  loss: 1406.7113 (2503.4030)  geo_km: 188.4051 (225.7247)  time: 1.9955 (1.9888 -- 1.9996)  data: 0.0002 (0.0001 -- 0.0005)  max mem: 54947
Epoch: [15]  [ 80/127]  eta: 0:01:33  lr: 0.000100  loss: 1551.7377 (2382.6760)  geo_km: 205.1997 (221.3638)  time: 1.9965 (1.9886 -- 2.0033)  data: 0.0001 (0.0001 -- 0.0005)  max mem: 54947
Epoch: [15]  [100/127]  eta: 0:00:53  lr: 0.000100  loss: 1990.6003 (2411.2839)  geo_km: 228.2818 (223.5508)  time: 1.9951 (1.9889 -- 2.0018)  data: 0.0001 (0.0001 -- 0.0001)  max mem: 54947
Epoch: [15]  [120/127]  eta: 0:00:13  lr: 0.000100  loss: 2181.3418 (2402.1846)  geo_km: 237.6300 (225.8982)  time: 1.9964 (1.9872 -- 2.0018)  data: 0.0001 (0.0001 -- 0.0004)  max mem: 54947
Epoch: [15]  [126/127]  eta: 0:00:01  lr: 0.000100  loss: 1965.1270 (2385.7908)  geo_km: 218.9661 (224.8790)  time: 1.9941 (1.9864 -- 1.9999)  data: 0.0001 (0.0001 -- 0.0004)  max mem: 54947
Epoch: [15] Total time: 0:04:13 (1.9945 s / it)
train step
Test:  [0/5]  eta: 0:00:03  loss: 3494.5173 (3494.5173)  geo_km: 262.3746 (262.3746)  time: 0.7632 (0.7632 -- 0.7632)  data: 0.1652 (0.1652 -- 0.1652)  max mem: 54947
Test:  [4/5]  eta: 0:00:00  loss: 2217.9932 (2203.5804)  geo_km: 246.4856 (206.3784)  time: 0.6302 (0.5969 -- 0.7632)  data: 0.0331 (0.0001 -- 0.1652)  max mem: 54947
Test: Total time: 0:00:03 (0.6304 s / it)
Test:  [0/6]  eta: 0:00:04  loss: 6574.8057 (6574.8057)  geo_km: 430.4689 (430.4689)  time: 0.7427 (0.7427 -- 0.7427)  data: 0.1413 (0.1413 -- 0.1413)  max mem: 54947
Test:  [5/6]  eta: 0:00:00  loss: 464.9885 (2203.9242)  geo_km: 115.1659 (216.5183)  time: 0.6225 (0.5983 -- 0.7427)  data: 0.0236 (0.0001 -- 0.1413)  max mem: 54947
Test: Total time: 0:00:03 (0.6227 s / it)
eval step
start epoch16
Epoch: [16]  [  0/127]  eta: 0:04:22  lr: 0.000100  loss: 2333.0193 (2333.0193)  geo_km: 236.3789 (236.3789)  time: 2.0701 (2.0701 -- 2.0701)  data: 0.1264 (0.1264 -- 0.1264)  max mem: 54947
Epoch: [16]  [ 20/127]  eta: 0:03:32  lr: 0.000100  loss: 1814.1755 (1932.3871)  geo_km: 207.7934 (204.4144)  time: 1.9866 (1.9830 -- 1.9923)  data: 0.0001 (0.0001 -- 0.0004)  max mem: 54947
Epoch: [16]  [ 40/127]  eta: 0:02:53  lr: 0.000100  loss: 1579.0776 (2116.2692)  geo_km: 207.4642 (213.9280)  time: 1.9884 (1.9845 -- 1.9943)  data: 0.0002 (0.0001 -- 0.0005)  max mem: 54947
Epoch: [16]  [ 60/127]  eta: 0:02:13  lr: 0.000100  loss: 1912.3677 (2130.7912)  geo_km: 201.3390 (214.4912)  time: 1.9904 (1.9834 -- 1.9956)  data: 0.0002 (0.0001 -- 0.0006)  max mem: 54947
Epoch: [16]  [ 80/127]  eta: 0:01:33  lr: 0.000100  loss: 1962.3600 (2148.6924)  geo_km: 201.3065 (217.2599)  time: 1.9904 (1.9871 -- 1.9958)  data: 0.0001 (0.0001 -- 0.0004)  max mem: 54947
Epoch: [16]  [100/127]  eta: 0:00:53  lr: 0.000100  loss: 2374.2866 (2176.5548)  geo_km: 208.5056 (217.3661)  time: 1.9903 (1.9858 -- 1.9956)  data: 0.0002 (0.0001 -- 0.0004)  max mem: 54947
Epoch: [16]  [120/127]  eta: 0:00:13  lr: 0.000100  loss: 2033.7811 (2162.5152)  geo_km: 187.3631 (215.1982)  time: 1.9867 (1.9814 -- 1.9936)  data: 0.0001 (0.0001 -- 0.0005)  max mem: 54947
Epoch: [16]  [126/127]  eta: 0:00:01  lr: 0.000100  loss: 1494.3267 (2148.0497)  geo_km: 196.2313 (214.7397)  time: 1.9862 (1.9814 -- 1.9898)  data: 0.0001 (0.0001 -- 0.0005)  max mem: 54947
Epoch: [16] Total time: 0:04:12 (1.9894 s / it)
train step
Test:  [0/5]  eta: 0:00:03  loss: 2999.5239 (2999.5239)  geo_km: 251.5438 (251.5438)  time: 0.7379 (0.7379 -- 0.7379)  data: 0.1345 (0.1345 -- 0.1345)  max mem: 54947
Test:  [4/5]  eta: 0:00:00  loss: 2064.1580 (2236.6274)  geo_km: 251.0410 (214.9255)  time: 0.6273 (0.5995 -- 0.7379)  data: 0.0270 (0.0001 -- 0.1345)  max mem: 54947
Test: Total time: 0:00:03 (0.6275 s / it)
Test:  [0/6]  eta: 0:00:04  loss: 5513.2119 (5513.2119)  geo_km: 389.0407 (389.0407)  time: 0.7336 (0.7336 -- 0.7336)  data: 0.1302 (0.1302 -- 0.1302)  max mem: 54947
Test:  [5/6]  eta: 0:00:00  loss: 695.9509 (2152.3174)  geo_km: 122.1694 (221.3792)  time: 0.6211 (0.5984 -- 0.7336)  data: 0.0218 (0.0001 -- 0.1302)  max mem: 54947
Test: Total time: 0:00:03 (0.6212 s / it)
eval step
start epoch17
Epoch: [17]  [  0/127]  eta: 0:04:21  lr: 0.000100  loss: 4825.0146 (4825.0146)  geo_km: 307.3836 (307.3836)  time: 2.0582 (2.0582 -- 2.0582)  data: 0.1273 (0.1273 -- 0.1273)  max mem: 54947
Epoch: [17]  [ 20/127]  eta: 0:03:33  lr: 0.000100  loss: 1760.8558 (2311.9547)  geo_km: 194.1928 (214.6005)  time: 1.9880 (1.9847 -- 1.9927)  data: 0.0001 (0.0001 -- 0.0001)  max mem: 54947
Epoch: [17]  [ 40/127]  eta: 0:02:53  lr: 0.000100  loss: 2038.7823 (2444.4504)  geo_km: 204.8551 (223.7579)  time: 1.9862 (1.9826 -- 1.9955)  data: 0.0001 (0.0001 -- 0.0004)  max mem: 54947
Epoch: [17]  [ 60/127]  eta: 0:02:13  lr: 0.000100  loss: 1625.8477 (2318.3510)  geo_km: 207.2091 (222.5670)  time: 1.9916 (1.9879 -- 1.9966)  data: 0.0001 (0.0001 -- 0.0005)  max mem: 54947
Epoch: [17]  [ 80/127]  eta: 0:01:33  lr: 0.000100  loss: 1778.3660 (2262.5321)  geo_km: 196.5658 (216.8218)  time: 1.9895 (1.9838 -- 1.9947)  data: 0.0001 (0.0001 -- 0.0001)  max mem: 54947
Epoch: [17]  [100/127]  eta: 0:00:53  lr: 0.000100  loss: 1745.5872 (2319.4004)  geo_km: 213.7387 (219.4208)  time: 1.9922 (1.9872 -- 1.9993)  data: 0.0001 (0.0001 -- 0.0002)  max mem: 54947
Epoch: [17]  [120/127]  eta: 0:00:13  lr: 0.000100  loss: 1647.9000 (2273.8837)  geo_km: 182.7846 (216.7984)  time: 1.9936 (1.9878 -- 2.0007)  data: 0.0001 (0.0001 -- 0.0005)  max mem: 54947
Epoch: [17]  [126/127]  eta: 0:00:01  lr: 0.000100  loss: 2338.3411 (2320.1479)  geo_km: 229.8639 (218.2137)  time: 1.9913 (1.9814 -- 2.0007)  data: 0.0001 (0.0001 -- 0.0005)  max mem: 54947
Epoch: [17] Total time: 0:04:12 (1.9905 s / it)
train step
Test:  [0/5]  eta: 0:00:03  loss: 4094.9746 (4094.9746)  geo_km: 303.9727 (303.9727)  time: 0.7600 (0.7600 -- 0.7600)  data: 0.1609 (0.1609 -- 0.1609)  max mem: 54947
Test:  [4/5]  eta: 0:00:00  loss: 2130.6375 (2485.1626)  geo_km: 243.8243 (233.9113)  time: 0.6299 (0.5974 -- 0.7600)  data: 0.0322 (0.0001 -- 0.1609)  max mem: 54947
Test: Total time: 0:00:03 (0.6301 s / it)
Test:  [0/6]  eta: 0:00:04  loss: 5794.1147 (5794.1147)  geo_km: 389.2020 (389.2020)  time: 0.7335 (0.7335 -- 0.7335)  data: 0.1314 (0.1314 -- 0.1314)  max mem: 54947
Test:  [5/6]  eta: 0:00:00  loss: 280.9585 (1841.3074)  geo_km: 85.8411 (190.0993)  time: 0.6210 (0.5983 -- 0.7335)  data: 0.0220 (0.0001 -- 0.1314)  max mem: 54947
Test: Total time: 0:00:03 (0.6212 s / it)
eval step
start epoch18
Epoch: [18]  [  0/127]  eta: 0:04:21  lr: 0.000100  loss: 709.6572 (709.6572)  geo_km: 118.4979 (118.4979)  time: 2.0589 (2.0589 -- 2.0589)  data: 0.1391 (0.1391 -- 0.1391)  max mem: 54947
Epoch: [18]  [ 20/127]  eta: 0:03:33  lr: 0.000100  loss: 1915.3911 (2024.4300)  geo_km: 201.1772 (193.9154)  time: 1.9910 (1.9836 -- 1.9960)  data: 0.0002 (0.0001 -- 0.0005)  max mem: 54947
Epoch: [18]  [ 40/127]  eta: 0:02:53  lr: 0.000100  loss: 1520.6273 (1861.5755)  geo_km: 196.4706 (195.5581)  time: 1.9941 (1.9919 -- 1.9974)  data: 0.0001 (0.0001 -- 0.0004)  max mem: 54947
Epoch: [18]  [ 60/127]  eta: 0:02:13  lr: 0.000100  loss: 1703.9025 (1945.9956)  geo_km: 209.1716 (200.2187)  time: 1.9889 (1.9824 -- 1.9976)  data: 0.0001 (0.0001 -- 0.0004)  max mem: 54947
Epoch: [18]  [ 80/127]  eta: 0:01:33  lr: 0.000100  loss: 1827.9771 (2050.5354)  geo_km: 185.1693 (202.9115)  time: 1.9882 (1.9841 -- 1.9926)  data: 0.0001 (0.0001 -- 0.0004)  max mem: 54947
Epoch: [18]  [100/127]  eta: 0:00:53  lr: 0.000100  loss: 2637.3528 (2160.4803)  geo_km: 217.5611 (207.7911)  time: 1.9885 (1.9842 -- 1.9936)  data: 0.0001 (0.0001 -- 0.0002)  max mem: 54947
Epoch: [18]  [120/127]  eta: 0:00:13  lr: 0.000100  loss: 2567.5686 (2197.9976)  geo_km: 229.6159 (209.4792)  time: 1.9878 (1.9833 -- 1.9917)  data: 0.0001 (0.0001 -- 0.0005)  max mem: 54947
Epoch: [18]  [126/127]  eta: 0:00:01  lr: 0.000100  loss: 1869.8181 (2186.4117)  geo_km: 203.4777 (208.5554)  time: 1.9874 (1.9833 -- 1.9903)  data: 0.0001 (0.0001 -- 0.0005)  max mem: 54947
Epoch: [18] Total time: 0:04:12 (1.9902 s / it)
train step
Test:  [0/5]  eta: 0:00:03  loss: 3939.5813 (3939.5813)  geo_km: 312.2695 (312.2695)  time: 0.7509 (0.7509 -- 0.7509)  data: 0.1504 (0.1504 -- 0.1504)  max mem: 54947
Test:  [4/5]  eta: 0:00:00  loss: 2106.8059 (2544.8582)  geo_km: 240.2436 (240.3069)  time: 0.6287 (0.5980 -- 0.7509)  data: 0.0302 (0.0001 -- 0.1504)  max mem: 54947
Test: Total time: 0:00:03 (0.6289 s / it)
Test:  [0/6]  eta: 0:00:04  loss: 3796.4839 (3796.4839)  geo_km: 314.3189 (314.3189)  time: 0.7313 (0.7313 -- 0.7313)  data: 0.1291 (0.1291 -- 0.1291)  max mem: 54947
Test:  [5/6]  eta: 0:00:00  loss: 661.7717 (1582.4149)  geo_km: 112.1686 (173.6537)  time: 0.6206 (0.5978 -- 0.7313)  data: 0.0216 (0.0001 -- 0.1291)  max mem: 54947
Test: Total time: 0:00:03 (0.6207 s / it)
eval step
start epoch19
Epoch: [19]  [  0/127]  eta: 0:04:21  lr: 0.000100  loss: 4054.5391 (4054.5391)  geo_km: 264.2914 (264.2914)  time: 2.0574 (2.0574 -- 2.0574)  data: 0.1465 (0.1465 -- 0.1465)  max mem: 54947
Epoch: [19]  [ 20/127]  eta: 0:03:33  lr: 0.000100  loss: 1125.4297 (1667.2600)  geo_km: 173.9789 (184.5021)  time: 1.9905 (1.9847 -- 1.9955)  data: 0.0001 (0.0001 -- 0.0005)  max mem: 54947
Epoch: [19]  [ 40/127]  eta: 0:02:53  lr: 0.000100  loss: 2105.3281 (2285.4984)  geo_km: 218.8831 (214.0107)  time: 1.9894 (1.9855 -- 1.9957)  data: 0.0001 (0.0001 -- 0.0004)  max mem: 54947
Epoch: [19]  [ 60/127]  eta: 0:02:13  lr: 0.000100  loss: 2365.5791 (2405.9854)  geo_km: 210.8148 (221.1925)  time: 1.9922 (1.9841 -- 1.9993)  data: 0.0002 (0.0001 -- 0.0005)  max mem: 54947
Epoch: [19]  [ 80/127]  eta: 0:01:33  lr: 0.000100  loss: 1518.4824 (2201.0809)  geo_km: 179.5191 (210.6011)  time: 1.9871 (1.9819 -- 1.9902)  data: 0.0001 (0.0001 -- 0.0005)  max mem: 54947
Epoch: [19]  [100/127]  eta: 0:00:53  lr: 0.000100  loss: 1698.2228 (2169.4964)  geo_km: 195.6312 (209.5668)  time: 1.9870 (1.9829 -- 1.9916)  data: 0.0001 (0.0001 -- 0.0006)  max mem: 54947
Epoch: [19]  [120/127]  eta: 0:00:13  lr: 0.000100  loss: 1834.3646 (2219.0838)  geo_km: 207.0898 (212.0782)  time: 1.9868 (1.9801 -- 1.9915)  data: 0.0001 (0.0001 -- 0.0005)  max mem: 54947
Epoch: [19]  [126/127]  eta: 0:00:01  lr: 0.000100  loss: 2778.2646 (2285.9518)  geo_km: 225.7129 (216.1529)  time: 1.9860 (1.9801 -- 1.9915)  data: 0.0001 (0.0001 -- 0.0005)  max mem: 54947
Epoch: [19] Total time: 0:04:12 (1.9892 s / it)
train step
Test:  [0/5]  eta: 0:00:03  loss: 3007.2153 (3007.2153)  geo_km: 234.4609 (234.4609)  time: 0.7411 (0.7411 -- 0.7411)  data: 0.1399 (0.1399 -- 0.1399)  max mem: 54947
Test:  [4/5]  eta: 0:00:00  loss: 2308.3120 (2186.3692)  geo_km: 234.4609 (211.5617)  time: 0.6270 (0.5980 -- 0.7411)  data: 0.0280 (0.0001 -- 0.1399)  max mem: 54947
Test: Total time: 0:00:03 (0.6272 s / it)
Test:  [0/6]  eta: 0:00:04  loss: 5771.5034 (5771.5034)  geo_km: 401.2873 (401.2873)  time: 0.7288 (0.7288 -- 0.7288)  data: 0.1272 (0.1272 -- 0.1272)  max mem: 54947
Test:  [5/6]  eta: 0:00:00  loss: 667.2905 (1898.4266)  geo_km: 141.8264 (202.1837)  time: 0.6196 (0.5974 -- 0.7288)  data: 0.0213 (0.0001 -- 0.1272)  max mem: 54947
Test: Total time: 0:00:03 (0.6197 s / it)
eval step
start epoch20
Epoch: [20]  [  0/127]  eta: 0:04:22  lr: 0.000100  loss: 3679.4556 (3679.4556)  geo_km: 297.3895 (297.3895)  time: 2.0652 (2.0652 -- 2.0652)  data: 0.1273 (0.1273 -- 0.1273)  max mem: 54947
Epoch: [20]  [ 20/127]  eta: 0:03:33  lr: 0.000100  loss: 2227.8660 (2671.0889)  geo_km: 244.0522 (239.6659)  time: 1.9882 (1.9834 -- 1.9934)  data: 0.0001 (0.0001 -- 0.0005)  max mem: 54947
Epoch: [20]  [ 40/127]  eta: 0:02:53  lr: 0.000100  loss: 1955.6097 (2518.2912)  geo_km: 195.2734 (229.9287)  time: 1.9881 (1.9829 -- 1.9957)  data: 0.0001 (0.0001 -- 0.0001)  max mem: 54947
Epoch: [20]  [ 60/127]  eta: 0:02:13  lr: 0.000100  loss: 1932.3888 (2288.9711)  geo_km: 194.5046 (218.4015)  time: 1.9879 (1.9827 -- 1.9989)  data: 0.0001 (0.0001 -- 0.0005)  max mem: 54947
Epoch: [20]  [ 80/127]  eta: 0:01:33  lr: 0.000100  loss: 1641.1333 (2213.6228)  geo_km: 192.5825 (214.1419)  time: 1.9861 (1.9818 -- 1.9898)  data: 0.0001 (0.0001 -- 0.0001)  max mem: 54947
Epoch: [20]  [100/127]  eta: 0:00:53  lr: 0.000100  loss: 1779.1776 (2209.9404)  geo_km: 195.7320 (213.2899)  time: 1.9856 (1.9831 -- 1.9894)  data: 0.0001 (0.0001 -- 0.0004)  max mem: 54947
Epoch: [20]  [120/127]  eta: 0:00:13  lr: 0.000100  loss: 1705.8947 (2208.0277)  geo_km: 189.4957 (213.6127)  time: 1.9853 (1.9813 -- 1.9883)  data: 0.0001 (0.0001 -- 0.0004)  max mem: 54947
Epoch: [20]  [126/127]  eta: 0:00:01  lr: 0.000100  loss: 2191.0249 (2208.9557)  geo_km: 206.4393 (213.8437)  time: 1.9840 (1.9800 -- 1.9880)  data: 0.0001 (0.0001 -- 0.0004)  max mem: 54947
Epoch: [20] Total time: 0:04:12 (1.9873 s / it)
train step
Test:  [0/5]  eta: 0:00:03  loss: 3796.1414 (3796.1414)  geo_km: 290.4124 (290.4124)  time: 0.7759 (0.7759 -- 0.7759)  data: 0.1766 (0.1766 -- 0.1766)  max mem: 54947
Test:  [4/5]  eta: 0:00:00  loss: 2229.5571 (2299.1625)  geo_km: 250.4339 (214.8946)  time: 0.6332 (0.5972 -- 0.7759)  data: 0.0354 (0.0001 -- 0.1766)  max mem: 54947
Test: Total time: 0:00:03 (0.6334 s / it)
Test:  [0/6]  eta: 0:00:04  loss: 6621.1958 (6621.1958)  geo_km: 424.1274 (424.1274)  time: 0.7298 (0.7298 -- 0.7298)  data: 0.1279 (0.1279 -- 0.1279)  max mem: 54947
Test:  [5/6]  eta: 0:00:00  loss: 717.7203 (1641.2488)  geo_km: 127.7099 (172.4435)  time: 0.6196 (0.5971 -- 0.7298)  data: 0.0214 (0.0001 -- 0.1279)  max mem: 54947
Test: Total time: 0:00:03 (0.6198 s / it)
eval step
start epoch21
Epoch: [21]  [  0/127]  eta: 0:04:19  lr: 0.000100  loss: 5194.0894 (5194.0894)  geo_km: 322.3707 (322.3707)  time: 2.0435 (2.0435 -- 2.0435)  data: 0.1303 (0.1303 -- 0.1303)  max mem: 54947
Epoch: [21]  [ 20/127]  eta: 0:03:32  lr: 0.000100  loss: 1740.5271 (2357.8261)  geo_km: 194.6329 (216.3566)  time: 1.9866 (1.9835 -- 1.9901)  data: 0.0001 (0.0001 -- 0.0001)  max mem: 54947
Epoch: [21]  [ 40/127]  eta: 0:02:53  lr: 0.000100  loss: 1676.0642 (2086.3335)  geo_km: 195.3380 (201.8093)  time: 1.9876 (1.9830 -- 1.9912)  data: 0.0001 (0.0001 -- 0.0004)  max mem: 54947
Epoch: [21]  [ 60/127]  eta: 0:02:13  lr: 0.000100  loss: 1742.5254 (2026.3331)  geo_km: 194.1831 (200.4225)  time: 1.9891 (1.9847 -- 1.9952)  data: 0.0001 (0.0001 -- 0.0002)  max mem: 54947
Epoch: [21]  [ 80/127]  eta: 0:01:33  lr: 0.000100  loss: 1779.2159 (1976.1779)  geo_km: 183.7745 (198.2428)  time: 1.9894 (1.9835 -- 1.9940)  data: 0.0001 (0.0001 -- 0.0004)  max mem: 54947
Epoch: [21]  [100/127]  eta: 0:00:53  lr: 0.000100  loss: 1565.8065 (1975.5571)  geo_km: 199.6066 (199.6687)  time: 1.9898 (1.9859 -- 1.9954)  data: 0.0001 (0.0001 -- 0.0004)  max mem: 54947
Epoch: [21]  [120/127]  eta: 0:00:13  lr: 0.000100  loss: 2189.1343 (2074.3261)  geo_km: 214.6262 (204.6084)  time: 1.9915 (1.9880 -- 1.9977)  data: 0.0001 (0.0001 -- 0.0004)  max mem: 54947
Epoch: [21]  [126/127]  eta: 0:00:01  lr: 0.000100  loss: 2189.1343 (2077.3962)  geo_km: 212.9902 (204.9844)  time: 1.9903 (1.9845 -- 1.9977)  data: 0.0001 (0.0001 -- 0.0004)  max mem: 54947
Epoch: [21] Total time: 0:04:12 (1.9894 s / it)
train step
Test:  [0/5]  eta: 0:00:03  loss: 4311.5723 (4311.5723)  geo_km: 285.3247 (285.3247)  time: 0.7491 (0.7491 -- 0.7491)  data: 0.1489 (0.1489 -- 0.1489)  max mem: 54947
Test:  [4/5]  eta: 0:00:00  loss: 2387.0193 (2416.1628)  geo_km: 257.5044 (219.7140)  time: 0.6283 (0.5975 -- 0.7491)  data: 0.0298 (0.0001 -- 0.1489)  max mem: 54947
Test: Total time: 0:00:03 (0.6285 s / it)
Test:  [0/6]  eta: 0:00:04  loss: 5718.1470 (5718.1470)  geo_km: 367.4239 (367.4239)  time: 0.7672 (0.7672 -- 0.7672)  data: 0.1677 (0.1677 -- 0.1677)  max mem: 54947
Test:  [5/6]  eta: 0:00:00  loss: 536.4728 (1547.4691)  geo_km: 123.7351 (160.4993)  time: 0.6267 (0.5976 -- 0.7672)  data: 0.0280 (0.0001 -- 0.1677)  max mem: 54947
Test: Total time: 0:00:03 (0.6269 s / it)
eval step
start epoch22
Epoch: [22]  [  0/127]  eta: 0:04:22  lr: 0.000100  loss: 393.1589 (393.1589)  geo_km: 107.1132 (107.1132)  time: 2.0691 (2.0691 -- 2.0691)  data: 0.1701 (0.1701 -- 0.1701)  max mem: 54947
Epoch: [22]  [ 20/127]  eta: 0:03:33  lr: 0.000100  loss: 2017.3846 (1806.6801)  geo_km: 213.0987 (193.2214)  time: 1.9871 (1.9848 -- 1.9901)  data: 0.0001 (0.0001 -- 0.0004)  max mem: 54947
Epoch: [22]  [ 40/127]  eta: 0:02:53  lr: 0.000100  loss: 1949.8112 (2055.9793)  geo_km: 212.0050 (208.9641)  time: 1.9886 (1.9833 -- 1.9950)  data: 0.0001 (0.0001 -- 0.0004)  max mem: 54947
Epoch: [22]  [ 60/127]  eta: 0:02:13  lr: 0.000100  loss: 1849.5918 (2022.4429)  geo_km: 202.5632 (204.9855)  time: 1.9904 (1.9863 -- 1.9959)  data: 0.0001 (0.0001 -- 0.0004)  max mem: 54947
Epoch: [22]  [ 80/127]  eta: 0:01:33  lr: 0.000100  loss: 1648.0081 (2043.7109)  geo_km: 193.4740 (204.1889)  time: 1.9927 (1.9889 -- 1.9975)  data: 0.0002 (0.0001 -- 0.0005)  max mem: 54947
Epoch: [22]  [100/127]  eta: 0:00:53  lr: 0.000100  loss: 1966.5743 (2047.0555)  geo_km: 199.0072 (203.9308)  time: 1.9934 (1.9901 -- 2.0002)  data: 0.0002 (0.0001 -- 0.0005)  max mem: 54947
Epoch: [22]  [120/127]  eta: 0:00:13  lr: 0.000100  loss: 1758.6138 (2025.0462)  geo_km: 206.1887 (202.6973)  time: 1.9908 (1.9852 -- 1.9947)  data: 0.0002 (0.0001 -- 0.0004)  max mem: 54947
Epoch: [22]  [126/127]  eta: 0:00:01  lr: 0.000100  loss: 1758.6138 (2019.4883)  geo_km: 199.9863 (202.2963)  time: 1.9917 (1.9851 -- 1.9988)  data: 0.0001 (0.0001 -- 0.0004)  max mem: 54947
Epoch: [22] Total time: 0:04:12 (1.9913 s / it)
train step
Test:  [0/5]  eta: 0:00:03  loss: 5630.6182 (5630.6182)  geo_km: 353.0789 (353.0789)  time: 0.7680 (0.7680 -- 0.7680)  data: 0.1679 (0.1679 -- 0.1679)  max mem: 54947
Test:  [4/5]  eta: 0:00:00  loss: 2119.1487 (2432.2911)  geo_km: 181.7353 (212.6297)  time: 0.6321 (0.5978 -- 0.7680)  data: 0.0337 (0.0001 -- 0.1679)  max mem: 54947
Test: Total time: 0:00:03 (0.6323 s / it)
Test:  [0/6]  eta: 0:00:04  loss: 5011.7207 (5011.7207)  geo_km: 310.6725 (310.6725)  time: 0.7336 (0.7336 -- 0.7336)  data: 0.1289 (0.1289 -- 0.1289)  max mem: 54947
Test:  [5/6]  eta: 0:00:00  loss: 351.0944 (1373.6682)  geo_km: 100.8870 (149.4403)  time: 0.6219 (0.5985 -- 0.7336)  data: 0.0216 (0.0001 -- 0.1289)  max mem: 54947
Test: Total time: 0:00:03 (0.6220 s / it)
eval step
start epoch23
Epoch: [23]  [  0/127]  eta: 0:04:22  lr: 0.000100  loss: 1054.8046 (1054.8046)  geo_km: 135.3629 (135.3629)  time: 2.0702 (2.0702 -- 2.0702)  data: 0.1498 (0.1498 -- 0.1498)  max mem: 54947
Epoch: [23]  [ 20/127]  eta: 0:03:33  lr: 0.000100  loss: 1525.1987 (1484.0304)  geo_km: 161.1444 (167.8920)  time: 1.9964 (1.9901 -- 2.0054)  data: 0.0001 (0.0001 -- 0.0004)  max mem: 54947
Epoch: [23]  [ 40/127]  eta: 0:02:53  lr: 0.000100  loss: 2140.9385 (2018.2916)  geo_km: 209.3317 (196.1401)  time: 1.9953 (1.9904 -- 2.0010)  data: 0.0001 (0.0001 -- 0.0005)  max mem: 54947
Epoch: [23]  [ 60/127]  eta: 0:02:13  lr: 0.000100  loss: 1918.9102 (2025.2506)  geo_km: 225.8037 (201.3666)  time: 1.9905 (1.9836 -- 1.9998)  data: 0.0001 (0.0001 -- 0.0003)  max mem: 54947
Epoch: [23]  [ 80/127]  eta: 0:01:33  lr: 0.000100  loss: 1777.4672 (2093.1312)  geo_km: 209.2915 (203.5451)  time: 1.9911 (1.9866 -- 1.9957)  data: 0.0001 (0.0001 -- 0.0005)  max mem: 54947
Epoch: [23]  [100/127]  eta: 0:00:53  lr: 0.000100  loss: 1450.5216 (1992.4842)  geo_km: 172.9745 (197.5312)  time: 1.9884 (1.9853 -- 1.9917)  data: 0.0001 (0.0001 -- 0.0005)  max mem: 54947
Epoch: [23]  [120/127]  eta: 0:00:13  lr: 0.000100  loss: 2084.6250 (2025.6743)  geo_km: 188.2101 (198.2170)  time: 1.9897 (1.9846 -- 1.9942)  data: 0.0001 (0.0001 -- 0.0003)  max mem: 54947
Epoch: [23]  [126/127]  eta: 0:00:01  lr: 0.000100  loss: 2084.6250 (2049.9050)  geo_km: 194.4612 (199.1994)  time: 1.9894 (1.9861 -- 1.9942)  data: 0.0001 (0.0001 -- 0.0003)  max mem: 54947
Epoch: [23] Total time: 0:04:13 (1.9924 s / it)
train step
Test:  [0/5]  eta: 0:00:03  loss: 4714.3145 (4714.3145)  geo_km: 303.1533 (303.1533)  time: 0.7405 (0.7405 -- 0.7405)  data: 0.1378 (0.1378 -- 0.1378)  max mem: 54947
Test:  [4/5]  eta: 0:00:00  loss: 2411.1221 (2553.4421)  geo_km: 192.0388 (206.8700)  time: 0.6282 (0.5994 -- 0.7405)  data: 0.0276 (0.0001 -- 0.1378)  max mem: 54947
Test: Total time: 0:00:03 (0.6284 s / it)
Test:  [0/6]  eta: 0:00:04  loss: 5162.1973 (5162.1973)  geo_km: 306.3542 (306.3541)  time: 0.7332 (0.7332 -- 0.7332)  data: 0.1276 (0.1276 -- 0.1276)  max mem: 54947
Test:  [5/6]  eta: 0:00:00  loss: 304.4628 (1349.3220)  geo_km: 84.3988 (143.8599)  time: 0.6212 (0.5980 -- 0.7332)  data: 0.0213 (0.0001 -- 0.1276)  max mem: 54947
Test: Total time: 0:00:03 (0.6214 s / it)
eval step
start epoch24
Epoch: [24]  [  0/127]  eta: 0:04:21  lr: 0.000100  loss: 2441.6511 (2441.6511)  geo_km: 223.5249 (223.5249)  time: 2.0574 (2.0574 -- 2.0574)  data: 0.1613 (0.1613 -- 0.1613)  max mem: 54947
Epoch: [24]  [ 20/127]  eta: 0:03:33  lr: 0.000100  loss: 1559.9019 (2290.1650)  geo_km: 206.0658 (213.5028)  time: 1.9901 (1.9850 -- 1.9976)  data: 0.0002 (0.0001 -- 0.0005)  max mem: 54947
Epoch: [24]  [ 40/127]  eta: 0:02:53  lr: 0.000100  loss: 2030.5061 (2393.0004)  geo_km: 222.1778 (220.8222)  time: 1.9876 (1.9842 -- 1.9932)  data: 0.0002 (0.0001 -- 0.0005)  max mem: 54947
Epoch: [24]  [ 60/127]  eta: 0:02:13  lr: 0.000100  loss: 1796.4684 (2195.1284)  geo_km: 197.8287 (213.1113)  time: 1.9872 (1.9844 -- 1.9906)  data: 0.0002 (0.0001 -- 0.0005)  max mem: 54947
Epoch: [24]  [ 80/127]  eta: 0:01:33  lr: 0.000100  loss: 2336.4414 (2239.9421)  geo_km: 212.9766 (214.5726)  time: 1.9868 (1.9830 -- 1.9897)  data: 0.0002 (0.0001 -- 0.0005)  max mem: 54947
Epoch: [24]  [100/127]  eta: 0:00:53  lr: 0.000100  loss: 1010.5303 (2069.0684)  geo_km: 152.5992 (204.8851)  time: 1.9866 (1.9838 -- 1.9909)  data: 0.0001 (0.0001 -- 0.0005)  max mem: 54947
Epoch: [24]  [120/127]  eta: 0:00:13  lr: 0.000100  loss: 1483.8076 (2069.6942)  geo_km: 174.4721 (202.5449)  time: 1.9877 (1.9837 -- 1.9928)  data: 0.0001 (0.0001 -- 0.0004)  max mem: 54947
Epoch: [24]  [126/127]  eta: 0:00:01  lr: 0.000100  loss: 2202.2717 (2078.6566)  geo_km: 208.7132 (203.0533)  time: 1.9878 (1.9837 -- 1.9928)  data: 0.0001 (0.0001 -- 0.0004)  max mem: 54947
Epoch: [24] Total time: 0:04:12 (1.9882 s / it)
train step
Test:  [0/5]  eta: 0:00:03  loss: 4561.2217 (4561.2217)  geo_km: 314.6600 (314.6600)  time: 0.7620 (0.7620 -- 0.7620)  data: 0.1573 (0.1573 -- 0.1573)  max mem: 54947
Test:  [4/5]  eta: 0:00:00  loss: 1976.9592 (2588.8004)  geo_km: 221.3843 (218.5737)  time: 0.6339 (0.6007 -- 0.7620)  data: 0.0315 (0.0001 -- 0.1573)  max mem: 54947
Test: Total time: 0:00:03 (0.6341 s / it)
Test:  [0/6]  eta: 0:00:04  loss: 5584.1611 (5584.1611)  geo_km: 346.0938 (346.0938)  time: 0.7364 (0.7364 -- 0.7364)  data: 0.1320 (0.1320 -- 0.1320)  max mem: 54947
Test:  [5/6]  eta: 0:00:00  loss: 390.0168 (1565.7177)  geo_km: 93.5376 (160.3788)  time: 0.6222 (0.5976 -- 0.7364)  data: 0.0221 (0.0001 -- 0.1320)  max mem: 54947
Test: Total time: 0:00:03 (0.6224 s / it)
eval step
start epoch25
Epoch: [25]  [  0/127]  eta: 0:04:21  lr: 0.000100  loss: 1043.0570 (1043.0570)  geo_km: 147.9852 (147.9852)  time: 2.0588 (2.0588 -- 2.0588)  data: 0.1680 (0.1680 -- 0.1680)  max mem: 54947
Epoch: [25]  [ 20/127]  eta: 0:03:33  lr: 0.000100  loss: 2064.9387 (2068.2219)  geo_km: 189.5562 (198.3040)  time: 1.9908 (1.9857 -- 1.9973)  data: 0.0002 (0.0001 -- 0.0005)  max mem: 54947
Epoch: [25]  [ 40/127]  eta: 0:02:53  lr: 0.000100  loss: 1333.8988 (2142.4388)  geo_km: 224.1568 (203.9592)  time: 1.9950 (1.8976 -- 2.1312)  data: 0.0002 (0.0001 -- 0.0005)  max mem: 54947
Epoch: [25]  [ 60/127]  eta: 0:02:13  lr: 0.000100  loss: 2283.1428 (2239.6867)  geo_km: 228.8519 (211.4422)  time: 1.9902 (1.9843 -- 1.9958)  data: 0.0001 (0.0001 -- 0.0005)  max mem: 54947
Epoch: [25]  [ 80/127]  eta: 0:01:33  lr: 0.000100  loss: 1702.5758 (2191.1197)  geo_km: 195.8084 (208.2981)  time: 1.9909 (1.9851 -- 1.9946)  data: 0.0002 (0.0001 -- 0.0005)  max mem: 54947
Epoch: [25]  [100/127]  eta: 0:00:53  lr: 0.000100  loss: 1347.9977 (2095.3998)  geo_km: 168.8312 (206.2737)  time: 1.9869 (1.9842 -- 1.9904)  data: 0.0001 (0.0001 -- 0.0004)  max mem: 54947
Epoch: [25]  [120/127]  eta: 0:00:13  lr: 0.000100  loss: 1842.0005 (2142.2971)  geo_km: 228.4537 (206.6607)  time: 1.9859 (1.9826 -- 1.9887)  data: 0.0001 (0.0001 -- 0.0005)  max mem: 54947
Epoch: [25]  [126/127]  eta: 0:00:01  lr: 0.000100  loss: 1961.1409 (2133.8906)  geo_km: 231.8345 (207.3095)  time: 1.9848 (1.9807 -- 1.9887)  data: 0.0001 (0.0001 -- 0.0005)  max mem: 54947
Epoch: [25] Total time: 0:04:12 (1.9902 s / it)
train step
Test:  [0/5]  eta: 0:00:03  loss: 4596.2876 (4596.2876)  geo_km: 340.4217 (340.4217)  time: 0.7452 (0.7452 -- 0.7452)  data: 0.1428 (0.1428 -- 0.1428)  max mem: 54947
Test:  [4/5]  eta: 0:00:00  loss: 2006.9794 (2323.5020)  geo_km: 233.6576 (221.2601)  time: 0.6280 (0.5982 -- 0.7452)  data: 0.0286 (0.0001 -- 0.1428)  max mem: 54947
Test: Total time: 0:00:03 (0.6282 s / it)
Test:  [0/6]  eta: 0:00:04  loss: 4676.0293 (4676.0293)  geo_km: 318.1841 (318.1841)  time: 0.7497 (0.7497 -- 0.7497)  data: 0.1487 (0.1487 -- 0.1487)  max mem: 54947
Test:  [5/6]  eta: 0:00:00  loss: 544.7933 (1342.2649)  geo_km: 102.6475 (156.2155)  time: 0.6233 (0.5973 -- 0.7497)  data: 0.0249 (0.0001 -- 0.1487)  max mem: 54947
Test: Total time: 0:00:03 (0.6235 s / it)
eval step
start epoch26
Epoch: [26]  [  0/127]  eta: 0:04:20  lr: 0.000100  loss: 2851.0095 (2851.0095)  geo_km: 258.4922 (258.4922)  time: 2.0520 (2.0520 -- 2.0520)  data: 0.1299 (0.1299 -- 0.1299)  max mem: 54947
Epoch: [26]  [ 20/127]  eta: 0:03:33  lr: 0.000100  loss: 2309.3010 (2585.6879)  geo_km: 214.2856 (231.4708)  time: 1.9879 (1.9841 -- 1.9952)  data: 0.0001 (0.0001 -- 0.0004)  max mem: 54947
Epoch: [26]  [ 40/127]  eta: 0:02:53  lr: 0.000100  loss: 1924.6462 (2262.9501)  geo_km: 168.7940 (211.4014)  time: 1.9900 (1.9870 -- 1.9942)  data: 0.0001 (0.0001 -- 0.0005)  max mem: 54947
Epoch: [26]  [ 60/127]  eta: 0:02:13  lr: 0.000100  loss: 1953.4022 (2278.1382)  geo_km: 206.1639 (212.2040)  time: 1.9908 (1.9855 -- 1.9967)  data: 0.0001 (0.0001 -- 0.0004)  max mem: 54947
Epoch: [26]  [ 80/127]  eta: 0:01:33  lr: 0.000100  loss: 2310.3613 (2343.3925)  geo_km: 248.3683 (217.3555)  time: 1.9931 (1.9879 -- 2.0002)  data: 0.0001 (0.0001 -- 0.0005)  max mem: 54947
Epoch: [26]  [100/127]  eta: 0:00:53  lr: 0.000100  loss: 2035.9067 (2296.2678)  geo_km: 202.9063 (215.2134)  time: 1.9939 (1.9849 -- 2.0024)  data: 0.0001 (0.0001 -- 0.0001)  max mem: 54947
Epoch: [26]  [120/127]  eta: 0:00:13  lr: 0.000100  loss: 1548.6426 (2256.6254)  geo_km: 197.6783 (211.7255)  time: 1.9909 (1.9842 -- 1.9969)  data: 0.0002 (0.0001 -- 0.0005)  max mem: 54947
Epoch: [26]  [126/127]  eta: 0:00:01  lr: 0.000100  loss: 1451.7502 (2214.7720)  geo_km: 197.6783 (209.3375)  time: 1.9886 (1.9826 -- 1.9969)  data: 0.0001 (0.0001 -- 0.0004)  max mem: 54947
Epoch: [26] Total time: 0:04:12 (1.9914 s / it)
train step
Test:  [0/5]  eta: 0:00:03  loss: 4066.9111 (4066.9111)  geo_km: 313.8328 (313.8328)  time: 0.7491 (0.7491 -- 0.7491)  data: 0.1485 (0.1485 -- 0.1485)  max mem: 54947
Test:  [4/5]  eta: 0:00:00  loss: 1727.5742 (2319.9293)  geo_km: 172.8167 (219.2533)  time: 0.6288 (0.5980 -- 0.7491)  data: 0.0298 (0.0001 -- 0.1485)  max mem: 54947
Test: Total time: 0:00:03 (0.6290 s / it)
Test:  [0/6]  eta: 0:00:04  loss: 5198.2847 (5198.2847)  geo_km: 317.3499 (317.3499)  time: 0.7407 (0.7407 -- 0.7407)  data: 0.1378 (0.1378 -- 0.1378)  max mem: 54947
Test:  [5/6]  eta: 0:00:00  loss: 720.8021 (1706.1939)  geo_km: 137.0420 (180.5730)  time: 0.6232 (0.5986 -- 0.7407)  data: 0.0230 (0.0001 -- 0.1378)  max mem: 54947
Test: Total time: 0:00:03 (0.6234 s / it)
eval step
start epoch27
Epoch: [27]  [  0/127]  eta: 0:04:18  lr: 0.000100  loss: 2120.5586 (2120.5586)  geo_km: 211.1988 (211.1988)  time: 2.0373 (2.0373 -- 2.0373)  data: 0.1275 (0.1275 -- 0.1275)  max mem: 54947
Epoch: [27]  [ 20/127]  eta: 0:03:33  lr: 0.000100  loss: 1703.2935 (1685.5131)  geo_km: 183.9512 (183.5552)  time: 1.9907 (1.9857 -- 1.9980)  data: 0.0001 (0.0001 -- 0.0004)  max mem: 54947
Epoch: [27]  [ 40/127]  eta: 0:02:53  lr: 0.000100  loss: 1926.4982 (1878.0086)  geo_km: 186.1114 (188.2670)  time: 1.9863 (1.9819 -- 1.9920)  data: 0.0002 (0.0001 -- 0.0005)  max mem: 54947
Epoch: [27]  [ 60/127]  eta: 0:02:13  lr: 0.000100  loss: 1387.9917 (1782.1152)  geo_km: 169.3462 (186.2827)  time: 1.9850 (1.9834 -- 1.9900)  data: 0.0001 (0.0001 -- 0.0004)  max mem: 54947
Epoch: [27]  [ 80/127]  eta: 0:01:33  lr: 0.000100  loss: 1389.0699 (1844.5198)  geo_km: 166.6577 (188.8990)  time: 1.9848 (1.9829 -- 1.9882)  data: 0.0001 (0.0001 -- 0.0001)  max mem: 54947
Epoch: [27]  [100/127]  eta: 0:00:53  lr: 0.000100  loss: 1192.3481 (1751.9027)  geo_km: 148.5493 (185.6625)  time: 1.9845 (1.9828 -- 1.9895)  data: 0.0001 (0.0001 -- 0.0004)  max mem: 54947
Epoch: [27]  [120/127]  eta: 0:00:13  lr: 0.000100  loss: 1572.1030 (1784.9967)  geo_km: 190.5583 (188.0824)  time: 1.9859 (1.9804 -- 1.9964)  data: 0.0001 (0.0001 -- 0.0001)  max mem: 54947
Epoch: [27]  [126/127]  eta: 0:00:01  lr: 0.000100  loss: 1572.1030 (1783.0549)  geo_km: 190.5583 (186.9644)  time: 1.9844 (1.9804 -- 1.9964)  data: 0.0001 (0.0001 -- 0.0001)  max mem: 54947
Epoch: [27] Total time: 0:04:12 (1.9865 s / it)
train step
Test:  [0/5]  eta: 0:00:03  loss: 4725.0376 (4725.0376)  geo_km: 326.6407 (326.6407)  time: 0.7474 (0.7474 -- 0.7474)  data: 0.1461 (0.1461 -- 0.1461)  max mem: 54947
Test:  [4/5]  eta: 0:00:00  loss: 2202.0176 (2423.9076)  geo_km: 218.5305 (214.9444)  time: 0.6292 (0.5987 -- 0.7474)  data: 0.0293 (0.0001 -- 0.1461)  max mem: 54947
Test: Total time: 0:00:03 (0.6294 s / it)
Test:  [0/6]  eta: 0:00:04  loss: 5421.1011 (5421.1011)  geo_km: 300.6308 (300.6308)  time: 0.7305 (0.7305 -- 0.7305)  data: 0.1280 (0.1280 -- 0.1280)  max mem: 54947
Test:  [5/6]  eta: 0:00:00  loss: 741.3924 (1810.7541)  geo_km: 131.4581 (184.8094)  time: 0.6221 (0.5988 -- 0.7305)  data: 0.0214 (0.0001 -- 0.1280)  max mem: 54947
Test: Total time: 0:00:03 (0.6222 s / it)
eval step
start epoch28
Epoch: [28]  [  0/127]  eta: 0:04:20  lr: 0.000100  loss: 477.0213 (477.0213)  geo_km: 95.9816 (95.9816)  time: 2.0526 (2.0526 -- 2.0526)  data: 0.1535 (0.1535 -- 0.1535)  max mem: 54947
Epoch: [28]  [ 20/127]  eta: 0:03:32  lr: 0.000100  loss: 2157.3892 (2444.6604)  geo_km: 218.2595 (216.1015)  time: 1.9846 (1.9825 -- 1.9908)  data: 0.0001 (0.0001 -- 0.0004)  max mem: 54947
Epoch: [28]  [ 40/127]  eta: 0:02:52  lr: 0.000100  loss: 1371.6177 (2058.9250)  geo_km: 188.0328 (200.2364)  time: 1.9844 (1.9825 -- 1.9875)  data: 0.0001 (0.0001 -- 0.0005)  max mem: 54947
Epoch: [28]  [ 60/127]  eta: 0:02:13  lr: 0.000100  loss: 1622.2192 (1990.7952)  geo_km: 174.0190 (198.4605)  time: 1.9851 (1.9833 -- 1.9889)  data: 0.0001 (0.0001 -- 0.0004)  max mem: 54947
Epoch: [28]  [ 80/127]  eta: 0:01:33  lr: 0.000100  loss: 1237.0907 (1911.4165)  geo_km: 162.5520 (195.0112)  time: 1.9872 (1.9829 -- 1.9918)  data: 0.0001 (0.0001 -- 0.0004)  max mem: 54947
Epoch: [28]  [100/127]  eta: 0:00:53  lr: 0.000100  loss: 1760.2650 (1920.9656)  geo_km: 197.0345 (195.4662)  time: 1.9859 (1.9829 -- 1.9899)  data: 0.0001 (0.0001 -- 0.0005)  max mem: 54947
Epoch: [28]  [120/127]  eta: 0:00:13  lr: 0.000100  loss: 963.9357 (1882.2102)  geo_km: 155.8794 (192.1076)  time: 1.9871 (1.9805 -- 1.9913)  data: 0.0001 (0.0001 -- 0.0004)  max mem: 54947
Epoch: [28]  [126/127]  eta: 0:00:01  lr: 0.000100  loss: 963.9357 (1872.1475)  geo_km: 155.8794 (191.6465)  time: 1.9866 (1.9805 -- 1.9913)  data: 0.0001 (0.0001 -- 0.0004)  max mem: 54947
Epoch: [28] Total time: 0:04:12 (1.9862 s / it)
train step
Test:  [0/5]  eta: 0:00:03  loss: 3257.3396 (3257.3396)  geo_km: 262.5694 (262.5694)  time: 0.7365 (0.7365 -- 0.7365)  data: 0.1348 (0.1348 -- 0.1348)  max mem: 54947
Test:  [4/5]  eta: 0:00:00  loss: 2237.3938 (1943.2847)  geo_km: 188.7535 (185.1434)  time: 0.6267 (0.5987 -- 0.7365)  data: 0.0270 (0.0001 -- 0.1348)  max mem: 54947
Test: Total time: 0:00:03 (0.6269 s / it)
Test:  [0/6]  eta: 0:00:04  loss: 5991.0630 (5991.0630)  geo_km: 310.1663 (310.1663)  time: 0.7331 (0.7331 -- 0.7331)  data: 0.1300 (0.1300 -- 0.1300)  max mem: 54947
Test:  [5/6]  eta: 0:00:00  loss: 545.5952 (1574.9129)  geo_km: 130.2874 (162.1907)  time: 0.6217 (0.5984 -- 0.7331)  data: 0.0217 (0.0001 -- 0.1300)  max mem: 54947
Test: Total time: 0:00:03 (0.6218 s / it)
eval step
start epoch29
Epoch: [29]  [  0/127]  eta: 0:04:21  lr: 0.000100  loss: 705.9326 (705.9326)  geo_km: 138.8502 (138.8502)  time: 2.0573 (2.0573 -- 2.0573)  data: 0.1393 (0.1393 -- 0.1393)  max mem: 54947
Epoch: [29]  [ 20/127]  eta: 0:03:33  lr: 0.000100  loss: 1926.9131 (1911.9101)  geo_km: 219.9653 (204.5783)  time: 1.9873 (1.9834 -- 1.9919)  data: 0.0001 (0.0001 -- 0.0004)  max mem: 54947
Epoch: [29]  [ 40/127]  eta: 0:02:52  lr: 0.000100  loss: 1349.9613 (1810.0301)  geo_km: 176.4030 (195.4112)  time: 1.9843 (1.9825 -- 1.9854)  data: 0.0001 (0.0001 -- 0.0004)  max mem: 54947
Epoch: [29]  [ 60/127]  eta: 0:02:13  lr: 0.000100  loss: 948.1459 (1671.0608)  geo_km: 148.5824 (184.9449)  time: 1.9843 (1.9832 -- 1.9881)  data: 0.0001 (0.0001 -- 0.0005)  max mem: 54947
Epoch: [29]  [ 80/127]  eta: 0:01:33  lr: 0.000100  loss: 1490.5488 (1676.8310)  geo_km: 174.3921 (186.2629)  time: 1.9856 (1.9831 -- 1.9893)  data: 0.0001 (0.0001 -- 0.0005)  max mem: 54947
Epoch: [29]  [100/127]  eta: 0:00:53  lr: 0.000100  loss: 1611.2192 (1689.8643)  geo_km: 190.1736 (185.6803)  time: 1.9864 (1.9833 -- 1.9905)  data: 0.0001 (0.0001 -- 0.0004)  max mem: 54947
Epoch: [29]  [120/127]  eta: 0:00:13  lr: 0.000100  loss: 1067.4287 (1670.4475)  geo_km: 152.9209 (184.3392)  time: 1.9879 (1.9837 -- 1.9926)  data: 0.0001 (0.0001 -- 0.0001)  max mem: 54947
Epoch: [29]  [126/127]  eta: 0:00:01  lr: 0.000100  loss: 1306.5846 (1686.8349)  geo_km: 159.7832 (185.1259)  time: 1.9873 (1.9814 -- 1.9926)  data: 0.0001 (0.0001 -- 0.0001)  max mem: 54947
Epoch: [29] Total time: 0:04:12 (1.9865 s / it)
train step
Test:  [0/5]  eta: 0:00:03  loss: 2896.3745 (2896.3745)  geo_km: 252.6443 (252.6443)  time: 0.7359 (0.7359 -- 0.7359)  data: 0.1323 (0.1323 -- 0.1323)  max mem: 54947
Test:  [4/5]  eta: 0:00:00  loss: 2440.9739 (1964.3704)  geo_km: 202.1565 (199.7297)  time: 0.6270 (0.5993 -- 0.7359)  data: 0.0265 (0.0001 -- 0.1323)  max mem: 54947
Test: Total time: 0:00:03 (0.6272 s / it)
Test:  [0/6]  eta: 0:00:04  loss: 5810.8169 (5810.8169)  geo_km: 298.1863 (298.1863)  time: 0.7346 (0.7346 -- 0.7346)  data: 0.1303 (0.1303 -- 0.1303)  max mem: 54947
Test:  [5/6]  eta: 0:00:00  loss: 629.2009 (1698.8978)  geo_km: 110.9909 (168.3336)  time: 0.6239 (0.6004 -- 0.7346)  data: 0.0218 (0.0001 -- 0.1303)  max mem: 54947
Test: Total time: 0:00:03 (0.6241 s / it)
eval step
start epoch30
Epoch: [30]  [  0/127]  eta: 0:04:19  lr: 0.000100  loss: 3932.9294 (3932.9294)  geo_km: 246.7502 (246.7502)  time: 2.0440 (2.0440 -- 2.0440)  data: 0.1255 (0.1255 -- 0.1255)  max mem: 54947
Epoch: [30]  [ 20/127]  eta: 0:03:33  lr: 0.000100  loss: 1049.0405 (1380.1273)  geo_km: 153.7864 (169.9424)  time: 1.9928 (1.9868 -- 2.0003)  data: 0.0001 (0.0001 -- 0.0001)  max mem: 54947
Epoch: [30]  [ 40/127]  eta: 0:02:53  lr: 0.000100  loss: 1157.3153 (1537.0851)  geo_km: 171.3035 (173.8837)  time: 1.9914 (1.9856 -- 1.9962)  data: 0.0001 (0.0001 -- 0.0001)  max mem: 54947
Epoch: [30]  [ 60/127]  eta: 0:02:13  lr: 0.000100  loss: 890.7199 (1465.4661)  geo_km: 127.9142 (169.2172)  time: 1.9879 (1.9842 -- 1.9967)  data: 0.0001 (0.0001 -- 0.0004)  max mem: 54947
Epoch: [30]  [ 80/127]  eta: 0:01:33  lr: 0.000100  loss: 1181.0195 (1481.1131)  geo_km: 164.8152 (168.1979)  time: 1.9853 (1.9831 -- 1.9885)  data: 0.0001 (0.0001 -- 0.0004)  max mem: 54947
Epoch: [30]  [100/127]  eta: 0:00:53  lr: 0.000100  loss: 1394.9255 (1499.5480)  geo_km: 158.2284 (168.1847)  time: 1.9847 (1.9824 -- 1.9909)  data: 0.0001 (0.0001 -- 0.0001)  max mem: 54947
Epoch: [30]  [120/127]  eta: 0:00:13  lr: 0.000100  loss: 1139.6864 (1469.8209)  geo_km: 165.9987 (167.7335)  time: 1.9865 (1.9831 -- 1.9938)  data: 0.0001 (0.0001 -- 0.0001)  max mem: 54947
Epoch: [30]  [126/127]  eta: 0:00:01  lr: 0.000100  loss: 1176.2610 (1480.3581)  geo_km: 176.6063 (168.3836)  time: 1.9858 (1.9831 -- 1.9893)  data: 0.0001 (0.0001 -- 0.0001)  max mem: 54947
Epoch: [30] Total time: 0:04:12 (1.9884 s / it)
train step
Test:  [0/5]  eta: 0:00:03  loss: 5474.4043 (5474.4043)  geo_km: 354.0591 (354.0590)  time: 0.7633 (0.7633 -- 0.7633)  data: 0.1638 (0.1638 -- 0.1638)  max mem: 54947
Test:  [4/5]  eta: 0:00:00  loss: 1189.7407 (2273.4508)  geo_km: 162.7825 (209.9469)  time: 0.6319 (0.5981 -- 0.7633)  data: 0.0328 (0.0001 -- 0.1638)  max mem: 54947
Test: Total time: 0:00:03 (0.6321 s / it)
Test:  [0/6]  eta: 0:00:04  loss: 6409.1035 (6409.1035)  geo_km: 317.9436 (317.9436)  time: 0.7301 (0.7301 -- 0.7301)  data: 0.1289 (0.1289 -- 0.1289)  max mem: 54947
Test:  [5/6]  eta: 0:00:00  loss: 478.8090 (1534.0044)  geo_km: 116.1823 (150.5697)  time: 0.6220 (0.5990 -- 0.7301)  data: 0.0216 (0.0001 -- 0.1289)  max mem: 54947
Test: Total time: 0:00:03 (0.6221 s / it)
eval step
start epoch31
Epoch: [31]  [  0/127]  eta: 0:04:19  lr: 0.000100  loss: 4017.6826 (4017.6826)  geo_km: 297.8831 (297.8831)  time: 2.0396 (2.0396 -- 2.0396)  data: 0.1267 (0.1267 -- 0.1267)  max mem: 54947
Epoch: [31]  [ 20/127]  eta: 0:03:32  lr: 0.000100  loss: 1309.6598 (1688.3458)  geo_km: 183.4108 (192.2085)  time: 1.9875 (1.9835 -- 1.9947)  data: 0.0001 (0.0001 -- 0.0005)  max mem: 54947
Epoch: [31]  [ 40/127]  eta: 0:02:52  lr: 0.000100  loss: 1020.4627 (1578.9365)  geo_km: 147.0971 (180.2571)  time: 1.9865 (1.9848 -- 1.9880)  data: 0.0001 (0.0001 -- 0.0004)  max mem: 54947
Epoch: [31]  [ 60/127]  eta: 0:02:13  lr: 0.000100  loss: 1337.8467 (1607.8504)  geo_km: 166.9870 (182.9469)  time: 1.9883 (1.9849 -- 1.9948)  data: 0.0001 (0.0001 -- 0.0005)  max mem: 54947
Epoch: [31]  [ 80/127]  eta: 0:01:33  lr: 0.000100  loss: 1037.4644 (1560.1131)  geo_km: 152.5247 (177.8119)  time: 1.9874 (1.9837 -- 1.9906)  data: 0.0001 (0.0001 -- 0.0004)  max mem: 54947
Epoch: [31]  [100/127]  eta: 0:00:53  lr: 0.000100  loss: 1465.7775 (1536.7979)  geo_km: 171.9549 (176.2137)  time: 1.9900 (1.9864 -- 1.9932)  data: 0.0003 (0.0001 -- 0.0005)  max mem: 54947
Epoch: [31]  [120/127]  eta: 0:00:13  lr: 0.000100  loss: 1323.3544 (1519.7386)  geo_km: 160.2090 (175.1286)  time: 1.9891 (1.9844 -- 1.9932)  data: 0.0001 (0.0001 -- 0.0005)  max mem: 54947
Epoch: [31]  [126/127]  eta: 0:00:01  lr: 0.000100  loss: 1323.3544 (1502.2396)  geo_km: 165.0772 (174.3828)  time: 1.9882 (1.9843 -- 1.9932)  data: 0.0001 (0.0001 -- 0.0005)  max mem: 54947
Epoch: [31] Total time: 0:04:12 (1.9885 s / it)
train step
Test:  [0/5]  eta: 0:00:03  loss: 2369.2668 (2369.2668)  geo_km: 194.6095 (194.6095)  time: 0.7503 (0.7503 -- 0.7503)  data: 0.1486 (0.1486 -- 0.1486)  max mem: 54947
Test:  [4/5]  eta: 0:00:00  loss: 1365.6154 (1322.0053)  geo_km: 181.4677 (158.5032)  time: 0.6292 (0.5986 -- 0.7503)  data: 0.0298 (0.0001 -- 0.1486)  max mem: 54947
Test: Total time: 0:00:03 (0.6294 s / it)
Test:  [0/6]  eta: 0:00:04  loss: 6839.7344 (6839.7344)  geo_km: 317.7970 (317.7970)  time: 0.7368 (0.7368 -- 0.7368)  data: 0.1304 (0.1304 -- 0.1304)  max mem: 54947
Test:  [5/6]  eta: 0:00:00  loss: 465.7513 (1690.5451)  geo_km: 116.1096 (165.4803)  time: 0.6232 (0.5987 -- 0.7368)  data: 0.0218 (0.0001 -- 0.1304)  max mem: 54947
Test: Total time: 0:00:03 (0.6234 s / it)
eval step
[INFO] Best checkpoint saved at ./output/checkpoint-tracking-best.pth
start epoch32
Epoch: [32]  [  0/127]  eta: 0:04:21  lr: 0.000100  loss: 2140.4504 (2140.4504)  geo_km: 210.2796 (210.2797)  time: 2.0622 (2.0622 -- 2.0622)  data: 0.1573 (0.1573 -- 0.1573)  max mem: 54947
Epoch: [32]  [ 20/127]  eta: 0:03:32  lr: 0.000100  loss: 1262.9546 (1564.1854)  geo_km: 187.7970 (184.3100)  time: 1.9870 (1.9775 -- 1.9927)  data: 0.0001 (0.0001 -- 0.0004)  max mem: 54947
Epoch: [32]  [ 40/127]  eta: 0:02:53  lr: 0.000100  loss: 1328.4116 (1458.9250)  geo_km: 164.2418 (175.8005)  time: 1.9879 (1.9842 -- 1.9921)  data: 0.0001 (0.0001 -- 0.0005)  max mem: 54947
Epoch: [32]  [ 60/127]  eta: 0:02:13  lr: 0.000100  loss: 1333.9934 (1540.8480)  geo_km: 167.7011 (177.7610)  time: 1.9871 (1.9839 -- 1.9897)  data: 0.0001 (0.0001 -- 0.0005)  max mem: 54947
Epoch: [32]  [ 80/127]  eta: 0:01:33  lr: 0.000100  loss: 1093.3387 (1575.0591)  geo_km: 158.0768 (176.2656)  time: 1.9877 (1.9837 -- 1.9937)  data: 0.0002 (0.0001 -- 0.0005)  max mem: 54947
Epoch: [32]  [100/127]  eta: 0:00:53  lr: 0.000100  loss: 1492.2825 (1549.8465)  geo_km: 168.7155 (175.1655)  time: 1.9874 (1.9838 -- 1.9907)  data: 0.0001 (0.0001 -- 0.0005)  max mem: 54947
Epoch: [32]  [120/127]  eta: 0:00:13  lr: 0.000100  loss: 1113.7397 (1517.1549)  geo_km: 160.6541 (173.7441)  time: 1.9876 (1.9839 -- 1.9901)  data: 0.0001 (0.0001 -- 0.0005)  max mem: 54947
Epoch: [32]  [126/127]  eta: 0:00:01  lr: 0.000100  loss: 1121.1663 (1505.3757)  geo_km: 158.7246 (173.1600)  time: 1.9890 (1.9839 -- 1.9954)  data: 0.0001 (0.0001 -- 0.0004)  max mem: 54947
Epoch: [32] Total time: 0:04:12 (1.9883 s / it)
train step
Test:  [0/5]  eta: 0:00:03  loss: 3259.0994 (3259.0994)  geo_km: 232.0939 (232.0939)  time: 0.7380 (0.7380 -- 0.7380)  data: 0.1346 (0.1346 -- 0.1346)  max mem: 54947
Test:  [4/5]  eta: 0:00:00  loss: 916.6273 (1597.7910)  geo_km: 154.7832 (162.6296)  time: 0.6285 (0.6003 -- 0.7380)  data: 0.0270 (0.0001 -- 0.1346)  max mem: 54947
Test: Total time: 0:00:03 (0.6286 s / it)
Test:  [0/6]  eta: 0:00:04  loss: 7219.8818 (7219.8818)  geo_km: 325.8473 (325.8473)  time: 0.7396 (0.7396 -- 0.7396)  data: 0.1348 (0.1348 -- 0.1348)  max mem: 54947
Test:  [5/6]  eta: 0:00:00  loss: 457.3099 (1667.5467)  geo_km: 112.8948 (154.5791)  time: 0.6253 (0.6001 -- 0.7396)  data: 0.0225 (0.0001 -- 0.1348)  max mem: 54947
Test: Total time: 0:00:03 (0.6255 s / it)
eval step
start epoch33
Epoch: [33]  [  0/127]  eta: 0:04:21  lr: 0.000100  loss: 145.0453 (145.0453)  geo_km: 48.7644 (48.7644)  time: 2.0614 (2.0614 -- 2.0614)  data: 0.1301 (0.1301 -- 0.1301)  max mem: 54947
Epoch: [33]  [ 20/127]  eta: 0:03:33  lr: 0.000100  loss: 749.5869 (991.7215)  geo_km: 133.5876 (140.0061)  time: 1.9891 (1.9866 -- 1.9951)  data: 0.0002 (0.0001 -- 0.0005)  max mem: 54947
Epoch: [33]  [ 40/127]  eta: 0:02:53  lr: 0.000100  loss: 924.2985 (1139.6994)  geo_km: 151.6720 (153.1696)  time: 1.9882 (1.9851 -- 1.9935)  data: 0.0001 (0.0001 -- 0.0005)  max mem: 54947
Epoch: [33]  [ 60/127]  eta: 0:02:13  lr: 0.000100  loss: 1356.2938 (1187.5555)  geo_km: 182.8951 (158.7041)  time: 1.9885 (1.9859 -- 1.9929)  data: 0.0002 (0.0001 -- 0.0004)  max mem: 54947
Epoch: [33]  [ 80/127]  eta: 0:01:33  lr: 0.000100  loss: 1281.2950 (1212.6017)  geo_km: 155.3622 (158.6279)  time: 1.9906 (1.9857 -- 1.9946)  data: 0.0001 (0.0001 -- 0.0005)  max mem: 54947
Epoch: [33]  [100/127]  eta: 0:00:53  lr: 0.000100  loss: 1090.6859 (1235.5399)  geo_km: 135.2531 (158.7824)  time: 1.9883 (1.9849 -- 1.9927)  data: 0.0002 (0.0001 -- 0.0004)  max mem: 54947
Epoch: [33]  [120/127]  eta: 0:00:13  lr: 0.000100  loss: 860.0112 (1267.1209)  geo_km: 142.5920 (159.2210)  time: 1.9878 (1.9843 -- 1.9921)  data: 0.0001 (0.0001 -- 0.0004)  max mem: 54947
Epoch: [33]  [126/127]  eta: 0:00:01  lr: 0.000100  loss: 1249.7515 (1266.3654)  geo_km: 163.7863 (160.4061)  time: 1.9872 (1.9830 -- 1.9921)  data: 0.0001 (0.0001 -- 0.0004)  max mem: 54947
Epoch: [33] Total time: 0:04:12 (1.9892 s / it)
train step
Test:  [0/5]  eta: 0:00:03  loss: 5238.3647 (5238.3647)  geo_km: 343.8223 (343.8223)  time: 0.7479 (0.7479 -- 0.7479)  data: 0.1440 (0.1440 -- 0.1440)  max mem: 54947
Test:  [4/5]  eta: 0:00:00  loss: 867.4244 (1566.8014)  geo_km: 123.9747 (166.6998)  time: 0.6308 (0.5999 -- 0.7479)  data: 0.0289 (0.0001 -- 0.1440)  max mem: 54947
Test: Total time: 0:00:03 (0.6310 s / it)
Test:  [0/6]  eta: 0:00:04  loss: 7547.3711 (7547.3711)  geo_km: 304.8752 (304.8753)  time: 0.7632 (0.7632 -- 0.7632)  data: 0.1620 (0.1620 -- 0.1620)  max mem: 54947
Test:  [5/6]  eta: 0:00:00  loss: 1203.8020 (2254.0625)  geo_km: 181.6165 (191.3393)  time: 0.6293 (0.6013 -- 0.7632)  data: 0.0271 (0.0001 -- 0.1620)  max mem: 54947
Test: Total time: 0:00:03 (0.6295 s / it)
eval step
start epoch34
Epoch: [34]  [  0/127]  eta: 0:04:24  lr: 0.000100  loss: 983.7795 (983.7795)  geo_km: 164.7305 (164.7305)  time: 2.0838 (2.0838 -- 2.0838)  data: 0.1239 (0.1239 -- 0.1239)  max mem: 54947
Epoch: [34]  [ 20/127]  eta: 0:03:33  lr: 0.000100  loss: 673.9537 (1008.4884)  geo_km: 139.7202 (144.0237)  time: 1.9885 (1.9840 -- 2.0077)  data: 0.0001 (0.0001 -- 0.0005)  max mem: 54947
Epoch: [34]  [ 40/127]  eta: 0:02:53  lr: 0.000100  loss: 1253.1738 (1104.9605)  geo_km: 156.6783 (150.4172)  time: 1.9861 (1.9845 -- 1.9891)  data: 0.0001 (0.0001 -- 0.0005)  max mem: 54947
Epoch: [34]  [ 60/127]  eta: 0:02:13  lr: 0.000100  loss: 1145.2034 (1208.3053)  geo_km: 159.1863 (154.1133)  time: 1.9863 (1.9850 -- 1.9889)  data: 0.0001 (0.0001 -- 0.0005)  max mem: 54947
Epoch: [34]  [ 80/127]  eta: 0:01:33  lr: 0.000100  loss: 1319.3967 (1284.2879)  geo_km: 168.5644 (160.9323)  time: 1.9864 (1.9841 -- 1.9890)  data: 0.0001 (0.0001 -- 0.0004)  max mem: 54947
Epoch: [34]  [100/127]  eta: 0:00:53  lr: 0.000100  loss: 1002.0808 (1313.0636)  geo_km: 160.4088 (161.5450)  time: 1.9861 (1.9843 -- 1.9881)  data: 0.0001 (0.0001 -- 0.0001)  max mem: 54947
Epoch: [34]  [120/127]  eta: 0:00:13  lr: 0.000100  loss: 1141.0898 (1323.0062)  geo_km: 178.0501 (162.7365)  time: 1.9885 (1.9846 -- 1.9927)  data: 0.0001 (0.0001 -- 0.0004)  max mem: 54947
Epoch: [34]  [126/127]  eta: 0:00:01  lr: 0.000100  loss: 1204.6797 (1310.0731)  geo_km: 177.3086 (162.1731)  time: 1.9891 (1.9857 -- 1.9927)  data: 0.0001 (0.0001 -- 0.0004)  max mem: 54947
Epoch: [34] Total time: 0:04:12 (1.9879 s / it)
train step
Test:  [0/5]  eta: 0:00:03  loss: 3052.8745 (3052.8745)  geo_km: 244.5498 (244.5498)  time: 0.7643 (0.7643 -- 0.7643)  data: 0.1621 (0.1621 -- 0.1621)  max mem: 54947
Test:  [4/5]  eta: 0:00:00  loss: 2089.2373 (1805.7170)  geo_km: 230.3359 (196.8637)  time: 0.6334 (0.5990 -- 0.7643)  data: 0.0325 (0.0001 -- 0.1621)  max mem: 54947
Test: Total time: 0:00:03 (0.6335 s / it)
Test:  [0/6]  eta: 0:00:04  loss: 7956.5552 (7956.5552)  geo_km: 403.1691 (403.1691)  time: 0.7348 (0.7348 -- 0.7348)  data: 0.1318 (0.1318 -- 0.1318)  max mem: 54947
Test:  [5/6]  eta: 0:00:00  loss: 441.8422 (1942.6299)  geo_km: 114.1482 (184.7340)  time: 0.6232 (0.5998 -- 0.7348)  data: 0.0220 (0.0001 -- 0.1318)  max mem: 54947
Test: Total time: 0:00:03 (0.6234 s / it)
eval step
start epoch35
Epoch: [35]  [  0/127]  eta: 0:04:21  lr: 0.000100  loss: 217.0517 (217.0517)  geo_km: 75.3854 (75.3854)  time: 2.0590 (2.0590 -- 2.0590)  data: 0.1481 (0.1481 -- 0.1481)  max mem: 54947
Epoch: [35]  [ 20/127]  eta: 0:03:33  lr: 0.000100  loss: 909.2844 (1438.8333)  geo_km: 149.8193 (167.3071)  time: 1.9896 (1.9878 -- 1.9932)  data: 0.0002 (0.0001 -- 0.0005)  max mem: 54947
Epoch: [35]  [ 40/127]  eta: 0:02:53  lr: 0.000100  loss: 964.1442 (1407.0684)  geo_km: 152.2867 (165.5725)  time: 1.9903 (1.9865 -- 1.9929)  data: 0.0001 (0.0001 -- 0.0004)  max mem: 54947
Epoch: [35]  [ 60/127]  eta: 0:02:13  lr: 0.000100  loss: 1413.1299 (1640.0738)  geo_km: 174.1904 (174.6717)  time: 1.9901 (1.9874 -- 1.9938)  data: 0.0001 (0.0001 -- 0.0004)  max mem: 54947
Epoch: [35]  [ 80/127]  eta: 0:01:33  lr: 0.000100  loss: 1192.1932 (1678.1161)  geo_km: 151.3920 (176.0501)  time: 1.9868 (1.9847 -- 1.9905)  data: 0.0001 (0.0001 -- 0.0005)  max mem: 54947
Epoch: [35]  [100/127]  eta: 0:00:53  lr: 0.000100  loss: 1343.7664 (1646.5838)  geo_km: 167.2112 (175.6557)  time: 1.9870 (1.9852 -- 1.9914)  data: 0.0001 (0.0001 -- 0.0001)  max mem: 54947
Epoch: [35]  [120/127]  eta: 0:00:13  lr: 0.000100  loss: 1770.6759 (1806.7343)  geo_km: 192.5807 (182.6714)  time: 1.9913 (1.9207 -- 2.1456)  data: 0.0002 (0.0001 -- 0.0004)  max mem: 54947
Epoch: [35]  [126/127]  eta: 0:00:01  lr: 0.000100  loss: 1623.5690 (1787.7168)  geo_km: 170.4568 (181.9903)  time: 1.9863 (1.9826 -- 1.9919)  data: 0.0002 (0.0001 -- 0.0004)  max mem: 54947
Epoch: [35] Total time: 0:04:12 (1.9896 s / it)
train step
Test:  [0/5]  eta: 0:00:03  loss: 4550.5571 (4550.5571)  geo_km: 320.6009 (320.6009)  time: 0.7423 (0.7423 -- 0.7423)  data: 0.1383 (0.1383 -- 0.1383)  max mem: 54947
Test:  [4/5]  eta: 0:00:00  loss: 2162.6753 (2393.2419)  geo_km: 211.2836 (224.1475)  time: 0.6294 (0.6004 -- 0.7423)  data: 0.0277 (0.0001 -- 0.1383)  max mem: 54947
Test: Total time: 0:00:03 (0.6296 s / it)
Test:  [0/6]  eta: 0:00:04  loss: 5961.3262 (5961.3262)  geo_km: 350.1468 (350.1468)  time: 0.7418 (0.7418 -- 0.7418)  data: 0.1364 (0.1364 -- 0.1364)  max mem: 54947
Test:  [5/6]  eta: 0:00:00  loss: 466.3930 (1502.7156)  geo_km: 103.9524 (160.8362)  time: 0.6240 (0.5987 -- 0.7418)  data: 0.0228 (0.0001 -- 0.1364)  max mem: 54947
Test: Total time: 0:00:03 (0.6241 s / it)
eval step
start epoch36
Epoch: [36]  [  0/127]  eta: 0:04:18  lr: 0.000100  loss: 2845.0183 (2845.0183)  geo_km: 302.5507 (302.5507)  time: 2.0362 (2.0362 -- 2.0362)  data: 0.1330 (0.1330 -- 0.1330)  max mem: 54947
Epoch: [36]  [ 20/127]  eta: 0:03:33  lr: 0.000100  loss: 1793.8800 (2222.1753)  geo_km: 204.7858 (218.2120)  time: 1.9886 (1.9853 -- 1.9936)  data: 0.0002 (0.0001 -- 0.0005)  max mem: 54947
Epoch: [36]  [ 40/127]  eta: 0:02:53  lr: 0.000100  loss: 717.8850 (1662.5714)  geo_km: 134.4243 (186.9781)  time: 1.9898 (1.9865 -- 1.9957)  data: 0.0001 (0.0001 -- 0.0004)  max mem: 54947
Epoch: [36]  [ 60/127]  eta: 0:02:13  lr: 0.000100  loss: 1142.2831 (1610.0349)  geo_km: 155.9023 (183.6605)  time: 1.9922 (1.9878 -- 1.9978)  data: 0.0001 (0.0001 -- 0.0004)  max mem: 54947
Epoch: [36]  [ 80/127]  eta: 0:01:33  lr: 0.000100  loss: 1523.4979 (1624.0635)  geo_km: 188.6562 (183.4722)  time: 1.9911 (1.9855 -- 2.0288)  data: 0.0001 (0.0001 -- 0.0001)  max mem: 54947
Epoch: [36]  [100/127]  eta: 0:00:53  lr: 0.000100  loss: 1935.7183 (1742.0814)  geo_km: 188.3300 (189.0570)  time: 1.9908 (1.9861 -- 2.0220)  data: 0.0002 (0.0001 -- 0.0005)  max mem: 54947
Epoch: [36]  [120/127]  eta: 0:00:13  lr: 0.000100  loss: 1402.2367 (1752.9533)  geo_km: 169.4269 (188.6059)  time: 1.9876 (1.9848 -- 1.9915)  data: 0.0001 (0.0001 -- 0.0005)  max mem: 54947
Epoch: [36]  [126/127]  eta: 0:00:01  lr: 0.000100  loss: 1280.3999 (1739.0508)  geo_km: 169.4269 (187.6450)  time: 1.9866 (1.9831 -- 1.9915)  data: 0.0001 (0.0001 -- 0.0005)  max mem: 54947
Epoch: [36] Total time: 0:04:12 (1.9901 s / it)
train step
Test:  [0/5]  eta: 0:00:03  loss: 4680.3887 (4680.3887)  geo_km: 325.4599 (325.4599)  time: 0.7573 (0.7573 -- 0.7573)  data: 0.1519 (0.1519 -- 0.1519)  max mem: 54947
Test:  [4/5]  eta: 0:00:00  loss: 2905.1885 (2757.0439)  geo_km: 277.0741 (249.8163)  time: 0.6337 (0.6017 -- 0.7573)  data: 0.0304 (0.0001 -- 0.1519)  max mem: 54947
Test: Total time: 0:00:03 (0.6339 s / it)
Test:  [0/6]  eta: 0:00:04  loss: 6690.0269 (6690.0269)  geo_km: 419.9804 (419.9804)  time: 0.7357 (0.7357 -- 0.7357)  data: 0.1279 (0.1279 -- 0.1279)  max mem: 54947
Test:  [5/6]  eta: 0:00:00  loss: 697.0559 (1778.0114)  geo_km: 130.9003 (177.2891)  time: 0.6264 (0.6032 -- 0.7357)  data: 0.0214 (0.0001 -- 0.1279)  max mem: 54947
Test: Total time: 0:00:03 (0.6266 s / it)
eval step
start epoch37
Epoch: [37]  [  0/127]  eta: 0:04:20  lr: 0.000100  loss: 1238.3518 (1238.3518)  geo_km: 149.6079 (149.6079)  time: 2.0532 (2.0532 -- 2.0532)  data: 0.1379 (0.1379 -- 0.1379)  max mem: 54947
Epoch: [37]  [ 20/127]  eta: 0:03:33  lr: 0.000100  loss: 1183.5277 (1428.8064)  geo_km: 141.6719 (170.2222)  time: 1.9907 (1.9873 -- 1.9958)  data: 0.0002 (0.0001 -- 0.0005)  max mem: 54947
Epoch: [37]  [ 40/127]  eta: 0:02:53  lr: 0.000100  loss: 1173.4275 (1478.3033)  geo_km: 159.8102 (171.5932)  time: 1.9890 (1.9872 -- 1.9940)  data: 0.0002 (0.0001 -- 0.0004)  max mem: 54947
Epoch: [37]  [ 60/127]  eta: 0:02:13  lr: 0.000100  loss: 1994.8350 (1660.8473)  geo_km: 205.6592 (181.0080)  time: 1.9881 (1.9852 -- 1.9937)  data: 0.0002 (0.0001 -- 0.0005)  max mem: 54947
Epoch: [37]  [ 80/127]  eta: 0:01:33  lr: 0.000100  loss: 1111.0312 (1613.0904)  geo_km: 155.0587 (178.1028)  time: 1.9881 (1.9857 -- 1.9914)  data: 0.0002 (0.0001 -- 0.0005)  max mem: 54947
Epoch: [37]  [100/127]  eta: 0:00:53  lr: 0.000100  loss: 1353.4258 (1616.0959)  geo_km: 167.2368 (177.8494)  time: 1.9878 (1.9853 -- 1.9918)  data: 0.0001 (0.0001 -- 0.0005)  max mem: 54947
Epoch: [37]  [120/127]  eta: 0:00:13  lr: 0.000100  loss: 1204.9192 (1570.3282)  geo_km: 161.4391 (176.9872)  time: 1.9862 (1.9819 -- 1.9884)  data: 0.0002 (0.0001 -- 0.0005)  max mem: 54947
Epoch: [37]  [126/127]  eta: 0:00:01  lr: 0.000100  loss: 1546.2332 (1614.5982)  geo_km: 178.5166 (179.6259)  time: 1.9856 (1.9819 -- 1.9884)  data: 0.0001 (0.0001 -- 0.0005)  max mem: 54947
Epoch: [37] Total time: 0:04:12 (1.9887 s / it)
train step
Test:  [0/5]  eta: 0:00:03  loss: 2320.6755 (2320.6755)  geo_km: 232.7767 (232.7768)  time: 0.7426 (0.7426 -- 0.7426)  data: 0.1345 (0.1345 -- 0.1345)  max mem: 54947
Test:  [4/5]  eta: 0:00:00  loss: 1195.2802 (1308.1731)  geo_km: 173.9815 (163.3764)  time: 0.6311 (0.6025 -- 0.7426)  data: 0.0270 (0.0001 -- 0.1345)  max mem: 54947
Test: Total time: 0:00:03 (0.6313 s / it)
Test:  [0/6]  eta: 0:00:04  loss: 4889.7305 (4889.7305)  geo_km: 288.8788 (288.8788)  time: 0.7349 (0.7349 -- 0.7349)  data: 0.1309 (0.1309 -- 0.1309)  max mem: 54947
Test:  [5/6]  eta: 0:00:00  loss: 414.4500 (1635.2941)  geo_km: 103.0773 (178.2684)  time: 0.6253 (0.6017 -- 0.7349)  data: 0.0219 (0.0001 -- 0.1309)  max mem: 54947
Test: Total time: 0:00:03 (0.6255 s / it)
eval step
start epoch38
Epoch: [38]  [  0/127]  eta: 0:04:18  lr: 0.000100  loss: 2280.0403 (2280.0403)  geo_km: 221.5589 (221.5589)  time: 2.0374 (2.0374 -- 2.0374)  data: 0.1359 (0.1359 -- 0.1359)  max mem: 54947
Epoch: [38]  [ 20/127]  eta: 0:03:32  lr: 0.000100  loss: 1282.6462 (1381.5456)  geo_km: 184.3623 (173.6982)  time: 1.9873 (1.9849 -- 1.9937)  data: 0.0002 (0.0001 -- 0.0005)  max mem: 54947
Epoch: [38]  [ 40/127]  eta: 0:02:53  lr: 0.000100  loss: 1080.6062 (1455.1678)  geo_km: 162.5175 (174.9830)  time: 1.9874 (1.9853 -- 1.9892)  data: 0.0001 (0.0001 -- 0.0005)  max mem: 54947
Epoch: [38]  [ 60/127]  eta: 0:02:13  lr: 0.000100  loss: 1292.4711 (1478.3167)  geo_km: 181.7938 (176.5641)  time: 1.9874 (1.9857 -- 1.9895)  data: 0.0001 (0.0001 -- 0.0004)  max mem: 54947
Epoch: [38]  [ 80/127]  eta: 0:01:33  lr: 0.000100  loss: 1439.0068 (1523.0184)  geo_km: 173.9613 (176.6505)  time: 1.9865 (1.9847 -- 1.9881)  data: 0.0001 (0.0001 -- 0.0002)  max mem: 54947
Epoch: [38]  [100/127]  eta: 0:00:53  lr: 0.000100  loss: 1745.3638 (1594.9305)  geo_km: 186.3880 (180.2677)  time: 1.9872 (1.9847 -- 1.9906)  data: 0.0001 (0.0001 -- 0.0001)  max mem: 54947
Epoch: [38]  [120/127]  eta: 0:00:13  lr: 0.000100  loss: 1328.2628 (1577.9588)  geo_km: 172.3028 (179.2837)  time: 1.9870 (1.9846 -- 1.9895)  data: 0.0001 (0.0001 -- 0.0005)  max mem: 54947
Epoch: [38]  [126/127]  eta: 0:00:01  lr: 0.000100  loss: 1053.4980 (1543.2560)  geo_km: 155.6582 (176.9230)  time: 1.9864 (1.9835 -- 1.9895)  data: 0.0001 (0.0001 -- 0.0004)  max mem: 54947
Epoch: [38] Total time: 0:04:12 (1.9875 s / it)
train step
Test:  [0/5]  eta: 0:00:03  loss: 2751.5962 (2751.5962)  geo_km: 276.4723 (276.4723)  time: 0.7499 (0.7499 -- 0.7499)  data: 0.1431 (0.1431 -- 0.1431)  max mem: 54947
Test:  [4/5]  eta: 0:00:00  loss: 1537.8651 (1449.8294)  geo_km: 189.0064 (186.4381)  time: 0.6322 (0.6016 -- 0.7499)  data: 0.0287 (0.0001 -- 0.1431)  max mem: 54947
Test: Total time: 0:00:03 (0.6324 s / it)
Test:  [0/6]  eta: 0:00:04  loss: 5944.6489 (5944.6489)  geo_km: 346.4222 (346.4222)  time: 0.7500 (0.7500 -- 0.7500)  data: 0.1457 (0.1457 -- 0.1457)  max mem: 54947
Test:  [5/6]  eta: 0:00:00  loss: 1034.7411 (1818.8563)  geo_km: 145.8170 (192.5573)  time: 0.6273 (0.6009 -- 0.7500)  data: 0.0244 (0.0001 -- 0.1457)  max mem: 54947
Test: Total time: 0:00:03 (0.6274 s / it)
eval step
start epoch39
Epoch: [39]  [  0/127]  eta: 0:04:20  lr: 0.000100  loss: 648.9188 (648.9188)  geo_km: 143.1614 (143.1614)  time: 2.0530 (2.0530 -- 2.0530)  data: 0.1267 (0.1267 -- 0.1267)  max mem: 54947
Epoch: [39]  [ 20/127]  eta: 0:03:33  lr: 0.000100  loss: 1140.9066 (1597.1264)  geo_km: 161.3094 (178.3861)  time: 1.9875 (1.9851 -- 1.9906)  data: 0.0001 (0.0001 -- 0.0005)  max mem: 54947
Epoch: [39]  [ 40/127]  eta: 0:02:53  lr: 0.000100  loss: 814.0885 (1395.2768)  geo_km: 140.8559 (161.9419)  time: 1.9888 (1.9855 -- 1.9938)  data: 0.0001 (0.0001 -- 0.0004)  max mem: 54947
Epoch: [39]  [ 60/127]  eta: 0:02:13  lr: 0.000100  loss: 1407.6973 (1409.4616)  geo_km: 181.6281 (169.3121)  time: 1.9884 (1.9853 -- 1.9912)  data: 0.0002 (0.0001 -- 0.0004)  max mem: 54947
Epoch: [39]  [ 80/127]  eta: 0:01:33  lr: 0.000100  loss: 1134.9713 (1358.0546)  geo_km: 160.5861 (166.8866)  time: 1.9882 (1.9858 -- 1.9921)  data: 0.0001 (0.0001 -- 0.0004)  max mem: 54947
Epoch: [39]  [100/127]  eta: 0:00:53  lr: 0.000100  loss: 943.0925 (1343.6165)  geo_km: 148.7815 (166.2286)  time: 1.9879 (1.9858 -- 1.9898)  data: 0.0001 (0.0001 -- 0.0004)  max mem: 54947
Epoch: [39]  [120/127]  eta: 0:00:13  lr: 0.000100  loss: 1013.3445 (1320.8626)  geo_km: 148.7968 (164.9631)  time: 1.9875 (1.9839 -- 1.9912)  data: 0.0001 (0.0001 -- 0.0004)  max mem: 54947
Epoch: [39]  [126/127]  eta: 0:00:01  lr: 0.000100  loss: 794.2249 (1289.5653)  geo_km: 141.2109 (162.6872)  time: 1.9865 (1.9827 -- 1.9912)  data: 0.0001 (0.0001 -- 0.0004)  max mem: 54947
Epoch: [39] Total time: 0:04:12 (1.9884 s / it)
train step
Test:  [0/5]  eta: 0:00:03  loss: 2310.3691 (2310.3691)  geo_km: 244.8507 (244.8507)  time: 0.7420 (0.7420 -- 0.7420)  data: 0.1334 (0.1334 -- 0.1334)  max mem: 54947
Test:  [4/5]  eta: 0:00:00  loss: 1105.8330 (1270.0115)  geo_km: 174.6603 (174.9878)  time: 0.6315 (0.6018 -- 0.7420)  data: 0.0268 (0.0001 -- 0.1334)  max mem: 54947
Test: Total time: 0:00:03 (0.6317 s / it)
Test:  [0/6]  eta: 0:00:04  loss: 2619.4133 (2619.4133)  geo_km: 212.9670 (212.9670)  time: 0.7372 (0.7372 -- 0.7372)  data: 0.1296 (0.1296 -- 0.1296)  max mem: 54947
Test:  [5/6]  eta: 0:00:00  loss: 788.8186 (1249.9871)  geo_km: 154.4516 (166.9583)  time: 0.6267 (0.6027 -- 0.7372)  data: 0.0217 (0.0001 -- 0.1296)  max mem: 54947
Test: Total time: 0:00:03 (0.6269 s / it)
eval step
start epoch40
Epoch: [40]  [  0/127]  eta: 0:04:20  lr: 0.000100  loss: 1931.3931 (1931.3931)  geo_km: 185.1805 (185.1805)  time: 2.0499 (2.0499 -- 2.0499)  data: 0.1537 (0.1537 -- 0.1537)  max mem: 54947
Epoch: [40]  [ 20/127]  eta: 0:03:32  lr: 0.000100  loss: 963.9719 (1114.0727)  geo_km: 155.4003 (161.5942)  time: 1.9867 (1.9848 -- 1.9893)  data: 0.0001 (0.0001 -- 0.0006)  max mem: 54947
Epoch: [40]  [ 40/127]  eta: 0:02:52  lr: 0.000100  loss: 1149.8318 (1282.0398)  geo_km: 164.7934 (167.5974)  time: 1.9866 (1.9851 -- 1.9894)  data: 0.0002 (0.0001 -- 0.0004)  max mem: 54947
Epoch: [40]  [ 60/127]  eta: 0:02:13  lr: 0.000100  loss: 655.8923 (1193.8745)  geo_km: 131.9560 (157.3817)  time: 1.9868 (1.9849 -- 1.9887)  data: 0.0001 (0.0001 -- 0.0002)  max mem: 54947
Epoch: [40]  [ 80/127]  eta: 0:01:33  lr: 0.000100  loss: 1197.3146 (1241.0925)  geo_km: 170.3563 (160.0090)  time: 1.9869 (1.9845 -- 1.9886)  data: 0.0001 (0.0001 -- 0.0005)  max mem: 54947
Epoch: [40]  [100/127]  eta: 0:00:53  lr: 0.000100  loss: 1071.3350 (1249.0722)  geo_km: 161.0136 (161.9768)  time: 1.9863 (1.9848 -- 1.9883)  data: 0.0001 (0.0001 -- 0.0005)  max mem: 54947
Epoch: [40]  [120/127]  eta: 0:00:13  lr: 0.000100  loss: 826.0093 (1228.3562)  geo_km: 153.9983 (161.2331)  time: 1.9870 (1.9844 -- 1.9903)  data: 0.0002 (0.0001 -- 0.0006)  max mem: 54947
Epoch: [40]  [126/127]  eta: 0:00:01  lr: 0.000100  loss: 1178.7539 (1244.8456)  geo_km: 171.0282 (161.8966)  time: 1.9863 (1.9829 -- 1.9903)  data: 0.0001 (0.0001 -- 0.0006)  max mem: 54947
Epoch: [40] Total time: 0:04:12 (1.9871 s / it)
train step
Test:  [0/5]  eta: 0:00:03  loss: 2524.4365 (2524.4365)  geo_km: 252.6927 (252.6927)  time: 0.7694 (0.7694 -- 0.7694)  data: 0.1651 (0.1651 -- 0.1651)  max mem: 54947
Test:  [4/5]  eta: 0:00:00  loss: 1094.4644 (1249.3005)  geo_km: 175.2712 (174.8720)  time: 0.6358 (0.6010 -- 0.7694)  data: 0.0331 (0.0001 -- 0.1651)  max mem: 54947
Test: Total time: 0:00:03 (0.6360 s / it)
Test:  [0/6]  eta: 0:00:04  loss: 5838.5439 (5838.5439)  geo_km: 258.2193 (258.2193)  time: 0.7387 (0.7387 -- 0.7387)  data: 0.1311 (0.1311 -- 0.1311)  max mem: 54947
Test:  [5/6]  eta: 0:00:00  loss: 292.7426 (1278.2400)  geo_km: 104.7263 (117.9062)  time: 0.6275 (0.6030 -- 0.7387)  data: 0.0219 (0.0001 -- 0.1311)  max mem: 54947
Test: Total time: 0:00:03 (0.6276 s / it)
eval step
[INFO] Best checkpoint saved at ./output/checkpoint-tracking-best.pth
start epoch41
Epoch: [41]  [  0/127]  eta: 0:04:14  lr: 0.000100  loss: 1193.4073 (1193.4073)  geo_km: 189.5748 (189.5748)  time: 2.0059 (2.0059 -- 2.0059)  data: 0.1194 (0.1194 -- 0.1194)  max mem: 54947
